{
  "stats": {
    "suites": 1,
    "tests": 18,
    "passes": 18,
    "pending": 0,
    "failures": 0,
    "start": "2023-08-08T09:57:12.388Z",
    "end": "2023-08-08T10:04:54.501Z",
    "duration": 462113,
    "testsRegistered": 18,
    "passPercent": 100,
    "pendingPercent": 0,
    "other": 0,
    "hasOther": false,
    "skipped": 0,
    "hasSkipped": false
  },
  "results": [
    {
      "uuid": "6e33708b-45e2-4609-b5ae-5d0d41030edb",
      "title": "",
      "fullFile": "cypress\\e2e\\admission.spec.cy.ts",
      "file": "cypress\\e2e\\admission.spec.cy.ts",
      "beforeHooks": [],
      "afterHooks": [],
      "tests": [],
      "suites": [
        {
          "uuid": "8b78c0d1-e39a-4aab-ac1a-0d2c4ac6074d",
          "title": "Admission feature Test",
          "fullFile": "",
          "file": "",
          "beforeHooks": [],
          "afterHooks": [],
          "tests": [
            {
              "title": "should navigate to admissions page successfully ",
              "fullTitle": "Admission feature Test should navigate to admissions page successfully ",
              "timedOut": null,
              "duration": 77162,
              "state": "passed",
              "speed": "slow",
              "pass": true,
              "fail": false,
              "pending": false,
              "context": "{\n  \"title\": \"cypress-mochawesome-reporter-videos\",\n  \"value\": \"cypress\\\\e2e\\\\admission.spec.cy.ts\"\n}",
              "code": "cy.visit('/admissions');\ncy.url().should('include', '/admissions');\ncy.get('a[href=\"/ctng4/admissions/seatMatrix/add\"]').should('exist');\ncy.get('a[href=\"/ctng4/admissions/seatMatrix/manage\"]').should('exist');\ncy.get('a[href=\"/ctng4/admissions/applications/manage\"]').should('exist');\ncy.get('a[href=\"/ctng4/admissions/shortlists/manage\"]').should('exist');",
              "err": {},
              "uuid": "a1fb6bc4-a0dc-4990-9373-5c379d42cc6c",
              "parentUUID": "8b78c0d1-e39a-4aab-ac1a-0d2c4ac6074d",
              "isHook": false,
              "skipped": false
            },
            {
              "title": " should navigate to seatmatrix add page successfully",
              "fullTitle": "Admission feature Test  should navigate to seatmatrix add page successfully",
              "timedOut": null,
              "duration": 16726,
              "state": "passed",
              "speed": "slow",
              "pass": true,
              "fail": false,
              "pending": false,
              "context": "{\n  \"title\": \"cypress-mochawesome-reporter-videos\",\n  \"value\": \"cypress\\\\e2e\\\\admission.spec.cy.ts\"\n}",
              "code": "cy.visit('/admissions');\ncy.get('a[href=\"/ctng4/admissions/seatMatrix/add\"]').click({ multiple: true });\ncy.url().should('include', '/seatMatrix/add');\ncy.contains('Course / Degree').should('exist');\ncy.get('select[name=\"course\"]').should('exist');\ncy.contains('Total Seats').should('exist');\ncy.get('input[name=\"seatsNo\"]').should('exist');",
              "err": {},
              "uuid": "f4bbf2ed-dad3-4bf8-b745-06be7f8e6833",
              "parentUUID": "8b78c0d1-e39a-4aab-ac1a-0d2c4ac6074d",
              "isHook": false,
              "skipped": false
            },
            {
              "title": "When user select course from Course / Degree dropdown ,selected course should show ",
              "fullTitle": "Admission feature Test When user select course from Course / Degree dropdown ,selected course should show ",
              "timedOut": null,
              "duration": 20764,
              "state": "passed",
              "speed": "slow",
              "pass": true,
              "fail": false,
              "pending": false,
              "context": "{\n  \"title\": \"cypress-mochawesome-reporter-videos\",\n  \"value\": \"cypress\\\\e2e\\\\admission.spec.cy.ts\"\n}",
              "code": "cy.visit('/admissions');\ncy.get('a[href=\"/ctng4/admissions/seatMatrix/add\"]').click({ multiple: true });\ncy.contains('Course / Degree').should('exist');\ncy.get('select[name=\"course\"]').should('exist');\ncy.get('select').select('B.Com 2').should('have.value', 'B.Com 2'); // select option based on value",
              "err": {},
              "uuid": "9d8be2f7-24c8-46d6-8b86-cc07f9d74326",
              "parentUUID": "8b78c0d1-e39a-4aab-ac1a-0d2c4ac6074d",
              "isHook": false,
              "skipped": false
            },
            {
              "title": "When click on Shortlists should navigate to Shortlists page successfully ",
              "fullTitle": "Admission feature Test When click on Shortlists should navigate to Shortlists page successfully ",
              "timedOut": null,
              "duration": 16708,
              "state": "passed",
              "speed": "slow",
              "pass": true,
              "fail": false,
              "pending": false,
              "context": "{\n  \"title\": \"cypress-mochawesome-reporter-videos\",\n  \"value\": \"cypress\\\\e2e\\\\admission.spec.cy.ts\"\n}",
              "code": "cy.visit('/admissions');\ncy.get('a[href=\"/ctng4/admissions/shortlists/manage\"]').click();\ncy.url().should('include', 'shortlists/manage');",
              "err": {},
              "uuid": "5002ab45-e3f2-46e7-8f83-fa30ae00dcd7",
              "parentUUID": "8b78c0d1-e39a-4aab-ac1a-0d2c4ac6074d",
              "isHook": false,
              "skipped": false
            },
            {
              "title": "When click on applications should navigate to applications/manage page successfully ",
              "fullTitle": "Admission feature Test When click on applications should navigate to applications/manage page successfully ",
              "timedOut": null,
              "duration": 21470,
              "state": "passed",
              "speed": "slow",
              "pass": true,
              "fail": false,
              "pending": false,
              "context": "{\n  \"title\": \"cypress-mochawesome-reporter-videos\",\n  \"value\": \"cypress\\\\e2e\\\\admission.spec.cy.ts\"\n}",
              "code": "cy.visit('/admissions');\ncy.get('a[href=\"/ctng4/admissions/applications/manage\"]').click();\ncy.url().should('include', 'applications/manage');",
              "err": {},
              "uuid": "165ea14c-8d5e-42f3-8d49-60504dce1533",
              "parentUUID": "8b78c0d1-e39a-4aab-ac1a-0d2c4ac6074d",
              "isHook": false,
              "skipped": false
            },
            {
              "title": " should navigate to seatmatrix add page successfully",
              "fullTitle": "Admission feature Test  should navigate to seatmatrix add page successfully",
              "timedOut": null,
              "duration": 28210,
              "state": "passed",
              "speed": "slow",
              "pass": true,
              "fail": false,
              "pending": false,
              "context": "{\n  \"title\": \"cypress-mochawesome-reporter-videos\",\n  \"value\": \"cypress\\\\e2e\\\\admission.spec.cy.ts\"\n}",
              "code": "cy.visit('/admissions');\ncy.get('a[href=\"/ctng4/admissions/seatMatrix/add\"]').click();\ncy.contains('Course / Degree').should('exist');\ncy.get('select').select('B.Com 2').should('have.value', 'B.Com 2');\ncy.contains('Total Seats').should('exist');\ncy.get('input[name=\"seatsNo\"]').should('exist');",
              "err": {},
              "uuid": "10ccaee7-69f3-4468-9134-ee7f3225a21a",
              "parentUUID": "8b78c0d1-e39a-4aab-ac1a-0d2c4ac6074d",
              "isHook": false,
              "skipped": false
            },
            {
              "title": "user should able to enter Total seat",
              "fullTitle": "Admission feature Test user should able to enter Total seat",
              "timedOut": null,
              "duration": 23345,
              "state": "passed",
              "speed": "slow",
              "pass": true,
              "fail": false,
              "pending": false,
              "context": "{\n  \"title\": \"cypress-mochawesome-reporter-videos\",\n  \"value\": \"cypress\\\\e2e\\\\admission.spec.cy.ts\"\n}",
              "code": "cy.visit('/admissions');\ncy.get('a[href=\"/ctng4/admissions/seatMatrix/add\"]').click();\ncy.contains('Course / Degree').should('exist');\ncy.contains('Total Seats').should('exist');\ncy.get('input[name=\"seatsNo\"]').type(string);",
              "err": {},
              "uuid": "bf6aaf42-c0ca-4955-b33a-c10d2899ad93",
              "parentUUID": "8b78c0d1-e39a-4aab-ac1a-0d2c4ac6074d",
              "isHook": false,
              "skipped": false
            },
            {
              "title": " Break up text should visible",
              "fullTitle": "Admission feature Test  Break up text should visible",
              "timedOut": null,
              "duration": 21158,
              "state": "passed",
              "speed": "slow",
              "pass": true,
              "fail": false,
              "pending": false,
              "context": "{\n  \"title\": \"cypress-mochawesome-reporter-videos\",\n  \"value\": \"cypress\\\\e2e\\\\admission.spec.cy.ts\"\n}",
              "code": "cy.visit('/admissions');\ncy.get('a[href=\"/ctng4/admissions/seatMatrix/add\"]').click();\ncy.get('label:contains(Breakup)').should('be.visible');",
              "err": {},
              "uuid": "30ae45e0-33ec-43b6-9a92-35dc4adaf643",
              "parentUUID": "8b78c0d1-e39a-4aab-ac1a-0d2c4ac6074d",
              "isHook": false,
              "skipped": false
            },
            {
              "title": "user should able to enter GM seats",
              "fullTitle": "Admission feature Test user should able to enter GM seats",
              "timedOut": null,
              "duration": 23997,
              "state": "passed",
              "speed": "slow",
              "pass": true,
              "fail": false,
              "pending": false,
              "context": "{\n  \"title\": \"cypress-mochawesome-reporter-videos\",\n  \"value\": \"cypress\\\\e2e\\\\admission.spec.cy.ts\"\n}",
              "code": "cy.visit('/admissions');\ncy.get('a[href=\"/ctng4/admissions/seatMatrix/add\"]').click();\ncy.get('input[name=\"seatsNo\"]').type(string);\ncy.get('input[ng-reflect-model=\"GM\"]').should('exist').parent().next().children('input[type=\"text\"]').type('15');",
              "err": {},
              "uuid": "e7fa6f19-ec25-45b8-8f54-00d84d6ad138",
              "parentUUID": "8b78c0d1-e39a-4aab-ac1a-0d2c4ac6074d",
              "isHook": false,
              "skipped": false
            },
            {
              "title": "user should able to enter OBC seats",
              "fullTitle": "Admission feature Test user should able to enter OBC seats",
              "timedOut": null,
              "duration": 23866,
              "state": "passed",
              "speed": "slow",
              "pass": true,
              "fail": false,
              "pending": false,
              "context": "{\n  \"title\": \"cypress-mochawesome-reporter-videos\",\n  \"value\": \"cypress\\\\e2e\\\\admission.spec.cy.ts\"\n}",
              "code": "cy.visit('/admissions');\ncy.get('a[href=\"/ctng4/admissions/seatMatrix/add\"]').click();\ncy.get('input[name=\"seatsNo\"]').type(string);\ncy.get('input[ng-reflect-model=\"GM\"]').should('exist').parent().next().children('input[type=\"text\"]').type('15');\ncy.get('input[ng-reflect-model=\"OBC\"]').should('exist').parent().next().children('input[type=\"text\"]').type('10');",
              "err": {},
              "uuid": "77fc5df2-b360-43f0-b5f5-9d2fa62fa3a5",
              "parentUUID": "8b78c0d1-e39a-4aab-ac1a-0d2c4ac6074d",
              "isHook": false,
              "skipped": false
            },
            {
              "title": "user should able to enter SC seats",
              "fullTitle": "Admission feature Test user should able to enter SC seats",
              "timedOut": null,
              "duration": 23085,
              "state": "passed",
              "speed": "slow",
              "pass": true,
              "fail": false,
              "pending": false,
              "context": "{\n  \"title\": \"cypress-mochawesome-reporter-videos\",\n  \"value\": \"cypress\\\\e2e\\\\admission.spec.cy.ts\"\n}",
              "code": "cy.visit('/admissions');\ncy.get('a[href=\"/ctng4/admissions/seatMatrix/add\"]').click();\ncy.get('input[name=\"seatsNo\"]').type(string);\ncy.get('input[ng-reflect-model=\"GM\"]').should('exist').parent().next().children('input[type=\"text\"]').type('15');\ncy.get('input[ng-reflect-model=\"OBC\"]').should('exist').parent().next().children('input[type=\"text\"]').type('10');\ncy.get('input[ng-reflect-model=\"SC\"]').should('exist').parent().next().children('input[type=\"text\"]').type('8');",
              "err": {},
              "uuid": "42d30b83-3dc6-41eb-af89-d0ade17e818e",
              "parentUUID": "8b78c0d1-e39a-4aab-ac1a-0d2c4ac6074d",
              "isHook": false,
              "skipped": false
            },
            {
              "title": "user should able to enter ST seats",
              "fullTitle": "Admission feature Test user should able to enter ST seats",
              "timedOut": null,
              "duration": 25070,
              "state": "passed",
              "speed": "slow",
              "pass": true,
              "fail": false,
              "pending": false,
              "context": "{\n  \"title\": \"cypress-mochawesome-reporter-videos\",\n  \"value\": \"cypress\\\\e2e\\\\admission.spec.cy.ts\"\n}",
              "code": "cy.visit('/admissions');\ncy.get('a[href=\"/ctng4/admissions/seatMatrix/add\"]').click();\ncy.get('input[name=\"seatsNo\"]').type(string);\ncy.get('input[ng-reflect-model=\"GM\"]').should('exist').parent().next().children('input[type=\"text\"]').type('15');\ncy.get('input[ng-reflect-model=\"OBC\"]').should('exist').parent().next().children('input[type=\"text\"]').type('10');\ncy.get('input[ng-reflect-model=\"SC\"]').should('exist').parent().next().children('input[type=\"text\"]').type('8');\ncy.get('input[ng-reflect-model=\"ST\"]').should('exist').parent().next().children('input[type=\"text\"]').type('8');",
              "err": {},
              "uuid": "85a5cc33-ef79-449a-bbb3-d9f8e32a9eee",
              "parentUUID": "8b78c0d1-e39a-4aab-ac1a-0d2c4ac6074d",
              "isHook": false,
              "skipped": false
            },
            {
              "title": "user click on Save seat matrix should get saved",
              "fullTitle": "Admission feature Test user click on Save seat matrix should get saved",
              "timedOut": null,
              "duration": 28291,
              "state": "passed",
              "speed": "slow",
              "pass": true,
              "fail": false,
              "pending": false,
              "context": "{\n  \"title\": \"cypress-mochawesome-reporter-videos\",\n  \"value\": \"cypress\\\\e2e\\\\admission.spec.cy.ts\"\n}",
              "code": "cy.visit('/admissions');\ncy.get('a[href=\"/ctng4/admissions/seatMatrix/add\"]').click();\ncy.get('input[name=\"seatsNo\"]').type(string);\ncy.get('input[ng-reflect-model=\"GM\"]').should('exist').parent().next().children('input[type=\"text\"]').type('15');\ncy.get('input[ng-reflect-model=\"OBC\"]').should('exist').parent().next().children('input[type=\"text\"]').type('10');\ncy.get('input[ng-reflect-model=\"SC\"]').should('exist').parent().next().children('input[type=\"text\"]').type('8');\ncy.get('input[ng-reflect-model=\"ST\"]').should('exist').parent().next().children('input[type=\"text\"]').type('8');\ncy.get('button:contains(Save)').click();",
              "err": {},
              "uuid": "97d3b092-8948-469c-8204-54fe92aad84a",
              "parentUUID": "8b78c0d1-e39a-4aab-ac1a-0d2c4ac6074d",
              "isHook": false,
              "skipped": false
            },
            {
              "title": "when user click on seatMatrix manage link,user should navigate to seat matrix/manage page",
              "fullTitle": "Admission feature Test when user click on seatMatrix manage link,user should navigate to seat matrix/manage page",
              "timedOut": null,
              "duration": 18354,
              "state": "passed",
              "speed": "slow",
              "pass": true,
              "fail": false,
              "pending": false,
              "context": "{\n  \"title\": \"cypress-mochawesome-reporter-videos\",\n  \"value\": \"cypress\\\\e2e\\\\admission.spec.cy.ts\"\n}",
              "code": "cy.visit('/admissions');\ncy.get('a[href=\"/ctng4/admissions/seatMatrix/manage\"]').click();\ncy.url().should('include', '/seatMatrix/manage');\ncy.get('thead tr').should('contain', 'Course / Degree').should('contain', 'Seats available').should('contain', 'Total number of seats').should('contain', 'Beakup');",
              "err": {},
              "uuid": "0e3f172a-e672-446c-8c12-2014045dd0b3",
              "parentUUID": "8b78c0d1-e39a-4aab-ac1a-0d2c4ac6074d",
              "isHook": false,
              "skipped": false
            },
            {
              "title": "when the user clicks on course /degree name navigate to seat matrix/manage page and when updates the seat matrix and clicks on the update button seat matrix should get updated",
              "fullTitle": "Admission feature Test when the user clicks on course /degree name navigate to seat matrix/manage page and when updates the seat matrix and clicks on the update button seat matrix should get updated",
              "timedOut": null,
              "duration": 20634,
              "state": "passed",
              "speed": "slow",
              "pass": true,
              "fail": false,
              "pending": false,
              "context": "{\n  \"title\": \"cypress-mochawesome-reporter-videos\",\n  \"value\": \"cypress\\\\e2e\\\\admission.spec.cy.ts\"\n}",
              "code": "cy.visit('/admissions');\ncy.get('a[href=\"/ctng4/admissions/seatMatrix/manage\"]').click();\ncy.contains('a', 'MBA').click();\ncy.url().should('include', '/seatMatrix/edit');\n//cy.get('input[name=\"seatsNo\"]').clear().type('15')\ncy.get('label:contains(Total Seats)').parent().next().children('input[name=\"seatsNo\"]').clear().type('15');\ncy.get('button:contains(Update)').should('exist').should('be.enabled').click();",
              "err": {},
              "uuid": "bc3e34b9-ba5e-4ae9-9906-8e49e6ca14ae",
              "parentUUID": "8b78c0d1-e39a-4aab-ac1a-0d2c4ac6074d",
              "isHook": false,
              "skipped": false
            },
            {
              "title": "Verify back button in seat matrix feature",
              "fullTitle": "Admission feature Test Verify back button in seat matrix feature",
              "timedOut": null,
              "duration": 28171,
              "state": "passed",
              "speed": "slow",
              "pass": true,
              "fail": false,
              "pending": false,
              "context": "{\n  \"title\": \"cypress-mochawesome-reporter-videos\",\n  \"value\": \"cypress\\\\e2e\\\\admission.spec.cy.ts\"\n}",
              "code": "cy.visit('/admissions');\ncy.get('a[href=\"/ctng4/admissions/seatMatrix/add\"]').click();\ncy.url().should('eq', Cypress.config().baseUrl + '/admissions/seatMatrix/add');\ncy.contains('Back').should('exist').click();\ncy.url().should('eq', Cypress.config().baseUrl + '/admissions');\ncy.get('a[href=\"/ctng4/admissions/seatMatrix/manage\"]').click();\ncy.url().should('eq', Cypress.config().baseUrl + '/admissions/seatMatrix/manage');\ncy.get('th:contains(Course / Degree)').parents('thead').next('tbody').children('tr').first().find('a:contains(MBA)').click();\ncy.url().should('eq', Cypress.config().baseUrl + '/admissions/seatMatrix/edit');\ncy.contains('Back').should('exist').click();\ncy.url().should('eq', Cypress.config().baseUrl + '/admissions/seatMatrix/manage');\ncy.contains('Back').should('exist').click();\ncy.url().should('eq', Cypress.config().baseUrl + '/admissions');",
              "err": {},
              "uuid": "0e905813-d753-4897-9edc-0e07f8a4ac70",
              "parentUUID": "8b78c0d1-e39a-4aab-ac1a-0d2c4ac6074d",
              "isHook": false,
              "skipped": false
            },
            {
              "title": "Verify back button in seat Application feature",
              "fullTitle": "Admission feature Test Verify back button in seat Application feature",
              "timedOut": null,
              "duration": 20685,
              "state": "passed",
              "speed": "slow",
              "pass": true,
              "fail": false,
              "pending": false,
              "context": "{\n  \"title\": \"cypress-mochawesome-reporter-videos\",\n  \"value\": \"cypress\\\\e2e\\\\admission.spec.cy.ts\"\n}",
              "code": "cy.visit('/admissions');\ncy.get('a[href=\"/ctng4/admissions/applications/manage\"]').click();\ncy.url().should('eq', Cypress.config().baseUrl + '/admissions/applications/manage');\ncy.contains('Back').should('exist').click();\ncy.url().should('eq', Cypress.config().baseUrl + '/admissions');",
              "err": {},
              "uuid": "b2a4f614-9032-4aa7-ad8e-a7b46ace71cf",
              "parentUUID": "8b78c0d1-e39a-4aab-ac1a-0d2c4ac6074d",
              "isHook": false,
              "skipped": false
            },
            {
              "title": "Verify back button in seat Shortlist feature",
              "fullTitle": "Admission feature Test Verify back button in seat Shortlist feature",
              "timedOut": null,
              "duration": 22813,
              "state": "passed",
              "speed": "slow",
              "pass": true,
              "fail": false,
              "pending": false,
              "context": "{\n  \"title\": \"cypress-mochawesome-reporter-videos\",\n  \"value\": \"cypress\\\\e2e\\\\admission.spec.cy.ts\"\n}",
              "code": "cy.visit('/admissions');\ncy.get('a[href=\"/ctng4/admissions/shortlists/manage\"]').click();\ncy.url().should('eq', Cypress.config().baseUrl + '/admissions/shortlists/manage');\ncy.contains('Back').should('exist').click();\ncy.url().should('eq', Cypress.config().baseUrl + '/admissions');",
              "err": {},
              "uuid": "2b3d6967-1b09-4c98-96ae-c15959c378be",
              "parentUUID": "8b78c0d1-e39a-4aab-ac1a-0d2c4ac6074d",
              "isHook": false,
              "skipped": false
            }
          ],
          "suites": [],
          "passes": [
            "a1fb6bc4-a0dc-4990-9373-5c379d42cc6c",
            "f4bbf2ed-dad3-4bf8-b745-06be7f8e6833",
            "9d8be2f7-24c8-46d6-8b86-cc07f9d74326",
            "5002ab45-e3f2-46e7-8f83-fa30ae00dcd7",
            "165ea14c-8d5e-42f3-8d49-60504dce1533",
            "10ccaee7-69f3-4468-9134-ee7f3225a21a",
            "bf6aaf42-c0ca-4955-b33a-c10d2899ad93",
            "30ae45e0-33ec-43b6-9a92-35dc4adaf643",
            "e7fa6f19-ec25-45b8-8f54-00d84d6ad138",
            "77fc5df2-b360-43f0-b5f5-9d2fa62fa3a5",
            "42d30b83-3dc6-41eb-af89-d0ade17e818e",
            "85a5cc33-ef79-449a-bbb3-d9f8e32a9eee",
            "97d3b092-8948-469c-8204-54fe92aad84a",
            "0e3f172a-e672-446c-8c12-2014045dd0b3",
            "bc3e34b9-ba5e-4ae9-9906-8e49e6ca14ae",
            "0e905813-d753-4897-9edc-0e07f8a4ac70",
            "b2a4f614-9032-4aa7-ad8e-a7b46ace71cf",
            "2b3d6967-1b09-4c98-96ae-c15959c378be"
          ],
          "failures": [],
          "pending": [],
          "skipped": [],
          "duration": 460509,
          "root": false,
          "rootEmpty": false,
          "_timeout": 2000
        }
      ],
      "passes": [],
      "failures": [],
      "pending": [],
      "skipped": [],
      "duration": 0,
      "root": true,
      "rootEmpty": true,
      "_timeout": 2000
    }
  ],
  "meta": {
    "mocha": {
      "version": "7.0.1"
    },
    "mochawesome": {
      "options": {
        "quiet": false,
        "reportFilename": "mochawesome",
        "saveHtml": false,
        "saveJson": true,
        "consoleReporter": "spec",
        "useInlineDiffs": false,
        "code": true
      },
      "version": "7.1.3"
    },
    "marge": {
      "options": {
        "id": "default",
        "reportDir": "cypress/reports/mocha",
        "charts": true,
        "reportPageTitle": "Campus Track Test Reporter-svc",
        "inlineAssets": true,
        "quite": true,
        "overwrite": false,
        "html": false,
        "json": true
      },
      "version": "6.2.0"
    }
  }
}