{
  "stats": {
    "suites": 1,
    "tests": 39,
    "passes": 26,
    "pending": 0,
    "failures": 13,
    "start": "2023-08-08T09:33:36.232Z",
    "end": "2023-08-08T09:50:14.642Z",
    "duration": 998410,
    "testsRegistered": 39,
    "passPercent": 66.66666666666666,
    "pendingPercent": 0,
    "other": 0,
    "hasOther": false,
    "skipped": 0,
    "hasSkipped": false
  },
  "results": [
    {
      "uuid": "723aac38-1fdd-4fdc-8020-0dc0c20d2add",
      "title": "",
      "fullFile": "cypress\\e2e\\academics.spec.cy.ts",
      "file": "cypress\\e2e\\academics.spec.cy.ts",
      "beforeHooks": [],
      "afterHooks": [],
      "tests": [],
      "suites": [
        {
          "uuid": "56d58462-0b92-47e2-9461-0fb90baa0e08",
          "title": "Academics feature Test",
          "fullFile": "",
          "file": "",
          "beforeHooks": [],
          "afterHooks": [],
          "tests": [
            {
              "title": "When user click on academics link should navigate to academics page successfully ",
              "fullTitle": "Academics feature Test When user click on academics link should navigate to academics page successfully ",
              "timedOut": null,
              "duration": 63336,
              "state": "passed",
              "speed": "slow",
              "pass": true,
              "fail": false,
              "pending": false,
              "context": "{\n  \"title\": \"cypress-mochawesome-reporter-videos\",\n  \"value\": \"cypress\\\\e2e\\\\academics.spec.cy.ts\"\n}",
              "code": "cy.visit('/academics');\ncy.url().should('include', '/academics');\ncy.contains('Attendance').should('be.visible');\ncy.get('a[href=\"/ctng4/academics/attendance\"]').should('exist');\ncy.contains('Calendar').should('be.visible');\ncy.get('a[href=\"/ctng4/academics/calendar/events\"]').should('exist').parent().prev().find('a[href=\"/ctng4/academics/calendar/manage\"]').should('exist');\ncy.contains('Exam').should('be.visible');\ncy.get('a[href=\"/ctng4/academics/exam\"]').should('exist');\ncy.contains('Timetable').should('be.visible');\ncy.get('a[href=\"/ctng4/academics/timetable\"]').should('exist');",
              "err": {},
              "uuid": "8a28d43c-515e-48e2-b01f-3037d3e0ab98",
              "parentUUID": "56d58462-0b92-47e2-9461-0fb90baa0e08",
              "isHook": false,
              "skipped": false
            },
            {
              "title": "when user click on attendance add link ,should navigate to attendance add  page successfully ",
              "fullTitle": "Academics feature Test when user click on attendance add link ,should navigate to attendance add  page successfully ",
              "timedOut": null,
              "duration": 27597,
              "state": "failed",
              "speed": null,
              "pass": false,
              "fail": true,
              "pending": false,
              "context": null,
              "code": "cy.visit('/academics');\ncy.get('a[href=\"/ctng4/academics/attendance\"]').click();\ncy.url().should('contain', '/attendance');\ncy.contains('Attendance for course : ').should('be.visible');\ncy.get('a[class=\"dropdown-toggle\"]').should('exist');",
              "err": {
                "message": "CypressError: Timed out retrying after 4050ms: `cy.click()` failed because this element:\n\n`<a _ngcontent-c6=\"\" ng-reflect-router-link=\"/academics/attendance\" href=\"/ctng4/academics/attendance\">...</a>`\n\nis being covered by another element:\n\n`<div _ngcontent-c3=\"\" class=\"black-overlay\" ng-reflect-ng-style=\"[object Object]\" style=\"background-color: rgba(51, 51, 51, 0.8); position: fixed;\">...</div>`\n\nFix this problem, or use {force: true} to disable error checking.\n\nhttps://on.cypress.io/element-cannot-be-interacted-with",
                "estack": "CypressError: Timed out retrying after 4050ms: `cy.click()` failed because this element:\n\n`<a _ngcontent-c6=\"\" ng-reflect-router-link=\"/academics/attendance\" href=\"/ctng4/academics/attendance\">...</a>`\n\nis being covered by another element:\n\n`<div _ngcontent-c3=\"\" class=\"black-overlay\" ng-reflect-ng-style=\"[object Object]\" style=\"background-color: rgba(51, 51, 51, 0.8); position: fixed;\">...</div>`\n\nFix this problem, or use {force: true} to disable error checking.\n\nhttps://on.cypress.io/element-cannot-be-interacted-with\n    at ensureIsDescendent (https://svc.campustrack.net/__cypress/runner/cypress_runner.js:139649:76)\n    at ensureDescendents (https://svc.campustrack.net/__cypress/runner/cypress_runner.js:139700:5)\n    at ensureDescendentsAndScroll (https://svc.campustrack.net/__cypress/runner/cypress_runner.js:139706:14)\n    at ensureElIsNotCovered (https://svc.campustrack.net/__cypress/runner/cypress_runner.js:139837:5)\n    at runAllChecks (https://svc.campustrack.net/__cypress/runner/cypress_runner.js:140017:52)\n    at retryActionability (https://svc.campustrack.net/__cypress/runner/cypress_runner.js:140054:16)\n    at tryCatcher (https://svc.campustrack.net/__cypress/runner/cypress_runner.js:18744:23)\n    at Promise.attempt.Promise.try (https://svc.campustrack.net/__cypress/runner/cypress_runner.js:16018:29)\n    at whenStable (https://svc.campustrack.net/__cypress/runner/cypress_runner.js:156168:65)\n    at <unknown> (https://svc.campustrack.net/__cypress/runner/cypress_runner.js:155609:14)\n    at tryCatcher (https://svc.campustrack.net/__cypress/runner/cypress_runner.js:18744:23)\n    at Promise._settlePromiseFromHandler (https://svc.campustrack.net/__cypress/runner/cypress_runner.js:16679:31)\n    at Promise._settlePromise (https://svc.campustrack.net/__cypress/runner/cypress_runner.js:16736:18)\n    at Promise._settlePromise0 (https://svc.campustrack.net/__cypress/runner/cypress_runner.js:16781:10)\n    at Promise._settlePromises (https://svc.campustrack.net/__cypress/runner/cypress_runner.js:16861:18)\n    at Promise._fulfill (https://svc.campustrack.net/__cypress/runner/cypress_runner.js:16805:18)\n    at <unknown> (https://svc.campustrack.net/__cypress/runner/cypress_runner.js:18419:46)\nFrom Your Spec Code:\n    at Context.eval (webpack:///./cypress/e2e/academics.spec.cy.ts:21:0)",
                "diff": null
              },
              "uuid": "abfa4339-ad55-48b0-8eeb-15559a73b968",
              "parentUUID": "56d58462-0b92-47e2-9461-0fb90baa0e08",
              "isHook": false,
              "skipped": false
            },
            {
              "title": "when user click on calender add link ,should navigate to Calendar Events Add add  page successfully ",
              "fullTitle": "Academics feature Test when user click on calender add link ,should navigate to Calendar Events Add add  page successfully ",
              "timedOut": null,
              "duration": 27029,
              "state": "passed",
              "speed": "slow",
              "pass": true,
              "fail": false,
              "pending": false,
              "context": "{\n  \"title\": \"cypress-mochawesome-reporter-videos\",\n  \"value\": \"cypress\\\\e2e\\\\academics.spec.cy.ts\"\n}",
              "code": "cy.visit('/academics');\ncy.get('a[href=\"/ctng4/academics/calendar/events\"]').click();\ncy.url().should('contain', '/calendar/events');\ncy.get('a:contains(Add New Event)').should('be.visible');\ncy.get('a:contains(Generate calendar)').should('be.visible');\ncy.get('thead tr th').should('have.length', 8).each(function (th, index) { return cy.wrap(th).should('have.text', ['Title', 'Month', 'Date', 'Day of week', 'Category', 'Priority', 'Action', 'Cron expression'][index]); });",
              "err": {},
              "uuid": "cba17d02-c3fa-43d6-8826-185d0b53f83f",
              "parentUUID": "56d58462-0b92-47e2-9461-0fb90baa0e08",
              "isHook": false,
              "skipped": false
            },
            {
              "title": "when user click on Generate calendar link ,should navigate to Calendar Manage page successfully ",
              "fullTitle": "Academics feature Test when user click on Generate calendar link ,should navigate to Calendar Manage page successfully ",
              "timedOut": null,
              "duration": 38640,
              "state": "passed",
              "speed": "slow",
              "pass": true,
              "fail": false,
              "pending": false,
              "context": "{\n  \"title\": \"cypress-mochawesome-reporter-videos\",\n  \"value\": \"cypress\\\\e2e\\\\academics.spec.cy.ts\"\n}",
              "code": "cy.visit('/academics');\ncy.get('a[href=\"/ctng4/academics/calendar/events\"]').click();\ncy.get('a:contains(Generate calendar)').click();\ncy.url().should('contain', '/calendar/manage');\ncy.get('a:contains(Manage events)').should('be.visible');\ncy.contains('Events on').should('be.visible');\ncy.get('table').should('be.visible');\ncy.get('button:contains(today)').should('exist');",
              "err": {},
              "uuid": "2ef27bb3-534a-4700-a9a7-f3f3a7437bca",
              "parentUUID": "56d58462-0b92-47e2-9461-0fb90baa0e08",
              "isHook": false,
              "skipped": false
            },
            {
              "title": "when user click on calender manage link ,should navigate to Calendar Manage page successfully ",
              "fullTitle": "Academics feature Test when user click on calender manage link ,should navigate to Calendar Manage page successfully ",
              "timedOut": null,
              "duration": 29275,
              "state": "failed",
              "speed": null,
              "pass": false,
              "fail": true,
              "pending": false,
              "context": null,
              "code": "cy.visit('/academics');\ncy.get('a[href=\"/ctng4/academics/calendar/manage\"]').click();\ncy.url().should('contain', '/calendar/manage');\ncy.get('a:contains(Manage events)').should('be.visible');\ncy.contains('Events on').should('be.visible');\ncy.get('table').should('be.visible');\ncy.get('button:contains(today)').should('exist');\ncy.get('td span').should('have.text', '2023-24Jul 2023');\ncy.get('td button:first-of-type').should('have.class', 'btn-default').and('have.attr', 'type', 'button').and('have.descendants', 'i.fa.fa-angle-left');\ncy.get('td button:last-of-type').should('have.class', 'btn-default').and('have.attr', 'type', 'button').and('have.descendants', 'i.fa.fa-angle-right');",
              "err": {
                "message": "AssertionError: Timed out retrying after 4000ms: expected '[ <span.caret>, 4 more... ]' to have text '2023-24Jul 2023', but the text was '2023-24Aug 20231. Staff Meet'",
                "estack": "AssertionError: Timed out retrying after 4000ms: expected '[ <span.caret>, 4 more... ]' to have text '2023-24Jul 2023', but the text was '2023-24Aug 20231. Staff Meet'\n    at Context.eval (webpack:///./cypress/e2e/academics.spec.cy.ts:52:0)",
                "diff": "- '2023-24Aug 20231. Staff Meet'\n+ '2023-24Jul 2023'\n"
              },
              "uuid": "f5de8480-627b-4e33-97e5-872e69b61bd1",
              "parentUUID": "56d58462-0b92-47e2-9461-0fb90baa0e08",
              "isHook": false,
              "skipped": false
            },
            {
              "title": "when user click on Exam manage link ,should navigate to Exams Manage page successfully ",
              "fullTitle": "Academics feature Test when user click on Exam manage link ,should navigate to Exams Manage page successfully ",
              "timedOut": null,
              "duration": 35452,
              "state": "passed",
              "speed": "slow",
              "pass": true,
              "fail": false,
              "pending": false,
              "context": "{\n  \"title\": \"cypress-mochawesome-reporter-videos\",\n  \"value\": \"cypress\\\\e2e\\\\academics.spec.cy.ts\"\n}",
              "code": "cy.visit('/academics');\ncy.get('a[href=\"/ctng4/academics/exam\"]').click();\ncy.url().should('contain', 'academics/exam');\ncy.get('h3').should('have.text', 'AcademicsExamsManage').and('contain', 'Academics').and('contain', 'Exams').and('contain', 'Manage');\ncy.get('input[placeholder=\"Search\"]').should('exist');\ncy.get('a:contains(Add New Exam)').should('exist');\ncy.get('label:contains(Use Grading)').should('be.visible').prev('input[type=\"checkbox\"]').check().should('be.checked');\ncy.get('a:contains(Set Grading System)').should('be.visible');\ncy.get('thead.bg-info').should('contain', 'Name').should('contain', 'Start Date').should('contain', 'Course').should('contain', 'Status').should('contain', 'Actions');",
              "err": {},
              "uuid": "4b8ffca0-1a8d-4297-8acb-75de5a275a55",
              "parentUUID": "56d58462-0b92-47e2-9461-0fb90baa0e08",
              "isHook": false,
              "skipped": false
            },
            {
              "title": "when user click on TimTable manage link ,should navigate to Timetable Manage page successfully ",
              "fullTitle": "Academics feature Test when user click on TimTable manage link ,should navigate to Timetable Manage page successfully ",
              "timedOut": null,
              "duration": 26283,
              "state": "passed",
              "speed": "slow",
              "pass": true,
              "fail": false,
              "pending": false,
              "context": "{\n  \"title\": \"cypress-mochawesome-reporter-videos\",\n  \"value\": \"cypress\\\\e2e\\\\academics.spec.cy.ts\"\n}",
              "code": "cy.visit('/academics');\ncy.get('a[href=\"/ctng4/academics/timetable\"]').click();\ncy.url().should('contain', 'academics/timetable');\ncy.get('h3').should('have.text', 'AcademicsTimetableManage').and('contain', 'Academics').and('contain', 'Timetable').and('contain', 'Manage');\ncy.get('thead').find('th').should('have.length', 2).first().should('have.text', 'Course');\ncy.get('thead').find('th').last().should('have.text', 'Manage');",
              "err": {},
              "uuid": "05efa2e5-5039-41f8-b4fc-abe35fc01bd8",
              "parentUUID": "56d58462-0b92-47e2-9461-0fb90baa0e08",
              "isHook": false,
              "skipped": false
            },
            {
              "title": "when user click on Manage events link ,should navigate to Calendar Events add page successfully ",
              "fullTitle": "Academics feature Test when user click on Manage events link ,should navigate to Calendar Events add page successfully ",
              "timedOut": null,
              "duration": 32596,
              "state": "passed",
              "speed": "slow",
              "pass": true,
              "fail": false,
              "pending": false,
              "context": "{\n  \"title\": \"cypress-mochawesome-reporter-videos\",\n  \"value\": \"cypress\\\\e2e\\\\academics.spec.cy.ts\"\n}",
              "code": "cy.visit('/academics');\ncy.get('a[href=\"/ctng4/academics/calendar/manage\"]').click();\ncy.get('a:contains(Manage events)').click();\ncy.url().should('contain', '/academics/calendar/events');\ncy.get('h3').should('have.text', 'AcademicsCalendarEventsAdd');\ncy.get('a:contains(Add New Event)').should('be.visible');\ncy.get('a:contains(Generate calendar)').should('be.visible');\ncy.get('thead').find('th').should('have.length', 8).each(function ($th, index) { return expect($th).to.contain(['Title', 'Month', 'Date', 'Day of week', 'Category', 'Priority', 'Action', 'Cron expression'][index]); });",
              "err": {},
              "uuid": "6d0b5079-514c-4bc8-ad30-bf1f61157c3e",
              "parentUUID": "56d58462-0b92-47e2-9461-0fb90baa0e08",
              "isHook": false,
              "skipped": false
            },
            {
              "title": "when user click on Add New Event link ,new row should display in table",
              "fullTitle": "Academics feature Test when user click on Add New Event link ,new row should display in table",
              "timedOut": null,
              "duration": 44097,
              "state": "passed",
              "speed": "slow",
              "pass": true,
              "fail": false,
              "pending": false,
              "context": "{\n  \"title\": \"cypress-mochawesome-reporter-videos\",\n  \"value\": \"cypress\\\\e2e\\\\academics.spec.cy.ts\"\n}",
              "code": "cy.visit('/academics');\ncy.get('a[href=\"/ctng4/academics/calendar/events\"]').click();\ncy.wait(5000);\ncy.get('a:contains(Add New Event)').click({ force: true });\ncy.get('a:contains(Cancel)').should('be.visible').parents('td').prev().find('input[type=\"number\"]').should('exist').parent().prev().find('select').should('exist').parents('td').prev().find('a[class=\"dropdown-toggle\"]').should('exist').children('span:contains(Any)').should('be.visible').parents('td').prev().find('a[class=\"dropdown-toggle\"]').should('exist').children('span').find('span:contains( Every )').should('be.visible').parents('td').prev().find('a[class=\"dropdown-toggle\"]').should('exist').parents('td').prev().find('input[type=\"text\"]').should('exist');",
              "err": {},
              "uuid": "014a7b8d-3471-4623-96a9-959fc6eee83e",
              "parentUUID": "56d58462-0b92-47e2-9461-0fb90baa0e08",
              "isHook": false,
              "skipped": false
            },
            {
              "title": "when user click on Remove link ,Selected Event should be removed from table",
              "fullTitle": "Academics feature Test when user click on Remove link ,Selected Event should be removed from table",
              "timedOut": null,
              "duration": 42997,
              "state": "passed",
              "speed": "slow",
              "pass": true,
              "fail": false,
              "pending": false,
              "context": "{\n  \"title\": \"cypress-mochawesome-reporter-videos\",\n  \"value\": \"cypress\\\\e2e\\\\academics.spec.cy.ts\"\n}",
              "code": "cy.visit('/academics');\ncy.get('a[href=\"/ctng4/academics/calendar/events\"]').click();\ncy.wait(5000);\ncy.get('a:contains(Add New Event)').click({ force: true });\ncy.get('a:contains(Cancel)').should('be.visible').parents('td').prev().find('input[type=\"number\"]').type('1').parent().prev().find('select').should('exist').parents('td').prev().find('a[class=\"dropdown-toggle\"]').should('exist').children('span:contains(Any)').parents('td').prev().find('a[class=\"dropdown-toggle\"]').should('exist').parents('td').prev().find('a[class=\"dropdown-toggle\"]').should('exist').parents('td').prev().find('input[type=\"text\"]').type('Test');\ncy.get('a:contains(Cancel)').prev().find('a:contains(Save)').click();\ncy.contains('tr', 'Test').within(function () { cy.contains('a', 'Remove').click(); });",
              "err": {},
              "uuid": "539e46cb-3d45-438b-90eb-067c919aeebd",
              "parentUUID": "56d58462-0b92-47e2-9461-0fb90baa0e08",
              "isHook": false,
              "skipped": false
            },
            {
              "title": "when user try to craete a event with name which is already name of another event then Event already exists error message should display",
              "fullTitle": "Academics feature Test when user try to craete a event with name which is already name of another event then Event already exists error message should display",
              "timedOut": null,
              "duration": 39581,
              "state": "passed",
              "speed": "slow",
              "pass": true,
              "fail": false,
              "pending": false,
              "context": "{\n  \"title\": \"cypress-mochawesome-reporter-videos\",\n  \"value\": \"cypress\\\\e2e\\\\academics.spec.cy.ts\"\n}",
              "code": "cy.visit('/academics');\ncy.get('a[href=\"/ctng4/academics/calendar/events\"]').click();\ncy.wait(5000);\ncy.get('a:contains(Add New Event)').click();\ncy.get('a:contains(Cancel)').should('be.visible').parents('td').prev().find('input[type=\"number\"]').type('1').parent().prev().find('select').should('exist').parents('td').prev().find('a[class=\"dropdown-toggle\"]').should('exist').children('span:contains(Any)').parents('td').prev().find('a[class=\"dropdown-toggle\"]').should('exist').parents('td').prev().find('a[class=\"dropdown-toggle\"]').should('exist').parents('td').prev().find('input[type=\"text\"]').type(Cypress.env('title'));\ncy.get('a:contains(Cancel)').prev().find('a:contains(Save)').click();\ncy.get('span:contains(Event already exists)').should('be.visible').next().find('a:contains(x)').should('exist');",
              "err": {},
              "uuid": "3c7a3f76-8d63-4694-88ab-c49b6d88aa3f",
              "parentUUID": "56d58462-0b92-47e2-9461-0fb90baa0e08",
              "isHook": false,
              "skipped": false
            },
            {
              "title": "when user click on Add New Exam link ,should navigate to Exams Manage page successfully ",
              "fullTitle": "Academics feature Test when user click on Add New Exam link ,should navigate to Exams Manage page successfully ",
              "timedOut": null,
              "duration": 34435,
              "state": "passed",
              "speed": "slow",
              "pass": true,
              "fail": false,
              "pending": false,
              "context": "{\n  \"title\": \"cypress-mochawesome-reporter-videos\",\n  \"value\": \"cypress\\\\e2e\\\\academics.spec.cy.ts\"\n}",
              "code": "cy.visit('/academics');\ncy.get('a[href=\"/ctng4/academics/exam\"]').click();\ncy.get('a:contains(Add New Exam)').click();\ncy.url().should('contain', 'academics/exam');\ncy.get('h3').should('have.text', 'AcademicsExamsManage').and('contain', 'Academics').and('contain', 'Exams').and('contain', 'Manage');\ncy.get('input[placeholder=\"Exam Name\"]').should('exist');\ncy.get('input[placeholder=\"Start Date\"]').should('exist');\ncy.get('input[name=\"SplitExam\"]').should('be.visible').should('not.be.checked');\ncy.contains('Split Exam').should('be.visible');\ncy.contains('Select All').should('not.be.checked');\ncy.get('input[name=\"selectAll\"]').should('be.visible').should('not.be.checked');\ncy.get('button:contains(Save)').should('exist').should('be.disabled');\ncy.get('a:contains(Cancel)').should('exist');",
              "err": {},
              "uuid": "055171ad-7d2d-4300-a57e-5d76dec9d553",
              "parentUUID": "56d58462-0b92-47e2-9461-0fb90baa0e08",
              "isHook": false,
              "skipped": false
            },
            {
              "title": "when user click on TimTable manage link ,should navigate to Timetable Manage page successfully ",
              "fullTitle": "Academics feature Test when user click on TimTable manage link ,should navigate to Timetable Manage page successfully ",
              "timedOut": null,
              "duration": 26390,
              "state": "passed",
              "speed": "slow",
              "pass": true,
              "fail": false,
              "pending": false,
              "context": "{\n  \"title\": \"cypress-mochawesome-reporter-videos\",\n  \"value\": \"cypress\\\\e2e\\\\academics.spec.cy.ts\"\n}",
              "code": "cy.visit('/academics');\ncy.get('a[href=\"/ctng4/academics/timetable\"]').click();\ncy.url().should('contain', '/timetable');\ncy.get('thead').find('th').should('have.length', 2).each(function ($th, index) { return expect($th).to.contain(['Course', 'Manage'][index]); });\n//next('contain', 'Monday').and('contain', 'Tuesday').and('contain', 'Wednesday').and('contain', 'Thursday').and('contain', 'Friday').and('contain', 'Saturday').and('contain', 'Actions') });",
              "err": {},
              "uuid": "a92885e8-db24-49ee-b0e3-0ad240625100",
              "parentUUID": "56d58462-0b92-47e2-9461-0fb90baa0e08",
              "isHook": false,
              "skipped": false
            },
            {
              "title": "when user click absent report link should navigate to absent report page and able to download report ",
              "fullTitle": "Academics feature Test when user click absent report link should navigate to absent report page and able to download report ",
              "timedOut": null,
              "duration": 26505,
              "state": "passed",
              "speed": "slow",
              "pass": true,
              "fail": false,
              "pending": false,
              "context": "{\n  \"title\": \"cypress-mochawesome-reporter-videos\",\n  \"value\": \"cypress\\\\e2e\\\\academics.spec.cy.ts\"\n}",
              "code": "cy.visit('/academics');\ncy.get('a[href=\"/ctng4/academics/absenteesReport\"]').click();\ncy.url().should('contain', '/academics/absenteesReport');\ncy.get('input[name=\"reportFromDate\"]').should('exist');\ncy.get('i[class=\"fa fa-file-pdf-o\"]').should('exist');\ncy.get('i[class=\"fa fa-print\"]').should('exist');\ncy.click_Back_Button();\ncy.url().should('eq', Cypress.config().baseUrl + '/academics');",
              "err": {},
              "uuid": "5135823a-98c7-41bb-ad5d-acf572438371",
              "parentUUID": "56d58462-0b92-47e2-9461-0fb90baa0e08",
              "isHook": false,
              "skipped": false
            },
            {
              "title": "when user click Consolidated Marks link should navigate to Consolidated Marks report page and able to download report ",
              "fullTitle": "Academics feature Test when user click Consolidated Marks link should navigate to Consolidated Marks report page and able to download report ",
              "timedOut": null,
              "duration": 32989,
              "state": "passed",
              "speed": "slow",
              "pass": true,
              "fail": false,
              "pending": false,
              "context": "{\n  \"title\": \"cypress-mochawesome-reporter-videos\",\n  \"value\": \"cypress\\\\e2e\\\\academics.spec.cy.ts\"\n}",
              "code": "cy.visit('/academics');\ncy.get('a[href=\"/ctng4/academics/consolidatedMarksReport\"]').click();\ncy.url().should('contain', '/academics/consolidatedMarksReport');\ncy.get('span:contains(Course : )').next().children('button[class=\"dropdown-toggle\"]').click();\ncy.get('span:contains(SortBy : )').should('be.visible').next('select[name=\"sortBy\"]').should('exist').find('option').should('have.length', 2).then(function (options) {\n    var optionValues = ['Roll No / Name', 'Total'];\n    options.each(function (i, option) {\n        expect(option.text).to.equal(optionValues[i]); // Verify that the option values match the expected values\n    });\n});\ncy.get('i[class=\"fa fa-file-pdf-o\"]').should('exist');\ncy.get('i[class=\"fa fa-print\"]').should('exist');\ncy.click_Back_Button();\ncy.url().should('eq', Cypress.config().baseUrl + '/academics');",
              "err": {},
              "uuid": "9cb3fcc9-9fc3-464c-96ef-baac5398d815",
              "parentUUID": "56d58462-0b92-47e2-9461-0fb90baa0e08",
              "isHook": false,
              "skipped": false
            },
            {
              "title": "when user click Holiday List link should navigate to holidayListReport page and able to download report ",
              "fullTitle": "Academics feature Test when user click Holiday List link should navigate to holidayListReport page and able to download report ",
              "timedOut": null,
              "duration": 37982,
              "state": "passed",
              "speed": "slow",
              "pass": true,
              "fail": false,
              "pending": false,
              "context": "{\n  \"title\": \"cypress-mochawesome-reporter-videos\",\n  \"value\": \"cypress\\\\e2e\\\\academics.spec.cy.ts\"\n}",
              "code": "cy.visit('/academics');\ncy.get('a[href=\"/ctng4/academics/holidayListReport\"]').click();\ncy.url().should('contain', 'academics/holidayListReport');\ncy.get('i[class=\"fa fa-file-pdf-o\"]').should('exist');\ncy.get('i[class=\"fa fa-print\"]').should('exist');\ncy.click_Back_Button();\ncy.url().should('eq', Cypress.config().baseUrl + '/academics');",
              "err": {},
              "uuid": "2e3bd651-5930-413f-b645-254865b28fd9",
              "parentUUID": "56d58462-0b92-47e2-9461-0fb90baa0e08",
              "isHook": false,
              "skipped": false
            },
            {
              "title": "when user click todays Events link should navigate to todaysEventsReportt page and able to download report ",
              "fullTitle": "Academics feature Test when user click todays Events link should navigate to todaysEventsReportt page and able to download report ",
              "timedOut": null,
              "duration": 31690,
              "state": "passed",
              "speed": "slow",
              "pass": true,
              "fail": false,
              "pending": false,
              "context": "{\n  \"title\": \"cypress-mochawesome-reporter-videos\",\n  \"value\": \"cypress\\\\e2e\\\\academics.spec.cy.ts\"\n}",
              "code": "cy.visit('/academics');\ncy.get('a[href=\"/ctng4/academics/todaysEventsReport\"]').click();\ncy.url().should('contain', '/academics/todaysEventsReport');\ncy.get('i[class=\"fa fa-file-pdf-o\"]').should('exist');\ncy.get('i[class=\"fa fa-print\"]').should('exist');\ncy.click_Back_Button();\ncy.url().should('eq', Cypress.config().baseUrl + '/academics');",
              "err": {},
              "uuid": "39e5bbce-bca3-4c8c-9067-3c88750d7641",
              "parentUUID": "56d58462-0b92-47e2-9461-0fb90baa0e08",
              "isHook": false,
              "skipped": false
            },
            {
              "title": "when user click upcoming Events link should navigate to upcomingEvents Report page and able to download report ",
              "fullTitle": "Academics feature Test when user click upcoming Events link should navigate to upcomingEvents Report page and able to download report ",
              "timedOut": null,
              "duration": 26860,
              "state": "passed",
              "speed": "slow",
              "pass": true,
              "fail": false,
              "pending": false,
              "context": "{\n  \"title\": \"cypress-mochawesome-reporter-videos\",\n  \"value\": \"cypress\\\\e2e\\\\academics.spec.cy.ts\"\n}",
              "code": "cy.visit('/academics');\ncy.get('a[href=\"/ctng4/academics/upcomingEventsReport\"]').click();\ncy.url().should('contain', 'academics/upcomingEventsReport');\ncy.get('i[class=\"fa fa-print\"]').should('exist');\ncy.get('i[class=\"fa fa-file-pdf-o\"]').should('exist');\ncy.click_Back_Button();\ncy.url().should('eq', Cypress.config().baseUrl + '/academics');",
              "err": {},
              "uuid": "0f1c03f5-4cfa-4856-bbec-a7f8668ba310",
              "parentUUID": "56d58462-0b92-47e2-9461-0fb90baa0e08",
              "isHook": false,
              "skipped": false
            },
            {
              "title": "when user click rank List link should navigate to rank List Report page and able to download report ",
              "fullTitle": "Academics feature Test when user click rank List link should navigate to rank List Report page and able to download report ",
              "timedOut": null,
              "duration": 22967,
              "state": "passed",
              "speed": "slow",
              "pass": true,
              "fail": false,
              "pending": false,
              "context": "{\n  \"title\": \"cypress-mochawesome-reporter-videos\",\n  \"value\": \"cypress\\\\e2e\\\\academics.spec.cy.ts\"\n}",
              "code": "cy.visit('/academics');\ncy.get('a[href=\"/ctng4/academics/rankListReport\"]').click();\ncy.url().should('contain', '/academics/rankListRepor');\ncy.get('i[class=\"fa fa-print\"]').should('exist');\ncy.get('i[class=\"fa fa-file-pdf-o\"]').should('exist');\ncy.click_Back_Button();\ncy.url().should('eq', Cypress.config().baseUrl + '/academics');",
              "err": {},
              "uuid": "fa01c7b7-9539-418a-aa93-4df9953df718",
              "parentUUID": "56d58462-0b92-47e2-9461-0fb90baa0e08",
              "isHook": false,
              "skipped": false
            },
            {
              "title": "when user click firstTenToppersReport link should navigate to firstTenToppersReportt page and able to download report ",
              "fullTitle": "Academics feature Test when user click firstTenToppersReport link should navigate to firstTenToppersReportt page and able to download report ",
              "timedOut": null,
              "duration": 36286,
              "state": "passed",
              "speed": "slow",
              "pass": true,
              "fail": false,
              "pending": false,
              "context": "{\n  \"title\": \"cypress-mochawesome-reporter-videos\",\n  \"value\": \"cypress\\\\e2e\\\\academics.spec.cy.ts\"\n}",
              "code": "cy.visit('/academics');\ncy.get('a[href=\"/ctng4/academics/firstTenToppersReport\"]').click();\ncy.url().should('contain', '/academics/firstTenToppersReport');\ncy.get('span:contains(Course : )').next().children('button[class=\"dropdown-toggle\"]').click();\ncy.get('i[class=\"fa fa-print\"]').should('exist');\ncy.get('i[class=\"fa fa-file-pdf-o\"]').should('exist');\ncy.click_Back_Button();\ncy.url().should('eq', Cypress.config().baseUrl + '/academics');",
              "err": {},
              "uuid": "722ce484-51d5-44ce-b78a-7786d626cc7c",
              "parentUUID": "56d58462-0b92-47e2-9461-0fb90baa0e08",
              "isHook": false,
              "skipped": false
            },
            {
              "title": "when user click Top Scorers In Each Subject  link should navigate to Consolidated Marks report page and able to download report ",
              "fullTitle": "Academics feature Test when user click Top Scorers In Each Subject  link should navigate to Consolidated Marks report page and able to download report ",
              "timedOut": null,
              "duration": 28362,
              "state": "passed",
              "speed": "slow",
              "pass": true,
              "fail": false,
              "pending": false,
              "context": "{\n  \"title\": \"cypress-mochawesome-reporter-videos\",\n  \"value\": \"cypress\\\\e2e\\\\academics.spec.cy.ts\"\n}",
              "code": "cy.visit('/academics');\ncy.get('a[href=\"/ctng4/academics/topScorersReport\"]').click();\ncy.url().should('contain', '/academics/topScorersReport');\ncy.get('span:contains(Course : )').next().children('button[class=\"dropdown-toggle\"]').click();\ncy.get('i[class=\"fa fa-print\"]').should('exist');\ncy.get('i[class=\"fa fa-file-pdf-o\"]').should('exist');\ncy.click_Back_Button();\ncy.url().should('eq', Cypress.config().baseUrl + '/academics');",
              "err": {},
              "uuid": "70115ac1-4964-4f54-aa50-16471c672676",
              "parentUUID": "56d58462-0b92-47e2-9461-0fb90baa0e08",
              "isHook": false,
              "skipped": false
            },
            {
              "title": "when user click A+ In All Subjects link should navigate to aPlusInAllSubjects Report page and able to download report ",
              "fullTitle": "Academics feature Test when user click A+ In All Subjects link should navigate to aPlusInAllSubjects Report page and able to download report ",
              "timedOut": null,
              "duration": 31507,
              "state": "passed",
              "speed": "slow",
              "pass": true,
              "fail": false,
              "pending": false,
              "context": "{\n  \"title\": \"cypress-mochawesome-reporter-videos\",\n  \"value\": \"cypress\\\\e2e\\\\academics.spec.cy.ts\"\n}",
              "code": "cy.visit('/academics');\ncy.get('a[href=\"/ctng4/academics/aPlusInAllSubjectsReport\"]').click();\ncy.url().should('contain', '/academics/aPlusInAllSubjectsReport');\ncy.get('span:contains(Course : )').next().children('button[class=\"dropdown-toggle\"]').click();\ncy.get('i[class=\"fa fa-print\"]').should('exist');\ncy.get('i[class=\"fa fa-file-pdf-o\"]').should('exist');\ncy.click_Back_Button();\ncy.url().should('eq', Cypress.config().baseUrl + '/academics');",
              "err": {},
              "uuid": "f4467014-868d-4ca5-add3-5af8191c662c",
              "parentUUID": "56d58462-0b92-47e2-9461-0fb90baa0e08",
              "isHook": false,
              "skipped": false
            },
            {
              "title": "when user click on Student performance link, should navigate to aPlusInAllSubjects Report page and able to download report ",
              "fullTitle": "Academics feature Test when user click on Student performance link, should navigate to aPlusInAllSubjects Report page and able to download report ",
              "timedOut": null,
              "duration": 26681,
              "state": "passed",
              "speed": "slow",
              "pass": true,
              "fail": false,
              "pending": false,
              "context": "{\n  \"title\": \"cypress-mochawesome-reporter-videos\",\n  \"value\": \"cypress\\\\e2e\\\\academics.spec.cy.ts\"\n}",
              "code": "cy.visit('/academics');\ncy.get('a[href=\"/ctng4/academics/studentPerformanceReport\"]').click();\ncy.url().should('contain', '/academics/studentPerformanceReport');\ncy.get('i[class=\"fa fa-file-pdf-o\"]').should('exist');\ncy.get('i[class=\"fa fa-print\"]').should('exist');\ncy.click_Back_Button();\ncy.url().should('eq', Cypress.config().baseUrl + '/academics');",
              "err": {},
              "uuid": "6243ed23-5299-4c9c-8428-296e1d6207b8",
              "parentUUID": "56d58462-0b92-47e2-9461-0fb90baa0e08",
              "isHook": false,
              "skipped": false
            },
            {
              "title": "when user click on Subject Average link, should navigate to subject Average Report page and able to download report ",
              "fullTitle": "Academics feature Test when user click on Subject Average link, should navigate to subject Average Report page and able to download report ",
              "timedOut": null,
              "duration": 31052,
              "state": "passed",
              "speed": "slow",
              "pass": true,
              "fail": false,
              "pending": false,
              "context": "{\n  \"title\": \"cypress-mochawesome-reporter-videos\",\n  \"value\": \"cypress\\\\e2e\\\\academics.spec.cy.ts\"\n}",
              "code": "cy.visit('/academics');\ncy.get('a[href=\"/ctng4/academics/subjectAverageReport\"]').click();\ncy.url().should('contain', '/academics/subjectAverageReport');\ncy.get('h4').should('contain.text', 'Academics Subject Average');\ncy.get('i[class=\"fa fa-file-pdf-o\"]').should('exist');\ncy.get('i[class=\"fa fa-print\"]').should('exist');\ncy.click_Back_Button();\ncy.url().should('eq', Cypress.config().baseUrl + '/academics');",
              "err": {},
              "uuid": "a9dc1ca9-9458-4e47-bebe-a0f3e0e2d744",
              "parentUUID": "56d58462-0b92-47e2-9461-0fb90baa0e08",
              "isHook": false,
              "skipped": false
            },
            {
              "title": "when user click on Result At A Glance link, should navigate to result At A Glance Repor page and able to download report ",
              "fullTitle": "Academics feature Test when user click on Result At A Glance link, should navigate to result At A Glance Repor page and able to download report ",
              "timedOut": null,
              "duration": 30607,
              "state": "failed",
              "speed": null,
              "pass": false,
              "fail": true,
              "pending": false,
              "context": null,
              "code": "cy.visit('/academics');\ncy.get('a[href=\"/ctng4/academics/resultAtAGlanceReport\"]').click();\ncy.url().should('contain', '/academics/resultAtAGlanceReport');\ncy.get('h4').should('contain.text', 'Academics Result At A Glance');\ncy.get('span:contains(Course : )').next('div').find('button[class=\"dropdown-toggle\"]').should('exist').click();\ncy.get('i[class=\"fa fa-file-pdf-o\"]').should('exist');\ncy.get('span:contains(Comprehensive Report)').parent().prev('input[type=\"checkbox\"]').check();\ncy.get('i[class=\"fa fa-file-pdf-o\"]').should('exist');\ncy.get('i[class=\"fa fa-print\"]').should('exist');\ncy.click_Back_Button();\ncy.url().should('eq', Cypress.config().baseUrl + '/academics');",
              "err": {
                "message": "AssertionError: Timed out retrying after 4000ms: Expected to find element: `a[href=\"/ctng4/academics/resultAtAGlanceReport\"]`, but never found it.",
                "estack": "AssertionError: Timed out retrying after 4000ms: Expected to find element: `a[href=\"/ctng4/academics/resultAtAGlanceReport\"]`, but never found it.\n    at Context.eval (webpack:///./cypress/e2e/academics.spec.cy.ts:315:0)",
                "diff": null
              },
              "uuid": "85a95d73-b44d-479b-8da9-e68fef963fe9",
              "parentUUID": "56d58462-0b92-47e2-9461-0fb90baa0e08",
              "isHook": false,
              "skipped": false
            },
            {
              "title": "when user click on Result Analysis link, should navigate to result Analysis Report page and able to download report ",
              "fullTitle": "Academics feature Test when user click on Result Analysis link, should navigate to result Analysis Report page and able to download report ",
              "timedOut": null,
              "duration": 9009,
              "state": "failed",
              "speed": null,
              "pass": false,
              "fail": true,
              "pending": false,
              "context": null,
              "code": "cy.visit('/academics');\ncy.get('a[href=\"/ctng4/academics/resultAnalysisReport\"]').click();\ncy.url().should('contain', '/academics/resultAnalysisReport');\ncy.get('h4').should('contain.text', 'Academics Result Analysis');\ncy.get('i[class=\"fa fa-print\"]').should('exist');\ncy.get('i[class=\"fa fa-file-pdf-o\"]').should('exist');\ncy.click_Back_Button();\ncy.url().should('eq', Cypress.config().baseUrl + '/academics');",
              "err": {
                "message": "CypressError: `cy.visit()` failed trying to load:\n\nhttps://svc.campustrack.net/ctng4/academics\n\nWe attempted to make an http request to this URL but the request failed without a response.\n\nWe received this error at the network level:\n\n  > Error: getaddrinfo ENOTFOUND svc.campustrack.net\n\nCommon situations why this would fail:\n  - you don't have internet access\n  - you forgot to run / boot your web server\n  - your web server isn't accessible\n  - you have weird network configuration settings on your computer",
                "estack": "CypressError: `cy.visit()` failed trying to load:\n\nhttps://svc.campustrack.net/ctng4/academics\n\nWe attempted to make an http request to this URL but the request failed without a response.\n\nWe received this error at the network level:\n\n  > Error: getaddrinfo ENOTFOUND svc.campustrack.net\n\nCommon situations why this would fail:\n  - you don't have internet access\n  - you forgot to run / boot your web server\n  - your web server isn't accessible\n  - you have weird network configuration settings on your computer\n    at <unknown> (https://svc.campustrack.net/__cypress/runner/cypress_runner.js:147677:82)\n    at visitFailedByErr (https://svc.campustrack.net/__cypress/runner/cypress_runner.js:147069:12)\n    at <unknown> (https://svc.campustrack.net/__cypress/runner/cypress_runner.js:147676:11)\n    at tryCatcher (https://svc.campustrack.net/__cypress/runner/cypress_runner.js:18744:23)\n    at Promise._settlePromiseFromHandler (https://svc.campustrack.net/__cypress/runner/cypress_runner.js:16679:31)\n    at Promise._settlePromise (https://svc.campustrack.net/__cypress/runner/cypress_runner.js:16736:18)\n    at Promise._settlePromise0 (https://svc.campustrack.net/__cypress/runner/cypress_runner.js:16781:10)\n    at Promise._settlePromises (https://svc.campustrack.net/__cypress/runner/cypress_runner.js:16857:18)\n    at _drainQueueStep (https://svc.campustrack.net/__cypress/runner/cypress_runner.js:13451:12)\n    at _drainQueue (https://svc.campustrack.net/__cypress/runner/cypress_runner.js:13444:9)\n    at ../../node_modules/bluebird/js/release/async.js.Async._drainQueues (https://svc.campustrack.net/__cypress/runner/cypress_runner.js:13460:5)\n    at Async.drainQueues (https://svc.campustrack.net/__cypress/runner/cypress_runner.js:13330:14)\nFrom Your Spec Code:\n    at Context.eval (webpack:///./cypress/e2e/academics.spec.cy.ts:327:0)\n\nFrom Node.js Internals:\n  Error: getaddrinfo ENOTFOUND svc.campustrack.net\n      at GetAddrInfoReqWrap.onlookup [as oncomplete] (node:dns:71:26)",
                "diff": null
              },
              "uuid": "b52fbe60-73b5-40dd-b2b5-13576e970bee",
              "parentUUID": "56d58462-0b92-47e2-9461-0fb90baa0e08",
              "isHook": false,
              "skipped": false
            },
            {
              "title": "when user click on No Due Certificate link, should navigate to no Due Certificate page and able to download certificate ",
              "fullTitle": "Academics feature Test when user click on No Due Certificate link, should navigate to no Due Certificate page and able to download certificate ",
              "timedOut": null,
              "duration": 3887,
              "state": "failed",
              "speed": null,
              "pass": false,
              "fail": true,
              "pending": false,
              "context": null,
              "code": "cy.visit('/academics');\ncy.get('a[href=\"/ctng4/academics/noDueCertificate\"]').click();\ncy.url().should('contain', '/academics/noDueCertificate');\ncy.get('h4').should('contain.text', 'Academics No Due Certificate');\ncy.get('i[class=\"fa fa-print\"]').should('exist');\ncy.get('i[class=\"fa fa-file-pdf-o\"]').should('exist');\ncy.click_Back_Button();\ncy.url().should('eq', Cypress.config().baseUrl + '/academics');",
              "err": {
                "message": "CypressError: `cy.visit()` failed trying to load:\n\nhttps://svc.campustrack.net/ctng4/academics\n\nWe attempted to make an http request to this URL but the request failed without a response.\n\nWe received this error at the network level:\n\n  > Error: getaddrinfo ENOTFOUND svc.campustrack.net\n\nCommon situations why this would fail:\n  - you don't have internet access\n  - you forgot to run / boot your web server\n  - your web server isn't accessible\n  - you have weird network configuration settings on your computer",
                "estack": "CypressError: `cy.visit()` failed trying to load:\n\nhttps://svc.campustrack.net/ctng4/academics\n\nWe attempted to make an http request to this URL but the request failed without a response.\n\nWe received this error at the network level:\n\n  > Error: getaddrinfo ENOTFOUND svc.campustrack.net\n\nCommon situations why this would fail:\n  - you don't have internet access\n  - you forgot to run / boot your web server\n  - your web server isn't accessible\n  - you have weird network configuration settings on your computer\n    at <unknown> (https://svc.campustrack.net/__cypress/runner/cypress_runner.js:147677:82)\n    at visitFailedByErr (https://svc.campustrack.net/__cypress/runner/cypress_runner.js:147069:12)\n    at <unknown> (https://svc.campustrack.net/__cypress/runner/cypress_runner.js:147676:11)\n    at tryCatcher (https://svc.campustrack.net/__cypress/runner/cypress_runner.js:18744:23)\n    at Promise._settlePromiseFromHandler (https://svc.campustrack.net/__cypress/runner/cypress_runner.js:16679:31)\n    at Promise._settlePromise (https://svc.campustrack.net/__cypress/runner/cypress_runner.js:16736:18)\n    at Promise._settlePromise0 (https://svc.campustrack.net/__cypress/runner/cypress_runner.js:16781:10)\n    at Promise._settlePromises (https://svc.campustrack.net/__cypress/runner/cypress_runner.js:16857:18)\n    at _drainQueueStep (https://svc.campustrack.net/__cypress/runner/cypress_runner.js:13451:12)\n    at _drainQueue (https://svc.campustrack.net/__cypress/runner/cypress_runner.js:13444:9)\n    at ../../node_modules/bluebird/js/release/async.js.Async._drainQueues (https://svc.campustrack.net/__cypress/runner/cypress_runner.js:13460:5)\n    at Async.drainQueues (https://svc.campustrack.net/__cypress/runner/cypress_runner.js:13330:14)\nFrom Your Spec Code:\n    at Context.eval (webpack:///./cypress/e2e/academics.spec.cy.ts:337:0)\n\nFrom Node.js Internals:\n  Error: getaddrinfo ENOTFOUND svc.campustrack.net\n      at GetAddrInfoReqWrap.onlookup [as oncomplete] (node:dns:71:26)",
                "diff": null
              },
              "uuid": "dd8c7cef-bd15-4082-ad87-32cb99b6b021",
              "parentUUID": "56d58462-0b92-47e2-9461-0fb90baa0e08",
              "isHook": false,
              "skipped": false
            },
            {
              "title": "when user click on Hall Ticket link, should navigate to hallTicket page and able to download hallticket ",
              "fullTitle": "Academics feature Test when user click on Hall Ticket link, should navigate to hallTicket page and able to download hallticket ",
              "timedOut": null,
              "duration": 2714,
              "state": "failed",
              "speed": null,
              "pass": false,
              "fail": true,
              "pending": false,
              "context": null,
              "code": "cy.visit('/academics');\ncy.get('a[href=\"/ctng4/academics/hallTicket\"]').click();\ncy.url().should('contain', '/academics/hallTicket');\ncy.get('h4').should('contain.text', 'Academics Hall Ticket');\ncy.get('i[class=\"fa fa-file-pdf-o\"]').should('exist');\ncy.get('i[class=\"fa fa-print\"]').should('exist');\ncy.click_Back_Button();\ncy.url().should('eq', Cypress.config().baseUrl + '/academics');",
              "err": {
                "message": "CypressError: `cy.visit()` failed trying to load:\n\nhttps://svc.campustrack.net/ctng4/academics\n\nWe attempted to make an http request to this URL but the request failed without a response.\n\nWe received this error at the network level:\n\n  > Error: getaddrinfo ENOTFOUND svc.campustrack.net\n\nCommon situations why this would fail:\n  - you don't have internet access\n  - you forgot to run / boot your web server\n  - your web server isn't accessible\n  - you have weird network configuration settings on your computer",
                "estack": "CypressError: `cy.visit()` failed trying to load:\n\nhttps://svc.campustrack.net/ctng4/academics\n\nWe attempted to make an http request to this URL but the request failed without a response.\n\nWe received this error at the network level:\n\n  > Error: getaddrinfo ENOTFOUND svc.campustrack.net\n\nCommon situations why this would fail:\n  - you don't have internet access\n  - you forgot to run / boot your web server\n  - your web server isn't accessible\n  - you have weird network configuration settings on your computer\n    at <unknown> (https://svc.campustrack.net/__cypress/runner/cypress_runner.js:147677:82)\n    at visitFailedByErr (https://svc.campustrack.net/__cypress/runner/cypress_runner.js:147069:12)\n    at <unknown> (https://svc.campustrack.net/__cypress/runner/cypress_runner.js:147676:11)\n    at tryCatcher (https://svc.campustrack.net/__cypress/runner/cypress_runner.js:18744:23)\n    at Promise._settlePromiseFromHandler (https://svc.campustrack.net/__cypress/runner/cypress_runner.js:16679:31)\n    at Promise._settlePromise (https://svc.campustrack.net/__cypress/runner/cypress_runner.js:16736:18)\n    at Promise._settlePromise0 (https://svc.campustrack.net/__cypress/runner/cypress_runner.js:16781:10)\n    at Promise._settlePromises (https://svc.campustrack.net/__cypress/runner/cypress_runner.js:16857:18)\n    at _drainQueueStep (https://svc.campustrack.net/__cypress/runner/cypress_runner.js:13451:12)\n    at _drainQueue (https://svc.campustrack.net/__cypress/runner/cypress_runner.js:13444:9)\n    at ../../node_modules/bluebird/js/release/async.js.Async._drainQueues (https://svc.campustrack.net/__cypress/runner/cypress_runner.js:13460:5)\n    at Async.drainQueues (https://svc.campustrack.net/__cypress/runner/cypress_runner.js:13330:14)\nFrom Your Spec Code:\n    at Context.eval (webpack:///./cypress/e2e/academics.spec.cy.ts:347:0)\n\nFrom Node.js Internals:\n  Error: getaddrinfo ENOTFOUND svc.campustrack.net\n      at GetAddrInfoReqWrap.onlookup [as oncomplete] (node:dns:71:26)",
                "diff": null
              },
              "uuid": "3057ee00-9aff-4cdf-ba8e-6e9d73a3b632",
              "parentUUID": "56d58462-0b92-47e2-9461-0fb90baa0e08",
              "isHook": false,
              "skipped": false
            },
            {
              "title": "when user click on Exams list link, should navigate to result Analysis Report page and able to download Schedule",
              "fullTitle": "Academics feature Test when user click on Exams list link, should navigate to result Analysis Report page and able to download Schedule",
              "timedOut": null,
              "duration": 2126,
              "state": "failed",
              "speed": null,
              "pass": false,
              "fail": true,
              "pending": false,
              "context": null,
              "code": "cy.visit('/academics');\ncy.get('a[href=\"/ctng4/academics/examListReport\"]').click();\ncy.url().should('contain', '/academics/examListRepor');\ncy.get('h4').should('contain.text', 'AcademicsExam Schedule');\ncy.get('i[class=\"fa fa-file-pdf-o\"]').should('exist');\ncy.get('i[class=\"fa fa-print\"]').should('exist');\ncy.click_Back_Button();\ncy.url().should('eq', Cypress.config().baseUrl + '/academics');",
              "err": {
                "message": "CypressError: `cy.visit()` failed trying to load:\n\nhttps://svc.campustrack.net/ctng4/academics\n\nWe attempted to make an http request to this URL but the request failed without a response.\n\nWe received this error at the network level:\n\n  > Error: getaddrinfo ENOTFOUND svc.campustrack.net\n\nCommon situations why this would fail:\n  - you don't have internet access\n  - you forgot to run / boot your web server\n  - your web server isn't accessible\n  - you have weird network configuration settings on your computer",
                "estack": "CypressError: `cy.visit()` failed trying to load:\n\nhttps://svc.campustrack.net/ctng4/academics\n\nWe attempted to make an http request to this URL but the request failed without a response.\n\nWe received this error at the network level:\n\n  > Error: getaddrinfo ENOTFOUND svc.campustrack.net\n\nCommon situations why this would fail:\n  - you don't have internet access\n  - you forgot to run / boot your web server\n  - your web server isn't accessible\n  - you have weird network configuration settings on your computer\n    at <unknown> (https://svc.campustrack.net/__cypress/runner/cypress_runner.js:147677:82)\n    at visitFailedByErr (https://svc.campustrack.net/__cypress/runner/cypress_runner.js:147069:12)\n    at <unknown> (https://svc.campustrack.net/__cypress/runner/cypress_runner.js:147676:11)\n    at tryCatcher (https://svc.campustrack.net/__cypress/runner/cypress_runner.js:18744:23)\n    at Promise._settlePromiseFromHandler (https://svc.campustrack.net/__cypress/runner/cypress_runner.js:16679:31)\n    at Promise._settlePromise (https://svc.campustrack.net/__cypress/runner/cypress_runner.js:16736:18)\n    at Promise._settlePromise0 (https://svc.campustrack.net/__cypress/runner/cypress_runner.js:16781:10)\n    at Promise._settlePromises (https://svc.campustrack.net/__cypress/runner/cypress_runner.js:16857:18)\n    at _drainQueueStep (https://svc.campustrack.net/__cypress/runner/cypress_runner.js:13451:12)\n    at _drainQueue (https://svc.campustrack.net/__cypress/runner/cypress_runner.js:13444:9)\n    at ../../node_modules/bluebird/js/release/async.js.Async._drainQueues (https://svc.campustrack.net/__cypress/runner/cypress_runner.js:13460:5)\n    at Async.drainQueues (https://svc.campustrack.net/__cypress/runner/cypress_runner.js:13330:14)\nFrom Your Spec Code:\n    at Context.eval (webpack:///./cypress/e2e/academics.spec.cy.ts:357:0)\n\nFrom Node.js Internals:\n  Error: getaddrinfo ENOTFOUND svc.campustrack.net\n      at GetAddrInfoReqWrap.onlookup [as oncomplete] (node:dns:71:26)",
                "diff": null
              },
              "uuid": "b727abf9-222f-4b45-ae12-97352b6d8385",
              "parentUUID": "56d58462-0b92-47e2-9461-0fb90baa0e08",
              "isHook": false,
              "skipped": false
            },
            {
              "title": "when user click on Consolidated Report link, should navigate to consolidated Report page and able to download report ",
              "fullTitle": "Academics feature Test when user click on Consolidated Report link, should navigate to consolidated Report page and able to download report ",
              "timedOut": null,
              "duration": 5238,
              "state": "failed",
              "speed": null,
              "pass": false,
              "fail": true,
              "pending": false,
              "context": null,
              "code": "cy.visit('/academics');\ncy.get('a[href=\"/ctng4/academics/consolidatedReport\"]').click();\ncy.url().should('contain', '/academics/consolidatedReport');\ncy.get('h4').should('contain.text', 'Academics Consolidated Report');\ncy.get('span:contains(SortBy : )').next('select').find('option').should('have.length', 2).then(function (options) {\n    var optionValues = ['Roll No', 'Total'];\n    options.each(function (i, option) { expect(option.text).to.equal(optionValues[i]); });\n});\ncy.get('i[class=\"fa fa-file-pdf-o\"]').should('exist');\ncy.get('i[class=\"fa fa-print\"]').should('exist');\ncy.get('span:contains(Show Top Ten )').parent().prev('input[type=\"checkbox\"]').check().should('be.checked');\ncy.click_Back_Button();\ncy.url().should('eq', Cypress.config().baseUrl + '/academics');",
              "err": {
                "message": "CypressError: `cy.visit()` failed trying to load:\n\nhttps://svc.campustrack.net/ctng4/academics\n\nWe attempted to make an http request to this URL but the request failed without a response.\n\nWe received this error at the network level:\n\n  > Error: getaddrinfo ENOTFOUND svc.campustrack.net\n\nCommon situations why this would fail:\n  - you don't have internet access\n  - you forgot to run / boot your web server\n  - your web server isn't accessible\n  - you have weird network configuration settings on your computer",
                "estack": "CypressError: `cy.visit()` failed trying to load:\n\nhttps://svc.campustrack.net/ctng4/academics\n\nWe attempted to make an http request to this URL but the request failed without a response.\n\nWe received this error at the network level:\n\n  > Error: getaddrinfo ENOTFOUND svc.campustrack.net\n\nCommon situations why this would fail:\n  - you don't have internet access\n  - you forgot to run / boot your web server\n  - your web server isn't accessible\n  - you have weird network configuration settings on your computer\n    at <unknown> (https://svc.campustrack.net/__cypress/runner/cypress_runner.js:147677:82)\n    at visitFailedByErr (https://svc.campustrack.net/__cypress/runner/cypress_runner.js:147069:12)\n    at <unknown> (https://svc.campustrack.net/__cypress/runner/cypress_runner.js:147676:11)\n    at tryCatcher (https://svc.campustrack.net/__cypress/runner/cypress_runner.js:18744:23)\n    at Promise._settlePromiseFromHandler (https://svc.campustrack.net/__cypress/runner/cypress_runner.js:16679:31)\n    at Promise._settlePromise (https://svc.campustrack.net/__cypress/runner/cypress_runner.js:16736:18)\n    at Promise._settlePromise0 (https://svc.campustrack.net/__cypress/runner/cypress_runner.js:16781:10)\n    at Promise._settlePromises (https://svc.campustrack.net/__cypress/runner/cypress_runner.js:16857:18)\n    at _drainQueueStep (https://svc.campustrack.net/__cypress/runner/cypress_runner.js:13451:12)\n    at _drainQueue (https://svc.campustrack.net/__cypress/runner/cypress_runner.js:13444:9)\n    at ../../node_modules/bluebird/js/release/async.js.Async._drainQueues (https://svc.campustrack.net/__cypress/runner/cypress_runner.js:13460:5)\n    at Async.drainQueues (https://svc.campustrack.net/__cypress/runner/cypress_runner.js:13330:14)\nFrom Your Spec Code:\n    at Context.eval (webpack:///./cypress/e2e/academics.spec.cy.ts:367:0)\n\nFrom Node.js Internals:\n  Error: getaddrinfo ENOTFOUND svc.campustrack.net\n      at GetAddrInfoReqWrap.onlookup [as oncomplete] (node:dns:71:26)",
                "diff": null
              },
              "uuid": "f01d5635-80fd-4a63-99a2-c597590bc452",
              "parentUUID": "56d58462-0b92-47e2-9461-0fb90baa0e08",
              "isHook": false,
              "skipped": false
            },
            {
              "title": "when user click on Coursewise Result Analysis link, should navigate to coursewise Result Analysis Report page and able to download report ",
              "fullTitle": "Academics feature Test when user click on Coursewise Result Analysis link, should navigate to coursewise Result Analysis Report page and able to download report ",
              "timedOut": null,
              "duration": 2766,
              "state": "failed",
              "speed": null,
              "pass": false,
              "fail": true,
              "pending": false,
              "context": null,
              "code": "cy.visit('/academics');\ncy.get('a[href=\"/ctng4/academics/coursewiseResultAnalysisReport\"]').click();\ncy.url().should('contain', '/academics/coursewiseResultAnalysisReport');\ncy.get('h4').should('contain.text', 'Academics Result Analysis');\ncy.get('span:contains(Exams : )').should('be.visible').next('select').should('exist');\ncy.get('span:contains(Course : )').should('be.visible').next().children('select').should('exist');\ncy.get('i[class=\"fa fa-file-pdf-o\"]').should('exist');\ncy.get('i[class=\"fa fa-print\"]').should('exist');\ncy.click_Back_Button();\ncy.url().should('eq', Cypress.config().baseUrl + '/academics');",
              "err": {
                "message": "CypressError: `cy.visit()` failed trying to load:\n\nhttps://svc.campustrack.net/ctng4/academics\n\nWe attempted to make an http request to this URL but the request failed without a response.\n\nWe received this error at the network level:\n\n  > Error: getaddrinfo ENOTFOUND svc.campustrack.net\n\nCommon situations why this would fail:\n  - you don't have internet access\n  - you forgot to run / boot your web server\n  - your web server isn't accessible\n  - you have weird network configuration settings on your computer",
                "estack": "CypressError: `cy.visit()` failed trying to load:\n\nhttps://svc.campustrack.net/ctng4/academics\n\nWe attempted to make an http request to this URL but the request failed without a response.\n\nWe received this error at the network level:\n\n  > Error: getaddrinfo ENOTFOUND svc.campustrack.net\n\nCommon situations why this would fail:\n  - you don't have internet access\n  - you forgot to run / boot your web server\n  - your web server isn't accessible\n  - you have weird network configuration settings on your computer\n    at <unknown> (https://svc.campustrack.net/__cypress/runner/cypress_runner.js:147677:82)\n    at visitFailedByErr (https://svc.campustrack.net/__cypress/runner/cypress_runner.js:147069:12)\n    at <unknown> (https://svc.campustrack.net/__cypress/runner/cypress_runner.js:147676:11)\n    at tryCatcher (https://svc.campustrack.net/__cypress/runner/cypress_runner.js:18744:23)\n    at Promise._settlePromiseFromHandler (https://svc.campustrack.net/__cypress/runner/cypress_runner.js:16679:31)\n    at Promise._settlePromise (https://svc.campustrack.net/__cypress/runner/cypress_runner.js:16736:18)\n    at Promise._settlePromise0 (https://svc.campustrack.net/__cypress/runner/cypress_runner.js:16781:10)\n    at Promise._settlePromises (https://svc.campustrack.net/__cypress/runner/cypress_runner.js:16857:18)\n    at _drainQueueStep (https://svc.campustrack.net/__cypress/runner/cypress_runner.js:13451:12)\n    at _drainQueue (https://svc.campustrack.net/__cypress/runner/cypress_runner.js:13444:9)\n    at ../../node_modules/bluebird/js/release/async.js.Async._drainQueues (https://svc.campustrack.net/__cypress/runner/cypress_runner.js:13460:5)\n    at Async.drainQueues (https://svc.campustrack.net/__cypress/runner/cypress_runner.js:13330:14)\nFrom Your Spec Code:\n    at Context.eval (webpack:///./cypress/e2e/academics.spec.cy.ts:382:0)\n\nFrom Node.js Internals:\n  Error: getaddrinfo ENOTFOUND svc.campustrack.net\n      at GetAddrInfoReqWrap.onlookup [as oncomplete] (node:dns:71:26)",
                "diff": null
              },
              "uuid": "4b3be241-f079-44be-9229-69795cd23138",
              "parentUUID": "56d58462-0b92-47e2-9461-0fb90baa0e08",
              "isHook": false,
              "skipped": false
            },
            {
              "title": "when user click on Classwise / Gradewise Statistics  link, should navigate to Classwise / Gradewise Statistics  Report page and able to download report ",
              "fullTitle": "Academics feature Test when user click on Classwise / Gradewise Statistics  link, should navigate to Classwise / Gradewise Statistics  Report page and able to download report ",
              "timedOut": null,
              "duration": 2522,
              "state": "failed",
              "speed": null,
              "pass": false,
              "fail": true,
              "pending": false,
              "context": null,
              "code": "cy.visit('/academics');\ncy.get('a[href=\"/ctng4/academics/gradewiseStatisticsReport\"]').click();\ncy.url().should('contain', '/gradewiseStatisticsReport');\ncy.get('h4').should('contain.text', 'Academics Classwise / Gradewise Statistics');\ncy.get('span:contains(Exams : )').should('be.visible').next('select').should('exist');\ncy.get('span:contains(Course : )').should('be.visible').next().children('button[class=\"dropdown-toggle\"]').should('exist');\ncy.get('i[class=\"fa fa-file-pdf-o\"]').should('exist');\ncy.get('i[class=\"fa fa-print\"]').should('exist');\ncy.click_Back_Button();\ncy.url().should('eq', Cypress.config().baseUrl + '/academics');",
              "err": {
                "message": "CypressError: `cy.visit()` failed trying to load:\n\nhttps://svc.campustrack.net/ctng4/academics\n\nWe attempted to make an http request to this URL but the request failed without a response.\n\nWe received this error at the network level:\n\n  > Error: getaddrinfo ENOTFOUND svc.campustrack.net\n\nCommon situations why this would fail:\n  - you don't have internet access\n  - you forgot to run / boot your web server\n  - your web server isn't accessible\n  - you have weird network configuration settings on your computer",
                "estack": "CypressError: `cy.visit()` failed trying to load:\n\nhttps://svc.campustrack.net/ctng4/academics\n\nWe attempted to make an http request to this URL but the request failed without a response.\n\nWe received this error at the network level:\n\n  > Error: getaddrinfo ENOTFOUND svc.campustrack.net\n\nCommon situations why this would fail:\n  - you don't have internet access\n  - you forgot to run / boot your web server\n  - your web server isn't accessible\n  - you have weird network configuration settings on your computer\n    at <unknown> (https://svc.campustrack.net/__cypress/runner/cypress_runner.js:147677:82)\n    at visitFailedByErr (https://svc.campustrack.net/__cypress/runner/cypress_runner.js:147069:12)\n    at <unknown> (https://svc.campustrack.net/__cypress/runner/cypress_runner.js:147676:11)\n    at tryCatcher (https://svc.campustrack.net/__cypress/runner/cypress_runner.js:18744:23)\n    at Promise._settlePromiseFromHandler (https://svc.campustrack.net/__cypress/runner/cypress_runner.js:16679:31)\n    at Promise._settlePromise (https://svc.campustrack.net/__cypress/runner/cypress_runner.js:16736:18)\n    at Promise._settlePromise0 (https://svc.campustrack.net/__cypress/runner/cypress_runner.js:16781:10)\n    at Promise._settlePromises (https://svc.campustrack.net/__cypress/runner/cypress_runner.js:16857:18)\n    at _drainQueueStep (https://svc.campustrack.net/__cypress/runner/cypress_runner.js:13451:12)\n    at _drainQueue (https://svc.campustrack.net/__cypress/runner/cypress_runner.js:13444:9)\n    at ../../node_modules/bluebird/js/release/async.js.Async._drainQueues (https://svc.campustrack.net/__cypress/runner/cypress_runner.js:13460:5)\n    at Async.drainQueues (https://svc.campustrack.net/__cypress/runner/cypress_runner.js:13330:14)\nFrom Your Spec Code:\n    at Context.eval (webpack:///./cypress/e2e/academics.spec.cy.ts:394:0)\n\nFrom Node.js Internals:\n  Error: getaddrinfo ENOTFOUND svc.campustrack.net\n      at GetAddrInfoReqWrap.onlookup [as oncomplete] (node:dns:71:26)",
                "diff": null
              },
              "uuid": "99f6b030-ac29-49a3-8a4e-852517e71548",
              "parentUUID": "56d58462-0b92-47e2-9461-0fb90baa0e08",
              "isHook": false,
              "skipped": false
            },
            {
              "title": "when user click onFull Marks link, should navigate to Full Marks page and able to download report ",
              "fullTitle": "Academics feature Test when user click onFull Marks link, should navigate to Full Marks page and able to download report ",
              "timedOut": null,
              "duration": 1983,
              "state": "failed",
              "speed": null,
              "pass": false,
              "fail": true,
              "pending": false,
              "context": null,
              "code": "cy.visit('/academics');\ncy.get('a[href=\"/ctng4/academics/fullMarksReport\"]').click();\ncy.url().should('contain', '/fullMarksReport');\ncy.get('h4').should('contain.text', 'AcademicsFull Marks');\ncy.get('span:contains(Exams : )').should('be.visible').next('select').should('exist');\ncy.get('span:contains(Course : )').should('be.visible').next().children('button[class=\"dropdown-toggle\"]').should('exist');\ncy.get('i[class=\"fa fa-file-pdf-o\"]').should('exist');\ncy.get('i[class=\"fa fa-print\"]').should('exist');\ncy.click_Back_Button();\ncy.url().should('eq', Cypress.config().baseUrl + '/academics');",
              "err": {
                "message": "CypressError: `cy.visit()` failed trying to load:\n\nhttps://svc.campustrack.net/ctng4/academics\n\nWe attempted to make an http request to this URL but the request failed without a response.\n\nWe received this error at the network level:\n\n  > Error: getaddrinfo ENOTFOUND svc.campustrack.net\n\nCommon situations why this would fail:\n  - you don't have internet access\n  - you forgot to run / boot your web server\n  - your web server isn't accessible\n  - you have weird network configuration settings on your computer",
                "estack": "CypressError: `cy.visit()` failed trying to load:\n\nhttps://svc.campustrack.net/ctng4/academics\n\nWe attempted to make an http request to this URL but the request failed without a response.\n\nWe received this error at the network level:\n\n  > Error: getaddrinfo ENOTFOUND svc.campustrack.net\n\nCommon situations why this would fail:\n  - you don't have internet access\n  - you forgot to run / boot your web server\n  - your web server isn't accessible\n  - you have weird network configuration settings on your computer\n    at <unknown> (https://svc.campustrack.net/__cypress/runner/cypress_runner.js:147677:82)\n    at visitFailedByErr (https://svc.campustrack.net/__cypress/runner/cypress_runner.js:147069:12)\n    at <unknown> (https://svc.campustrack.net/__cypress/runner/cypress_runner.js:147676:11)\n    at tryCatcher (https://svc.campustrack.net/__cypress/runner/cypress_runner.js:18744:23)\n    at Promise._settlePromiseFromHandler (https://svc.campustrack.net/__cypress/runner/cypress_runner.js:16679:31)\n    at Promise._settlePromise (https://svc.campustrack.net/__cypress/runner/cypress_runner.js:16736:18)\n    at Promise._settlePromise0 (https://svc.campustrack.net/__cypress/runner/cypress_runner.js:16781:10)\n    at Promise._settlePromises (https://svc.campustrack.net/__cypress/runner/cypress_runner.js:16857:18)\n    at _drainQueueStep (https://svc.campustrack.net/__cypress/runner/cypress_runner.js:13451:12)\n    at _drainQueue (https://svc.campustrack.net/__cypress/runner/cypress_runner.js:13444:9)\n    at ../../node_modules/bluebird/js/release/async.js.Async._drainQueues (https://svc.campustrack.net/__cypress/runner/cypress_runner.js:13460:5)\n    at Async.drainQueues (https://svc.campustrack.net/__cypress/runner/cypress_runner.js:13330:14)\nFrom Your Spec Code:\n    at Context.eval (webpack:///./cypress/e2e/academics.spec.cy.ts:406:0)\n\nFrom Node.js Internals:\n  Error: getaddrinfo ENOTFOUND svc.campustrack.net\n      at GetAddrInfoReqWrap.onlookup [as oncomplete] (node:dns:71:26)",
                "diff": null
              },
              "uuid": "667ef683-cc54-436a-be17-a9c0268ec2a5",
              "parentUUID": "56d58462-0b92-47e2-9461-0fb90baa0e08",
              "isHook": false,
              "skipped": false
            },
            {
              "title": "when user click on Failures Report link, should navigate to Failures Report page and able to download report ",
              "fullTitle": "Academics feature Test when user click on Failures Report link, should navigate to Failures Report page and able to download report ",
              "timedOut": null,
              "duration": 2331,
              "state": "failed",
              "speed": null,
              "pass": false,
              "fail": true,
              "pending": false,
              "context": null,
              "code": "cy.visit('/academics');\ncy.get('a[href=\"/ctng4/academics/failuresReport\"]').click();\ncy.url().should('contain', '/failuresReport');\ncy.get('h4').should('contain.text', 'Academics Failures Report');\ncy.get('span:contains(Course : )').should('be.visible').next('div[class=\"dropdown\"]').children('select').should('exist');\ncy.get('i[class=\"fa fa-file-pdf-o\"]').should('exist');\ncy.get('i[class=\"fa fa-print\"]').should('exist');\ncy.click_Back_Button();\ncy.url().should('eq', Cypress.config().baseUrl + '/academics');",
              "err": {
                "message": "CypressError: `cy.visit()` failed trying to load:\n\nhttps://svc.campustrack.net/ctng4/academics\n\nWe attempted to make an http request to this URL but the request failed without a response.\n\nWe received this error at the network level:\n\n  > Error: getaddrinfo ENOTFOUND svc.campustrack.net\n\nCommon situations why this would fail:\n  - you don't have internet access\n  - you forgot to run / boot your web server\n  - your web server isn't accessible\n  - you have weird network configuration settings on your computer",
                "estack": "CypressError: `cy.visit()` failed trying to load:\n\nhttps://svc.campustrack.net/ctng4/academics\n\nWe attempted to make an http request to this URL but the request failed without a response.\n\nWe received this error at the network level:\n\n  > Error: getaddrinfo ENOTFOUND svc.campustrack.net\n\nCommon situations why this would fail:\n  - you don't have internet access\n  - you forgot to run / boot your web server\n  - your web server isn't accessible\n  - you have weird network configuration settings on your computer\n    at <unknown> (https://svc.campustrack.net/__cypress/runner/cypress_runner.js:147677:82)\n    at visitFailedByErr (https://svc.campustrack.net/__cypress/runner/cypress_runner.js:147069:12)\n    at <unknown> (https://svc.campustrack.net/__cypress/runner/cypress_runner.js:147676:11)\n    at tryCatcher (https://svc.campustrack.net/__cypress/runner/cypress_runner.js:18744:23)\n    at Promise._settlePromiseFromHandler (https://svc.campustrack.net/__cypress/runner/cypress_runner.js:16679:31)\n    at Promise._settlePromise (https://svc.campustrack.net/__cypress/runner/cypress_runner.js:16736:18)\n    at Promise._settlePromise0 (https://svc.campustrack.net/__cypress/runner/cypress_runner.js:16781:10)\n    at Promise._settlePromises (https://svc.campustrack.net/__cypress/runner/cypress_runner.js:16857:18)\n    at _drainQueueStep (https://svc.campustrack.net/__cypress/runner/cypress_runner.js:13451:12)\n    at _drainQueue (https://svc.campustrack.net/__cypress/runner/cypress_runner.js:13444:9)\n    at ../../node_modules/bluebird/js/release/async.js.Async._drainQueues (https://svc.campustrack.net/__cypress/runner/cypress_runner.js:13460:5)\n    at Async.drainQueues (https://svc.campustrack.net/__cypress/runner/cypress_runner.js:13330:14)\nFrom Your Spec Code:\n    at Context.eval (webpack:///./cypress/e2e/academics.spec.cy.ts:418:0)\n\nFrom Node.js Internals:\n  Error: getaddrinfo ENOTFOUND svc.campustrack.net\n      at GetAddrInfoReqWrap.onlookup [as oncomplete] (node:dns:71:26)",
                "diff": null
              },
              "uuid": "c168faec-2c6b-4424-a521-242bcc4e39fb",
              "parentUUID": "56d58462-0b92-47e2-9461-0fb90baa0e08",
              "isHook": false,
              "skipped": false
            },
            {
              "title": "when user click on Failures Report link, should navigate to Failures Report page and able to download report ",
              "fullTitle": "Academics feature Test when user click on Failures Report link, should navigate to Failures Report page and able to download report ",
              "timedOut": null,
              "duration": 32736,
              "state": "failed",
              "speed": null,
              "pass": false,
              "fail": true,
              "pending": false,
              "context": null,
              "code": "cy.visit('/academics');\ncy.get('a[href=\"/ctng4/academics/examwiseFailuresReport\"]').click();\ncy.url().should('contain', '/examwiseFailuresReport');\ncy.get('h4').should('contain.text', 'Academics Failures Report');\ncy.get('span:contains(Course : )').should('be.visible').next().children('button[class=\"dropdown-toggle\"]').should('exist');\ncy.get('span:contains(Exams : )').should('be.visible').next('select').should('exist');\ncy.get('i[class=\"fa fa-print\"]').should('exist');\ncy.get('i[class=\"fa fa-file-pdf-o\"]').should('exist');\ncy.click_Back_Button();\ncy.url().should('eq', Cypress.config().baseUrl + '/academics');",
              "err": {
                "message": "CypressError: `cy.screenshot()` timed out waiting `30000ms` to complete.",
                "estack": "CypressError: `cy.screenshot()` timed out waiting `30000ms` to complete.\n    at https://svc.campustrack.net/__cypress/runner/cypress_runner.js:149287:81\n    at tryCatcher (https://svc.campustrack.net/__cypress/runner/cypress_runner.js:18744:23)\n    at https://svc.campustrack.net/__cypress/runner/cypress_runner.js:13866:41\n    at tryCatcher (https://svc.campustrack.net/__cypress/runner/cypress_runner.js:18744:23)\n    at Promise._settlePromiseFromHandler (https://svc.campustrack.net/__cypress/runner/cypress_runner.js:16679:31)\n    at Promise._settlePromise (https://svc.campustrack.net/__cypress/runner/cypress_runner.js:16736:18)\n    at Promise._settlePromise0 (https://svc.campustrack.net/__cypress/runner/cypress_runner.js:16781:10)\n    at Promise._settlePromises (https://svc.campustrack.net/__cypress/runner/cypress_runner.js:16857:18)\n    at _drainQueueStep (https://svc.campustrack.net/__cypress/runner/cypress_runner.js:13451:12)\n    at _drainQueue (https://svc.campustrack.net/__cypress/runner/cypress_runner.js:13444:9)\n    at ../../node_modules/bluebird/js/release/async.js.Async._drainQueues (https://svc.campustrack.net/__cypress/runner/cypress_runner.js:13460:5)\n    at Async.drainQueues (https://svc.campustrack.net/__cypress/runner/cypress_runner.js:13330:14)",
                "diff": null
              },
              "uuid": "59f4b076-d640-4d36-868f-555fbc20b7e0",
              "parentUUID": "56d58462-0b92-47e2-9461-0fb90baa0e08",
              "isHook": false,
              "skipped": false
            },
            {
              "title": "Verify back button in Attendance feature",
              "fullTitle": "Academics feature Test Verify back button in Attendance feature",
              "timedOut": null,
              "duration": 27487,
              "state": "passed",
              "speed": "slow",
              "pass": true,
              "fail": false,
              "pending": false,
              "context": "{\n  \"title\": \"cypress-mochawesome-reporter-videos\",\n  \"value\": \"cypress\\\\e2e\\\\academics.spec.cy.ts\"\n}",
              "code": "cy.visit('/academics');\ncy.get('a[href=\"/ctng4/academics/attendance\"]').click();\ncy.url().should('eq', Cypress.config().baseUrl + '/academics/attendance');\ncy.click_Back_Button();\ncy.url().should('eq', Cypress.config().baseUrl + '/academics');",
              "err": {},
              "uuid": "ac02ab4f-8f01-4a45-877b-da78087c8ad7",
              "parentUUID": "56d58462-0b92-47e2-9461-0fb90baa0e08",
              "isHook": false,
              "skipped": false
            },
            {
              "title": "Verify back button in Calender feature",
              "fullTitle": "Academics feature Test Verify back button in Calender feature",
              "timedOut": null,
              "duration": 24486,
              "state": "passed",
              "speed": "slow",
              "pass": true,
              "fail": false,
              "pending": false,
              "context": "{\n  \"title\": \"cypress-mochawesome-reporter-videos\",\n  \"value\": \"cypress\\\\e2e\\\\academics.spec.cy.ts\"\n}",
              "code": "cy.visit('/academics');\ncy.get('a[href=\"/ctng4/academics/calendar/events\"]').click();\ncy.url().should('eq', Cypress.config().baseUrl + '/academics/calendar/events');\ncy.get('a:contains(Generate calendar)').click(); // clcik on Generate calendar \ncy.url().should('eq', Cypress.config().baseUrl + '/academics/calendar/manage'); // verify we are in calender manage page\ncy.click_Back_Button();\ncy.url().should('eq', Cypress.config().baseUrl + '/academics');\ncy.get('a[href=\"/ctng4/academics/calendar/events\"]').click();\ncy.url().should('eq', Cypress.config().baseUrl + '/academics/calendar/events'); //  verify we are in event add page\ncy.click_Back_Button(); // click on back button\ncy.url().should('eq', Cypress.config().baseUrl + '/academics'); // verify we are on accdemics page\ncy.get('a[href=\"/ctng4/academics/calendar/manage\"]').click();\ncy.url().should('eq', Cypress.config().baseUrl + '/academics/calendar/manage');\ncy.click_Back_Button();\ncy.url().should('eq', Cypress.config().baseUrl + '/academics');",
              "err": {},
              "uuid": "3520b316-fe5b-4a60-af99-f14b16ff3737",
              "parentUUID": "56d58462-0b92-47e2-9461-0fb90baa0e08",
              "isHook": false,
              "skipped": false
            },
            {
              "title": "Verify back button in Exam feature",
              "fullTitle": "Academics feature Test Verify back button in Exam feature",
              "timedOut": null,
              "duration": 17973,
              "state": "passed",
              "speed": "slow",
              "pass": true,
              "fail": false,
              "pending": false,
              "context": "{\n  \"title\": \"cypress-mochawesome-reporter-videos\",\n  \"value\": \"cypress\\\\e2e\\\\academics.spec.cy.ts\"\n}",
              "code": "cy.visit('/academics');\ncy.get('a[href=\"/ctng4/academics/exam\"]').click();\ncy.url().should('eq', Cypress.config().baseUrl + '/academics/exam');\ncy.click_Back_Button();\ncy.url().should('eq', Cypress.config().baseUrl + '/academics');",
              "err": {},
              "uuid": "b7b3e4af-8d80-43aa-a801-7571c3e65fe5",
              "parentUUID": "56d58462-0b92-47e2-9461-0fb90baa0e08",
              "isHook": false,
              "skipped": false
            },
            {
              "title": "Verify back button in timetable feature",
              "fullTitle": "Academics feature Test Verify back button in timetable feature",
              "timedOut": null,
              "duration": 19429,
              "state": "passed",
              "speed": "slow",
              "pass": true,
              "fail": false,
              "pending": false,
              "context": "{\n  \"title\": \"cypress-mochawesome-reporter-videos\",\n  \"value\": \"cypress\\\\e2e\\\\academics.spec.cy.ts\"\n}",
              "code": "cy.visit('/academics');\ncy.get('a[href=\"/ctng4/academics/timetable\"]').click();\ncy.url().should('eq', Cypress.config().baseUrl + '/academics/timetable');\ncy.click_Back_Button();\ncy.url().should('eq', Cypress.config().baseUrl + '/academics');",
              "err": {},
              "uuid": "3f7c47cd-2e64-4bf5-b9dc-bbd1cff046bd",
              "parentUUID": "56d58462-0b92-47e2-9461-0fb90baa0e08",
              "isHook": false,
              "skipped": false
            }
          ],
          "suites": [],
          "passes": [
            "8a28d43c-515e-48e2-b01f-3037d3e0ab98",
            "cba17d02-c3fa-43d6-8826-185d0b53f83f",
            "2ef27bb3-534a-4700-a9a7-f3f3a7437bca",
            "4b8ffca0-1a8d-4297-8acb-75de5a275a55",
            "05efa2e5-5039-41f8-b4fc-abe35fc01bd8",
            "6d0b5079-514c-4bc8-ad30-bf1f61157c3e",
            "014a7b8d-3471-4623-96a9-959fc6eee83e",
            "539e46cb-3d45-438b-90eb-067c919aeebd",
            "3c7a3f76-8d63-4694-88ab-c49b6d88aa3f",
            "055171ad-7d2d-4300-a57e-5d76dec9d553",
            "a92885e8-db24-49ee-b0e3-0ad240625100",
            "5135823a-98c7-41bb-ad5d-acf572438371",
            "9cb3fcc9-9fc3-464c-96ef-baac5398d815",
            "2e3bd651-5930-413f-b645-254865b28fd9",
            "39e5bbce-bca3-4c8c-9067-3c88750d7641",
            "0f1c03f5-4cfa-4856-bbec-a7f8668ba310",
            "fa01c7b7-9539-418a-aa93-4df9953df718",
            "722ce484-51d5-44ce-b78a-7786d626cc7c",
            "70115ac1-4964-4f54-aa50-16471c672676",
            "f4467014-868d-4ca5-add3-5af8191c662c",
            "6243ed23-5299-4c9c-8428-296e1d6207b8",
            "a9dc1ca9-9458-4e47-bebe-a0f3e0e2d744",
            "ac02ab4f-8f01-4a45-877b-da78087c8ad7",
            "3520b316-fe5b-4a60-af99-f14b16ff3737",
            "b7b3e4af-8d80-43aa-a801-7571c3e65fe5",
            "3f7c47cd-2e64-4bf5-b9dc-bbd1cff046bd"
          ],
          "failures": [
            "abfa4339-ad55-48b0-8eeb-15559a73b968",
            "f5de8480-627b-4e33-97e5-872e69b61bd1",
            "85a95d73-b44d-479b-8da9-e68fef963fe9",
            "b52fbe60-73b5-40dd-b2b5-13576e970bee",
            "dd8c7cef-bd15-4082-ad87-32cb99b6b021",
            "3057ee00-9aff-4cdf-ba8e-6e9d73a3b632",
            "b727abf9-222f-4b45-ae12-97352b6d8385",
            "f01d5635-80fd-4a63-99a2-c597590bc452",
            "4b3be241-f079-44be-9229-69795cd23138",
            "99f6b030-ac29-49a3-8a4e-852517e71548",
            "667ef683-cc54-436a-be17-a9c0268ec2a5",
            "c168faec-2c6b-4424-a521-242bcc4e39fb",
            "59f4b076-d640-4d36-868f-555fbc20b7e0"
          ],
          "pending": [],
          "skipped": [],
          "duration": 985883,
          "root": false,
          "rootEmpty": false,
          "_timeout": 2000
        }
      ],
      "passes": [],
      "failures": [],
      "pending": [],
      "skipped": [],
      "duration": 0,
      "root": true,
      "rootEmpty": true,
      "_timeout": 2000
    }
  ],
  "meta": {
    "mocha": {
      "version": "7.0.1"
    },
    "mochawesome": {
      "options": {
        "quiet": false,
        "reportFilename": "mochawesome",
        "saveHtml": false,
        "saveJson": true,
        "consoleReporter": "spec",
        "useInlineDiffs": false,
        "code": true
      },
      "version": "7.1.3"
    },
    "marge": {
      "options": {
        "id": "default",
        "reportDir": "cypress/reports/mocha",
        "charts": true,
        "reportPageTitle": "Campus Track Test Reporter-svc",
        "inlineAssets": true,
        "quite": true,
        "overwrite": false,
        "html": false,
        "json": true
      },
      "version": "6.2.0"
    }
  }
}