{
  "stats": {
    "suites": 1,
    "tests": 14,
    "passes": 14,
    "pending": 0,
    "failures": 0,
    "start": "2023-08-08T10:06:45.438Z",
    "end": "2023-08-08T10:11:24.271Z",
    "duration": 278833,
    "testsRegistered": 14,
    "passPercent": 100,
    "pendingPercent": 0,
    "other": 0,
    "hasOther": false,
    "skipped": 0,
    "hasSkipped": false
  },
  "results": [
    {
      "uuid": "aa332791-9a71-4c6f-90a4-c874c9d40609",
      "title": "",
      "fullFile": "cypress\\e2e\\assets.spec.cy.ts",
      "file": "cypress\\e2e\\assets.spec.cy.ts",
      "beforeHooks": [],
      "afterHooks": [],
      "tests": [],
      "suites": [
        {
          "uuid": "f4b5ccb5-a4dc-4c03-b588-7be5042ca0be",
          "title": "Assets feature Test",
          "fullFile": "",
          "file": "",
          "beforeHooks": [],
          "afterHooks": [],
          "tests": [
            {
              "title": "should navigate to assets page successfully ",
              "fullTitle": "Assets feature Test should navigate to assets page successfully ",
              "timedOut": null,
              "duration": 55674,
              "state": "passed",
              "speed": "slow",
              "pass": true,
              "fail": false,
              "pending": false,
              "context": "{\n  \"title\": \"cypress-mochawesome-reporter-videos\",\n  \"value\": \"cypress\\\\e2e\\\\assets.spec.cy.ts\"\n}",
              "code": "cy.visit('/');\ncy.get('a[href=\"/ctng4/assets\"]').click();\ncy.url().should('include', '/assets');\ncy.get('i[title=\"Add checklist\"]').should('exist');\ncy.get('i[title=\"Add asset\"]').should('exist');\ncy.get('i[title=\"Search / Edit asset\"]').should('exist');\ncy.get('i[title=\"Search/Edit checklist\"]').should('exist');\ncy.get('a:contains(Location wise assets report )').should('be.visible');",
              "err": {},
              "uuid": "95322a9c-e619-4f21-940c-a8e4996d24a5",
              "parentUUID": "f4b5ccb5-a4dc-4c03-b588-7be5042ca0be",
              "isHook": false,
              "skipped": false
            },
            {
              "title": "When user click on asset add link, should navigate to assets/add page",
              "fullTitle": "Assets feature Test When user click on asset add link, should navigate to assets/add page",
              "timedOut": null,
              "duration": 15015,
              "state": "passed",
              "speed": "slow",
              "pass": true,
              "fail": false,
              "pending": false,
              "context": "{\n  \"title\": \"cypress-mochawesome-reporter-videos\",\n  \"value\": \"cypress\\\\e2e\\\\assets.spec.cy.ts\"\n}",
              "code": "cy.visit('/');\ncy.get('a[href=\"/ctng4/assets\"]').click();\ncy.get('i[title=\"Add asset\"]').click();\ncy.url().should('include', '/add');\ncy.get('.form-group').contains('label', 'Tracking Id').next('div').find('input[placeholder=\"Tracking Id\"]').should('exist');\ncy.get('.form-group').contains('label', 'Location').next('div').find('input[placeholder=\"Location\"]').should('exist');\ncy.get('button[class=\"btn btn-xs btn-success pull-right\"]').should('exist').and('have.text', 'Save').should('be.enabled');",
              "err": {},
              "uuid": "769ca45a-e8df-4488-a904-bcbb915d757d",
              "parentUUID": "f4b5ccb5-a4dc-4c03-b588-7be5042ca0be",
              "isHook": false,
              "skipped": false
            },
            {
              "title": "When user enter all input in textfields of assets/add page and click on save button",
              "fullTitle": "Assets feature Test When user enter all input in textfields of assets/add page and click on save button",
              "timedOut": null,
              "duration": 18005,
              "state": "passed",
              "speed": "slow",
              "pass": true,
              "fail": false,
              "pending": false,
              "context": "{\n  \"title\": \"cypress-mochawesome-reporter-videos\",\n  \"value\": \"cypress\\\\e2e\\\\assets.spec.cy.ts\"\n}",
              "code": "cy.visit('/');\ncy.get('a[href=\"/ctng4/assets\"]').click({ force: true });\ncy.get('i[title=\"Add asset\"]').click({ force: true });\ncy.get('input[placeholder=\"Tracking Id\"]').type(Cypress.env('TRACKING ID'));\ncy.get('input[placeholder=\"Location\"]').type(Cypress.env('LOCATION'));\ncy.get('button[class=\"btn btn-xs btn-success pull-right\"]').click();\ncy.screenshot();",
              "err": {},
              "uuid": "4b7dc00d-0785-4c52-91d5-2c58336b9dd4",
              "parentUUID": "f4b5ccb5-a4dc-4c03-b588-7be5042ca0be",
              "isHook": false,
              "skipped": false
            },
            {
              "title": "When user click on asset manage link, should navigate to assets/manage page",
              "fullTitle": "Assets feature Test When user click on asset manage link, should navigate to assets/manage page",
              "timedOut": null,
              "duration": 17087,
              "state": "passed",
              "speed": "slow",
              "pass": true,
              "fail": false,
              "pending": false,
              "context": "{\n  \"title\": \"cypress-mochawesome-reporter-videos\",\n  \"value\": \"cypress\\\\e2e\\\\assets.spec.cy.ts\"\n}",
              "code": "cy.visit('/');\ncy.get('a[href=\"/ctng4/assets\"]').click();\ncy.get('a[href=\"/ctng4/assets/manage\"]').click();\ncy.url().should('include', '/assets/manage');\ncy.get('input[placeholder=\"Search\"]').should('exist');\ncy.get('a:contains(Add New Asset)').should('be.visible');",
              "err": {},
              "uuid": "3b80a1f6-7578-4b8b-9326-a742f79f6d5a",
              "parentUUID": "f4b5ccb5-a4dc-4c03-b588-7be5042ca0be",
              "isHook": false,
              "skipped": false
            },
            {
              "title": "When user click on Add New Asset link, should navigate to assets/add page",
              "fullTitle": "Assets feature Test When user click on Add New Asset link, should navigate to assets/add page",
              "timedOut": null,
              "duration": 17109,
              "state": "passed",
              "speed": "slow",
              "pass": true,
              "fail": false,
              "pending": false,
              "context": "{\n  \"title\": \"cypress-mochawesome-reporter-videos\",\n  \"value\": \"cypress\\\\e2e\\\\assets.spec.cy.ts\"\n}",
              "code": "cy.visit('/');\ncy.get('a[href=\"/ctng4/assets\"]').click();\ncy.get('a[href=\"/ctng4/assets/manage\"]').click();\ncy.get('a:contains(Add New Asset)').click();\ncy.url().should('include', '/assets/add');\ncy.get('input[placeholder=\"Tracking Id\"]').type(Cypress.env('TRACKING ID'));\ncy.get('input[placeholder=\"Location\"]').type(Cypress.env('LOCATION'));\ncy.get('button[class=\"btn btn-xs btn-success pull-right\"]').click();",
              "err": {},
              "uuid": "9bd7fab1-513c-4238-93b8-a2d5dc77464d",
              "parentUUID": "f4b5ccb5-a4dc-4c03-b588-7be5042ca0be",
              "isHook": false,
              "skipped": false
            },
            {
              "title": "When user click on checklist add link, should navigate to /checklist/add page",
              "fullTitle": "Assets feature Test When user click on checklist add link, should navigate to /checklist/add page",
              "timedOut": null,
              "duration": 19283,
              "state": "passed",
              "speed": "slow",
              "pass": true,
              "fail": false,
              "pending": false,
              "context": "{\n  \"title\": \"cypress-mochawesome-reporter-videos\",\n  \"value\": \"cypress\\\\e2e\\\\assets.spec.cy.ts\"\n}",
              "code": "cy.visit('/');\ncy.get('a[href=\"/ctng4/assets\"]').click();\ncy.get('a[href=\"/ctng4/checklist/add\"]').click();\ncy.url().should('include', '/checklist/add');\ncy.get('.form-group').contains('label', 'Title').next('div').find('input[name=\"title\"]').should('exist');\ncy.get('div.form-group input[type=\"text\"]').should('exist');\ncy.get('button[class=\"btn btn-xs btn-success pull-right\"]').should('exist').and('have.text', 'Save').should('be.enabled');",
              "err": {},
              "uuid": "19f431c8-0b8a-405b-ba62-72a597f88c74",
              "parentUUID": "f4b5ccb5-a4dc-4c03-b588-7be5042ca0be",
              "isHook": false,
              "skipped": false
            },
            {
              "title": "When user click on checklist manage link, should navigate to checklist manage page",
              "fullTitle": "Assets feature Test When user click on checklist manage link, should navigate to checklist manage page",
              "timedOut": null,
              "duration": 14403,
              "state": "passed",
              "speed": "slow",
              "pass": true,
              "fail": false,
              "pending": false,
              "context": "{\n  \"title\": \"cypress-mochawesome-reporter-videos\",\n  \"value\": \"cypress\\\\e2e\\\\assets.spec.cy.ts\"\n}",
              "code": "cy.visit('/');\ncy.get('a[href=\"/ctng4/assets\"]').click();\ncy.get('a[href=\"/ctng4/checklist/manage\"]').click();\ncy.url().should('include', '/checklist/manage');\ncy.get('a:contains(Add New Checklist)').should('be.visible');",
              "err": {},
              "uuid": "40264374-35cf-4f17-9685-55bd07ccb934",
              "parentUUID": "f4b5ccb5-a4dc-4c03-b588-7be5042ca0be",
              "isHook": false,
              "skipped": false
            },
            {
              "title": "When user click on Add new Checklist link, should navigate to checklist add page",
              "fullTitle": "Assets feature Test When user click on Add new Checklist link, should navigate to checklist add page",
              "timedOut": null,
              "duration": 15966,
              "state": "passed",
              "speed": "slow",
              "pass": true,
              "fail": false,
              "pending": false,
              "context": "{\n  \"title\": \"cypress-mochawesome-reporter-videos\",\n  \"value\": \"cypress\\\\e2e\\\\assets.spec.cy.ts\"\n}",
              "code": "cy.visit('/');\ncy.get('a[href=\"/ctng4/assets\"]').click();\ncy.get('a[href=\"/ctng4/checklist/manage\"]').click();\ncy.get('a:contains(Add New Checklist)').click();\ncy.url().should('include', '/checklist/add');\ncy.get('div.form-group input[type=\"text\"]').should('exist');\ncy.get('button[class=\"btn btn-xs btn-success pull-right\"]').should('exist').and('have.text', 'Save').should('be.enabled');",
              "err": {},
              "uuid": "c1617919-be22-42a3-a8b0-232880a76f61",
              "parentUUID": "f4b5ccb5-a4dc-4c03-b588-7be5042ca0be",
              "isHook": false,
              "skipped": false
            },
            {
              "title": "When user click on Location wise assets report  link, should navigate to locationwiseReport page",
              "fullTitle": "Assets feature Test When user click on Location wise assets report  link, should navigate to locationwiseReport page",
              "timedOut": null,
              "duration": 22012,
              "state": "passed",
              "speed": "slow",
              "pass": true,
              "fail": false,
              "pending": false,
              "context": "{\n  \"title\": \"cypress-mochawesome-reporter-videos\",\n  \"value\": \"cypress\\\\e2e\\\\assets.spec.cy.ts\"\n}",
              "code": "cy.visit('/');\ncy.get('a[href=\"/ctng4/assets\"]').click();\ncy.get('a:contains(Location wise assets report )').click();\ncy.url().should('include', '/locationwiseReport');\ncy.get('button[title=\"Download As PDF\"]').should('exist');\ncy.get('button[title=\"Print\"]').should('exist');\ncy.contains('Print Options').should('be.visible');\ncy.contains('Report Header').prev('input[type=\"checkbox\"]').should('exist');\ncy.contains('Page Header').prev('input[type=\"checkbox\"]').should('exist');\ncy.contains('Page Header On Each Page').prev('input[type=\"checkbox\"]').should('exist');\ncy.contains('Report Footer').prev('input[type=\"checkbox\"]').should('exist');\ncy.contains('Page Footer').prev('input[type=\"checkbox\"]').should('exist');\ncy.contains('Page Footer On Each Page').prev('input[type=\"checkbox\"]').should('exist');\ncy.contains('Page Border').prev('input[type=\"checkbox\"]').should('exist');\ncy.contains('span', 'Records Per Page :').siblings('input[name=\"pagesize\"]').should('exist');",
              "err": {},
              "uuid": "2f874d5b-82aa-4c5d-bcaf-8c181337c2d1",
              "parentUUID": "f4b5ccb5-a4dc-4c03-b588-7be5042ca0be",
              "isHook": false,
              "skipped": false
            },
            {
              "title": "When user click on tracking id, should navigate to assets/edit page",
              "fullTitle": "Assets feature Test When user click on tracking id, should navigate to assets/edit page",
              "timedOut": null,
              "duration": 23047,
              "state": "passed",
              "speed": "slow",
              "pass": true,
              "fail": false,
              "pending": false,
              "context": "{\n  \"title\": \"cypress-mochawesome-reporter-videos\",\n  \"value\": \"cypress\\\\e2e\\\\assets.spec.cy.ts\"\n}",
              "code": "cy.visit('/');\ncy.get('a[href=\"/ctng4/assets\"]').click();\ncy.get('a[href=\"/ctng4/assets/manage\"]').click();\ncy.contains('tr', 'room 1').contains('a', '123').click();\ncy.url().should('include', '/assets/edit');\ncy.get('div.panel-heading').contains('TrackingId').should('exist').parent().find('button:contains(Update)').should('exist');\ncy.get('input[name=\"trackingId\"]').should('exist');\ncy.get('div.panel-heading').contains('Location').should('exist').parent().find('button:contains(Update)').should('exist');\ncy.get('input[name=\"location\"]').should('exist');\ncy.get('div.panel-heading').contains('Tags ').should('exist').parent().find('button:contains(Update)').should('exist');\ncy.get('input[placeholder=\"tags\"]').should('exist');\ncy.get('div.panel-heading').contains('Value').should('exist').parent().find('button:contains(Update)').should('exist');\ncy.get('input[name=\"value\"]').should('exist');\ncy.click_Back_Button();\ncy.url().should('eq', Cypress.config().baseUrl + '/assets');",
              "err": {},
              "uuid": "181b6c1c-b48f-4b8e-864d-458dc64defbe",
              "parentUUID": "f4b5ccb5-a4dc-4c03-b588-7be5042ca0be",
              "isHook": false,
              "skipped": false
            },
            {
              "title": "Maintance link should be visible and enable in checklist/manage page",
              "fullTitle": "Assets feature Test Maintance link should be visible and enable in checklist/manage page",
              "timedOut": null,
              "duration": 17083,
              "state": "passed",
              "speed": "slow",
              "pass": true,
              "fail": false,
              "pending": false,
              "context": "{\n  \"title\": \"cypress-mochawesome-reporter-videos\",\n  \"value\": \"cypress\\\\e2e\\\\assets.spec.cy.ts\"\n}",
              "code": "cy.visit('/');\ncy.get('a[href=\"/ctng4/assets\"]').click({ force: true });\ncy.get('a[href=\"/ctng4/checklist/manage\"]').click({ force: true });\ncy.contains('Maintenance').should('be.visible').should('not.be.disabled');\n// cy.get('a:contains(Maintenance)').should('be.visible')",
              "err": {},
              "uuid": "e307f917-ad9c-4c69-b3a8-82b4171c302a",
              "parentUUID": "f4b5ccb5-a4dc-4c03-b588-7be5042ca0be",
              "isHook": false,
              "skipped": false
            },
            {
              "title": "Delete link should be visible in checklist/manage page",
              "fullTitle": "Assets feature Test Delete link should be visible in checklist/manage page",
              "timedOut": null,
              "duration": 11982,
              "state": "passed",
              "speed": "slow",
              "pass": true,
              "fail": false,
              "pending": false,
              "context": "{\n  \"title\": \"cypress-mochawesome-reporter-videos\",\n  \"value\": \"cypress\\\\e2e\\\\assets.spec.cy.ts\"\n}",
              "code": "cy.visit('/');\ncy.get('a[href=\"/ctng4/assets\"]').click();\ncy.get('a[href=\"/ctng4/checklist/manage\"]').click();\ncy.contains('Delete').should('be.visible');",
              "err": {},
              "uuid": "32e5bb63-04ac-4b5a-95d1-2c9c907f1f19",
              "parentUUID": "f4b5ccb5-a4dc-4c03-b588-7be5042ca0be",
              "isHook": false,
              "skipped": false
            },
            {
              "title": "Verify back button in Asset feature",
              "fullTitle": "Assets feature Test Verify back button in Asset feature",
              "timedOut": null,
              "duration": 16502,
              "state": "passed",
              "speed": "slow",
              "pass": true,
              "fail": false,
              "pending": false,
              "context": "{\n  \"title\": \"cypress-mochawesome-reporter-videos\",\n  \"value\": \"cypress\\\\e2e\\\\assets.spec.cy.ts\"\n}",
              "code": "cy.visit('/');\ncy.get('a[href=\"/ctng4/assets\"]').click();\ncy.get('a[href=\"/ctng4/assets/add\"]').click();\ncy.url().should('eq', Cypress.config().baseUrl + '/assets/add');\ncy.click_Back_Button();\ncy.url().should('eq', Cypress.config().baseUrl + '/assets');\ncy.get('a[href=\"/ctng4/assets/manage\"]').click();\ncy.url().should('eq', Cypress.config().baseUrl + '/assets/manage');\ncy.get('a:contains(Add New Asset)').click();\ncy.url().should('eq', Cypress.config().baseUrl + '/assets/add');\ncy.click_Back_Button();\ncy.url().should('eq', Cypress.config().baseUrl + '/assets');\ncy.get('a[href=\"/ctng4/assets/manage\"]').click();\ncy.get('th:contains(Tracking Id)').parents('thead').next('tbody').children('tr').first().find('a:contains(123)').click();\ncy.url().should('eq', Cypress.config().baseUrl + '/assets/edit');\ncy.click_Back_Button();\ncy.url().should('eq', Cypress.config().baseUrl + '/assets');",
              "err": {},
              "uuid": "11e96538-473f-4cc2-8e37-5eb7a348bdc1",
              "parentUUID": "f4b5ccb5-a4dc-4c03-b588-7be5042ca0be",
              "isHook": false,
              "skipped": false
            },
            {
              "title": "Verify back button in Checklist feature",
              "fullTitle": "Assets feature Test Verify back button in Checklist feature",
              "timedOut": null,
              "duration": 13062,
              "state": "passed",
              "speed": "slow",
              "pass": true,
              "fail": false,
              "pending": false,
              "context": "{\n  \"title\": \"cypress-mochawesome-reporter-videos\",\n  \"value\": \"cypress\\\\e2e\\\\assets.spec.cy.ts\"\n}",
              "code": "cy.visit('/');\ncy.get('a[href=\"/ctng4/assets\"]').click();\ncy.get('a[href=\"/ctng4/checklist/add\"]').click();\ncy.url().should('eq', Cypress.config().baseUrl + '/checklist/add');\ncy.click_Back_Button();\ncy.url().should('eq', Cypress.config().baseUrl + '/assets');\ncy.get('a[href=\"/ctng4/checklist/manage\"]').click();\ncy.url().should('eq', Cypress.config().baseUrl + '/checklist/manage');\ncy.get('a:contains(Add New Checklist)').click();\ncy.url().should('eq', Cypress.config().baseUrl + '/checklist/add');\ncy.click_Back_Button();\ncy.url().should('eq', Cypress.config().baseUrl + '/assets');\ncy.get('a[href=\"/ctng4/checklist/manage\"]').click();\ncy.url().should('eq', Cypress.config().baseUrl + '/checklist/manage');\ncy.click_Back_Button();\ncy.url().should('eq', Cypress.config().baseUrl + '/assets');",
              "err": {},
              "uuid": "093478ff-f44a-420b-85c0-1a83a9cb854b",
              "parentUUID": "f4b5ccb5-a4dc-4c03-b588-7be5042ca0be",
              "isHook": false,
              "skipped": false
            }
          ],
          "suites": [],
          "passes": [
            "95322a9c-e619-4f21-940c-a8e4996d24a5",
            "769ca45a-e8df-4488-a904-bcbb915d757d",
            "4b7dc00d-0785-4c52-91d5-2c58336b9dd4",
            "3b80a1f6-7578-4b8b-9326-a742f79f6d5a",
            "9bd7fab1-513c-4238-93b8-a2d5dc77464d",
            "19f431c8-0b8a-405b-ba62-72a597f88c74",
            "40264374-35cf-4f17-9685-55bd07ccb934",
            "c1617919-be22-42a3-a8b0-232880a76f61",
            "2f874d5b-82aa-4c5d-bcaf-8c181337c2d1",
            "181b6c1c-b48f-4b8e-864d-458dc64defbe",
            "e307f917-ad9c-4c69-b3a8-82b4171c302a",
            "32e5bb63-04ac-4b5a-95d1-2c9c907f1f19",
            "11e96538-473f-4cc2-8e37-5eb7a348bdc1",
            "093478ff-f44a-420b-85c0-1a83a9cb854b"
          ],
          "failures": [],
          "pending": [],
          "skipped": [],
          "duration": 276230,
          "root": false,
          "rootEmpty": false,
          "_timeout": 2000
        }
      ],
      "passes": [],
      "failures": [],
      "pending": [],
      "skipped": [],
      "duration": 0,
      "root": true,
      "rootEmpty": true,
      "_timeout": 2000
    }
  ],
  "meta": {
    "mocha": {
      "version": "7.0.1"
    },
    "mochawesome": {
      "options": {
        "quiet": false,
        "reportFilename": "mochawesome",
        "saveHtml": false,
        "saveJson": true,
        "consoleReporter": "spec",
        "useInlineDiffs": false,
        "code": true
      },
      "version": "7.1.3"
    },
    "marge": {
      "options": {
        "id": "default",
        "reportDir": "cypress/reports/mocha",
        "charts": true,
        "reportPageTitle": "Campus Track Test Reporter-svc",
        "inlineAssets": true,
        "quite": true,
        "overwrite": false,
        "html": false,
        "json": true
      },
      "version": "6.2.0"
    }
  }
}