{
  "stats": {
    "suites": 1,
    "tests": 2,
    "passes": 2,
    "pending": 0,
    "failures": 0,
    "start": "2023-08-08T10:13:03.749Z",
    "end": "2023-08-08T10:14:01.735Z",
    "duration": 57986,
    "testsRegistered": 2,
    "passPercent": 100,
    "pendingPercent": 0,
    "other": 0,
    "hasOther": false,
    "skipped": 0,
    "hasSkipped": false
  },
  "results": [
    {
      "uuid": "9070a11e-3022-4e22-8e43-2cdcecd7d10f",
      "title": "",
      "fullFile": "cypress\\e2e\\brochure.spec.cy.ts",
      "file": "cypress\\e2e\\brochure.spec.cy.ts",
      "beforeHooks": [],
      "afterHooks": [],
      "tests": [],
      "suites": [
        {
          "uuid": "3c40cecd-29b0-4681-ae6a-0892492a5875",
          "title": "Brochure link Test and spell check",
          "fullFile": "",
          "file": "",
          "beforeHooks": [],
          "afterHooks": [],
          "tests": [
            {
              "title": "When user visit https://prod.campustrack.net/home it should contain Brochure link ",
              "fullTitle": "Brochure link Test and spell check When user visit https://prod.campustrack.net/home it should contain Brochure link ",
              "timedOut": null,
              "duration": 45483,
              "state": "passed",
              "speed": "slow",
              "pass": true,
              "fail": false,
              "pending": false,
              "context": "{\n  \"title\": \"cypress-mochawesome-reporter-videos\",\n  \"value\": \"cypress\\\\e2e\\\\brochure.spec.cy.ts\"\n}",
              "code": "cy.visit(\"/\");\ncy.contains('Brochure').should('be.visible');",
              "err": {},
              "uuid": "8649df15-c6c1-4814-bc51-1ea1df691266",
              "parentUUID": "3c40cecd-29b0-4681-ae6a-0892492a5875",
              "isHook": false,
              "skipped": false
            },
            {
              "title": "When user  Brochure link, brochue should open ",
              "fullTitle": "Brochure link Test and spell check When user  Brochure link, brochue should open ",
              "timedOut": null,
              "duration": 12092,
              "state": "passed",
              "speed": "slow",
              "pass": true,
              "fail": false,
              "pending": false,
              "context": "{\n  \"title\": \"cypress-mochawesome-reporter-videos\",\n  \"value\": \"cypress\\\\e2e\\\\brochure.spec.cy.ts\"\n}",
              "code": "cy.visit(\"/\");\ncy.get('a:contains(Brochure)').click();",
              "err": {},
              "uuid": "ac0f5148-f785-4270-a3ea-bc62a1d3ba0a",
              "parentUUID": "3c40cecd-29b0-4681-ae6a-0892492a5875",
              "isHook": false,
              "skipped": false
            }
          ],
          "suites": [],
          "passes": [
            "8649df15-c6c1-4814-bc51-1ea1df691266",
            "ac0f5148-f785-4270-a3ea-bc62a1d3ba0a"
          ],
          "failures": [],
          "pending": [],
          "skipped": [],
          "duration": 57575,
          "root": false,
          "rootEmpty": false,
          "_timeout": 2000
        }
      ],
      "passes": [],
      "failures": [],
      "pending": [],
      "skipped": [],
      "duration": 0,
      "root": true,
      "rootEmpty": true,
      "_timeout": 2000
    }
  ],
  "meta": {
    "mocha": {
      "version": "7.0.1"
    },
    "mochawesome": {
      "options": {
        "quiet": false,
        "reportFilename": "mochawesome",
        "saveHtml": false,
        "saveJson": true,
        "consoleReporter": "spec",
        "useInlineDiffs": false,
        "code": true
      },
      "version": "7.1.3"
    },
    "marge": {
      "options": {
        "id": "default",
        "reportDir": "cypress/reports/mocha",
        "charts": true,
        "reportPageTitle": "Campus Track Test Reporter-svc",
        "inlineAssets": true,
        "quite": true,
        "overwrite": false,
        "html": false,
        "json": true
      },
      "version": "6.2.0"
    }
  }
}