{
  "stats": {
    "suites": 1,
    "tests": 1,
    "passes": 0,
    "pending": 0,
    "failures": 1,
    "start": "2023-08-08T09:55:41.539Z",
    "end": "2023-08-08T09:56:44.186Z",
    "duration": 62647,
    "testsRegistered": 63,
    "passPercent": 0,
    "pendingPercent": 0,
    "other": 0,
    "hasOther": false,
    "skipped": 62,
    "hasSkipped": true
  },
  "results": [
    {
      "uuid": "c34f9557-9276-47f1-95ca-dfa965d1ee2d",
      "title": "",
      "fullFile": "cypress\\e2e\\admin.spec.cy.ts",
      "file": "cypress\\e2e\\admin.spec.cy.ts",
      "beforeHooks": [],
      "afterHooks": [],
      "tests": [],
      "suites": [
        {
          "uuid": "56700147-a83f-4bb5-8da3-354eabda13b6",
          "title": "Admin feature Test",
          "fullFile": "",
          "file": "",
          "beforeHooks": [],
          "afterHooks": [],
          "tests": [
            {
              "title": "should navigate to admin page successfully ",
              "fullTitle": "Admin feature Test should navigate to admin page successfully ",
              "timedOut": null,
              "duration": 61332,
              "state": "failed",
              "speed": null,
              "pass": false,
              "fail": true,
              "pending": false,
              "context": null,
              "code": "cy.visit('/admin');\ncy.url().should('include', '/admin');\ncy.get('li:contains(Action Links)').should('be.visible').parent().within(function () {\n    cy.get('span:contains(Course)').should('be.visible').next().first().find('a[href=\"/ctng4/admin/course/manage\"]').should('exist').parent().next().find('a[href=\"/ctng4/admin/course/add\"]').should('exist');\n    cy.get('span:contains(Data)').should('be.visible').next().find('a[href=\"/ctng4/admin/data/manage\"]').should('exist');\n    cy.get('span:contains(Institute)').should('be.visible').next().first().find('a[href=\"/ctng4/admin/inst\"]').should('exist').parent().next().find('a[href=\"/ctng4/admin/inst/add\"]').should('exist');\n    cy.get('span:contains(Org)').should('be.visible').next().first().find('a[href=\"/ctng4/admin/org\"]').should('exist').parent().next().find('a[href=\"/ctng4/admin/org/add\"]').should('exist');\n    cy.get('span:contains(Student)').should('be.visible').next().first().find('a[href=\"/ctng4/admin/student/manage\"]').should('exist').parent().next().find('a[href=\"/ctng4/admin/student/add\"]').should('exist');\n    cy.get('span:contains(Report)').should('be.visible').next().first().find('a[href=\"/ctng4/admin/report/manage\"]').should('exist').parent().next().find('a[href=\"/ctng4/admin/report/add\"]').should('exist');\n});\ncy.get('a[href=\"/ctng4/admin/courseListReport\"]').should('exist');\ncy.get('a[href=\"/ctng4/admin/calendarReport\"]').should('exist');\ncy.get('a[href=\"/ctng4/admin/summaryReport\"]').should('exist');\ncy.get('a[href=\"/ctng4/admin/upcomingEventsAdminReport\"]').should('exist');\ncy.get('a[href=\"/ctng4/admin/receiptConsolidatedReport\"]').should('exist');\ncy.get('a[href=\"/ctng4/admin/usersReport\"]').should('exist');\ncy.get('a[href=\"/ctng4/admin/coursewiseBreakupReport\"]').should('exist');\ncy.get('a[href=\"/ctng4/admin/studentDetailsReport\"]').should('exist');\ncy.get('a[href=\"/ctng4/admin/sectionwiseBreakupReport\"]').should('exist');\ncy.get('a[href=\"/ctng4/admin/basicSectionwiseBreakupReport\"]').should('exist');\ncy.get('a[href=\"/ctng4/admin/sectionwiseParentDetailsReport\"]').should('exist');\ncy.get('a[href=\"/ctng4/admin/newAdmissionsReport\"]').should('exist');\ncy.get('a[href=\"/ctng4/admin/tcStudentsList\"').should('exist');",
              "err": {
                "message": "CypressError: Timed out after waiting `60000ms` for your remote page to load.\n\nYour page did not fire its `load` event within `60000ms`.\n\nYou can try increasing the `pageLoadTimeout` value in `cypress.config.ts` to wait longer.\n\nBrowsers will not fire the `load` event until all stylesheets and scripts are done downloading.\n\nWhen this `load` event occurs, Cypress will continue running commands.\n\nThis error occurred while creating the session. Because the session setup failed, we failed the test.\n\nBecause this error occurred during a `before each` hook we are skipping the remaining tests in the current suite: `Admin feature Test`",
                "estack": "CypressError: Timed out after waiting `60000ms` for your remote page to load.\n\nYour page did not fire its `load` event within `60000ms`.\n\nYou can try increasing the `pageLoadTimeout` value in `cypress.config.ts` to wait longer.\n\nBrowsers will not fire the `load` event until all stylesheets and scripts are done downloading.\n\nWhen this `load` event occurs, Cypress will continue running commands.\n\nThis error occurred while creating the session. Because the session setup failed, we failed the test.\n\nBecause this error occurred during a `before each` hook we are skipping the remaining tests in the current suite: `Admin feature Test`\n    at timedOutWaitingForPageLoad (https://svc.campustrack.net/__cypress/runner/cypress_runner.js:146720:72)\n    at <unknown> (https://svc.campustrack.net/__cypress/runner/cypress_runner.js:147694:16)\n    at tryCatcher (https://svc.campustrack.net/__cypress/runner/cypress_runner.js:18744:23)\n    at <unknown> (https://svc.campustrack.net/__cypress/runner/cypress_runner.js:13866:41)\n    at tryCatcher (https://svc.campustrack.net/__cypress/runner/cypress_runner.js:18744:23)\n    at Promise._settlePromiseFromHandler (https://svc.campustrack.net/__cypress/runner/cypress_runner.js:16679:31)\n    at Promise._settlePromise (https://svc.campustrack.net/__cypress/runner/cypress_runner.js:16736:18)\n    at Promise._settlePromise0 (https://svc.campustrack.net/__cypress/runner/cypress_runner.js:16781:10)\n    at Promise._settlePromises (https://svc.campustrack.net/__cypress/runner/cypress_runner.js:16857:18)\n    at _drainQueueStep (https://svc.campustrack.net/__cypress/runner/cypress_runner.js:13451:12)\n    at _drainQueue (https://svc.campustrack.net/__cypress/runner/cypress_runner.js:13444:9)\n    at ../../node_modules/bluebird/js/release/async.js.Async._drainQueues (https://svc.campustrack.net/__cypress/runner/cypress_runner.js:13460:5)\n    at Async.drainQueues (https://svc.campustrack.net/__cypress/runner/cypress_runner.js:13330:14)\nFrom Your Spec Code:\n    at Object.eval [as setup] (webpack:///./cypress/support/commands.ts:41:0)",
                "diff": null
              },
              "uuid": "9aa7fdf8-860d-44e5-9001-08a653a4c917",
              "parentUUID": "56700147-a83f-4bb5-8da3-354eabda13b6",
              "isHook": false,
              "skipped": false
            },
            {
              "title": "when user click on courses offered link,should navigate to Course List page successfully ",
              "fullTitle": "Admin feature Test when user click on courses offered link,should navigate to Course List page successfully ",
              "timedOut": null,
              "duration": 0,
              "state": "skipped",
              "speed": null,
              "pass": false,
              "fail": false,
              "pending": false,
              "context": null,
              "code": "cy.visit('/admin');\ncy.get('a[href=\"/ctng4/admin/courseListReport\"]').click();\ncy.url().should('include', '/courseListReport');\ncy.get('button[title=\"Download As PDF\"]').should('be.enabled');\ncy.get('button[title=\"Print\"]').should('be.enabled');\ncy.contains('Report Header').should('be.visible');\ncy.contains('Page Header').should('be.visible');\ncy.contains('Page Header On Each Page').should('be.visible');\ncy.click_Back_Button();\ncy.url().should('eq', Cypress.config().baseUrl + '/admin');",
              "err": {},
              "uuid": "b4954730-cac0-40f6-a92e-ef3d19e4f968",
              "parentUUID": "56700147-a83f-4bb5-8da3-354eabda13b6",
              "isHook": false,
              "skipped": true
            },
            {
              "title": "when user click on calender link, should navigate to Calendar Report page successfully ",
              "fullTitle": "Admin feature Test when user click on calender link, should navigate to Calendar Report page successfully ",
              "timedOut": null,
              "duration": 0,
              "state": "skipped",
              "speed": null,
              "pass": false,
              "fail": false,
              "pending": false,
              "context": null,
              "code": "cy.visit('/admin');\ncy.get('a[href=\"/ctng4/admin/calendarReport\"]').click();\ncy.url().should('include', '/calendarReport');\ncy.get('button[title=\"Download As PDF\"]').should('be.enabled');\ncy.get('button[title=\"Print\"]').should('be.enabled');\ncy.contains('Report Header').should('be.visible');\ncy.contains('Page Header').should('be.visible');\ncy.contains('Page Header On Each Page').should('be.visible');\ncy.click_Back_Button();\ncy.url().should('eq', Cypress.config().baseUrl + '/admin');",
              "err": {},
              "uuid": "57780290-1c7d-4731-a5b1-0d4d9ae7b80e",
              "parentUUID": "56700147-a83f-4bb5-8da3-354eabda13b6",
              "isHook": false,
              "skipped": true
            },
            {
              "title": "when user click on Summary report  link, should navigate to Institutes Summary page successfully ",
              "fullTitle": "Admin feature Test when user click on Summary report  link, should navigate to Institutes Summary page successfully ",
              "timedOut": null,
              "duration": 0,
              "state": "skipped",
              "speed": null,
              "pass": false,
              "fail": false,
              "pending": false,
              "context": null,
              "code": "cy.visit('/admin');\ncy.get('a[href=\"/ctng4/admin/summaryReport\"]').click();\ncy.url().should('include', '/summaryReport');\ncy.get('button[title=\"Download As PDF\"]').should('be.enabled');\ncy.get('button[title=\"Print\"]').should('be.enabled');\ncy.contains('Report Header').should('be.visible');\ncy.contains('Page Header').should('be.visible');\ncy.contains('Page Header On Each Page').should('be.visible');\ncy.click_Back_Button();\ncy.url().should('eq', Cypress.config().baseUrl + '/admin');",
              "err": {},
              "uuid": "159ec326-fdf5-44d4-a94a-7d0184d4a4e2",
              "parentUUID": "56700147-a83f-4bb5-8da3-354eabda13b6",
              "isHook": false,
              "skipped": true
            },
            {
              "title": "when user click on course add link, should navigate to course add page successfully ",
              "fullTitle": "Admin feature Test when user click on course add link, should navigate to course add page successfully ",
              "timedOut": null,
              "duration": 0,
              "state": "skipped",
              "speed": null,
              "pass": false,
              "fail": false,
              "pending": false,
              "context": null,
              "code": "cy.visit('/admin');\ncy.get('a[href=\"/ctng4/admin/course/add\"]').click();\ncy.url().should('include', 'course/add');\ncy.get('input[name=\"courseName\"]').should('exist');\ncy.get('input[name=\"branch\"]').should('exist');\ncy.get('select[name=\"eduLevel\"]').should('exist');\ncy.get('input[name=\"affiliation\"]').should('exist');\ncy.get('button[class=\"btn btn-xs btn-success\"]').should('contain', 'Save').should('be.enabled');",
              "err": {},
              "uuid": "5c60ef85-6dac-465a-a7ad-c6751793b9d1",
              "parentUUID": "56700147-a83f-4bb5-8da3-354eabda13b6",
              "isHook": false,
              "skipped": true
            },
            {
              "title": "When user enter valid details in all textfield of course add page and click on course should display in course manage page ",
              "fullTitle": "Admin feature Test When user enter valid details in all textfield of course add page and click on course should display in course manage page ",
              "timedOut": null,
              "duration": 0,
              "state": "skipped",
              "speed": null,
              "pass": false,
              "fail": false,
              "pending": false,
              "context": null,
              "code": "cy.visit('/admin');\ncy.get('a[href=\"/ctng4/admin/course/add\"]').click();\ncy.get('input[name=\"courseName\"]').type(Cypress.env('course_add'));\ncy.get('input[name=\"branch\"]').type(Cypress.env('BRANCH_add'));\ncy.get('select').select('Under gradutate').should('have.value', '20');\ncy.get('input[name=\"affiliation\"]').type(Cypress.env('AFFILIATION_add'));\ncy.get('button[class=\"btn btn-xs btn-success\"]').click();\ncy.get('a[href=\"/ctng4/admin/course/manage\"]').click({ force: true });\ncy.get('input[placeholder=\"Search\"]').type(Cypress.env('course_add'));\ncy.get('i[class=\"fa fa-search\"]').click();\ncy.contains(Cypress.env('course_add')).should('be.visible');",
              "err": {},
              "uuid": "7d4e9ec7-41cd-4043-bc29-e87ec8acf286",
              "parentUUID": "56700147-a83f-4bb5-8da3-354eabda13b6",
              "isHook": false,
              "skipped": true
            },
            {
              "title": "When user click on Terms link, should navigate to Terms page ",
              "fullTitle": "Admin feature Test When user click on Terms link, should navigate to Terms page ",
              "timedOut": null,
              "duration": 0,
              "state": "skipped",
              "speed": null,
              "pass": false,
              "fail": false,
              "pending": false,
              "context": null,
              "code": "cy.visit('/admin');\ncy.get('a[href=\"/ctng4/admin/course/manage\"]').click();\ncy.contains('tr', Cypress.env('course_Name')).within(function () { cy.contains('a', 'Terms').click(); });\ncy.url().should('include', '/admin/course/manageTerms');\ncy.get('a:contains(Add New Term)').should('be.visible');",
              "err": {},
              "uuid": "511559bd-b80a-4415-9cfd-412457439e77",
              "parentUUID": "56700147-a83f-4bb5-8da3-354eabda13b6",
              "isHook": false,
              "skipped": true
            },
            {
              "title": "When user click on Copy As link, should navigate to Copy As page ",
              "fullTitle": "Admin feature Test When user click on Copy As link, should navigate to Copy As page ",
              "timedOut": null,
              "duration": 0,
              "state": "skipped",
              "speed": null,
              "pass": false,
              "fail": false,
              "pending": false,
              "context": null,
              "code": "cy.visit('/admin');\ncy.get('a[href=\"/ctng4/admin/course/manage\"]').click();\ncy.contains('tr', Cypress.env('course_Name')).within(function () { cy.contains('a', 'Copy As').click(); });\ncy.url().should('include', '/admin/course/manage/copy');\ncy.get('.form-group').contains('label', 'Name').next('div').find('input[name=\"courseName\"]').should('exist');\ncy.get('button:contains(Save)').should('be.disabled');",
              "err": {},
              "uuid": "05c04ad7-3708-4ba9-ab01-f9abfab1521c",
              "parentUUID": "56700147-a83f-4bb5-8da3-354eabda13b6",
              "isHook": false,
              "skipped": true
            },
            {
              "title": "When user click on Disable,selected course will be should be disabled",
              "fullTitle": "Admin feature Test When user click on Disable,selected course will be should be disabled",
              "timedOut": null,
              "duration": 0,
              "state": "skipped",
              "speed": null,
              "pass": false,
              "fail": false,
              "pending": false,
              "context": null,
              "code": "cy.visit('/admin');\ncy.get('a[href=\"/ctng4/admin/course/add\"]').click({ force: true });\ncy.get('input[name=\"courseName\"]').type(Cypress.env('courseName'));\ncy.get('input[name=\"branch\"]').type(Cypress.env('BRANCH'));\ncy.get('select').select('Graduate').should('have.value', '30');\ncy.get('input[name=\"affiliation\"]').type(Cypress.env('AFFILIATION'));\ncy.get('button[class=\"btn btn-xs btn-success\"]').click();\ncy.get('a[href=\"/ctng4/admin/course/manage\"]').click({ force: true });\ncy.contains('tr', Cypress.env('courseName')).within(function () { cy.get('a[class=\"text-danger\"]').click(); });\n// cy.contains('tr', 'B.Com 2').within(() => { cy.get('a[title=\"Enable course\"]').click() })\n// cy.contains('tr', 'B.Com 2').find('a').contains('Enable').click()",
              "err": {},
              "uuid": "c7c9c918-be65-4351-bb12-07caee401aa3",
              "parentUUID": "56700147-a83f-4bb5-8da3-354eabda13b6",
              "isHook": false,
              "skipped": true
            },
            {
              "title": "When user click on Enable,selected course will be should be Enabled",
              "fullTitle": "Admin feature Test When user click on Enable,selected course will be should be Enabled",
              "timedOut": null,
              "duration": 0,
              "state": "skipped",
              "speed": null,
              "pass": false,
              "fail": false,
              "pending": false,
              "context": null,
              "code": "cy.visit('/admin');\ncy.get('a[href=\"/ctng4/admin/course/add\"]').click();\ncy.get('input[name=\"courseName\"]').type(Cypress.env('courseName'));\ncy.get('input[name=\"branch\"]').type(Cypress.env('BRANCH'));\ncy.get('select').select('Graduate').should('have.value', '30');\ncy.get('input[name=\"affiliation\"]').type(Cypress.env('AFFILIATION'));\ncy.get('button[class=\"btn btn-xs btn-success\"]').click();\ncy.get('a[href=\"/ctng4/admin/course/manage\"]').click();\ncy.contains('tr', Cypress.env('courseName')).within(function () { cy.get('a[class=\"text-danger\"]').click(); });\ncy.contains('tr', Cypress.env('courseName')).within(function () { cy.get('a[title=\"Enable course\"]').click({ force: true }); });\n// cy.contains('tr', 'B.Com 2').find('a').contains('Enable').click()",
              "err": {},
              "uuid": "defab0dc-d511-4fd8-9c34-1f41bc3577ac",
              "parentUUID": "56700147-a83f-4bb5-8da3-354eabda13b6",
              "isHook": false,
              "skipped": true
            },
            {
              "title": "When user click on Add New Term link ,should navigate to Add Term page and able to add term",
              "fullTitle": "Admin feature Test When user click on Add New Term link ,should navigate to Add Term page and able to add term",
              "timedOut": null,
              "duration": 0,
              "state": "skipped",
              "speed": null,
              "pass": false,
              "fail": false,
              "pending": false,
              "context": null,
              "code": "cy.visit('/admin');\ncy.get('a[href=\"/ctng4/admin/course/manage\"]').click();\ncy.contains('tr', Cypress.env('course')).within(function () { cy.contains('a', 'Terms').click(); });\ncy.get('a:contains(Add New Term)').click();\ncy.url().should('include', '/admin/course/addTerm');\ncy.get('.form-group').contains('label', 'Name').next('div').find('input[name=\"termName\"]').should('exist').type(Cypress.env('TermName'));\ncy.get('.form-group').contains('label', 'From').next('div').find('span').children('i[class=\"glyphicon glyphicon-calendar\"]').next('input[name=\"from\"]').should('exist').type(Cypress.env('DateFrom'));\ncy.get('.form-group').contains('label', 'To').next('div').children('span').find('i[class=\"glyphicon glyphicon-calendar\"]').next('input[name=\"to\"]').should('exist').type(Cypress.env('DateTo'));\ncy.get('button:contains(Save)').should('be.enabled').click();",
              "err": {},
              "uuid": "c094b86f-79f9-49d6-8c79-570b777dced0",
              "parentUUID": "56700147-a83f-4bb5-8da3-354eabda13b6",
              "isHook": false,
              "skipped": true
            },
            {
              "title": "When user click on Sections,should navigate to Course/term/sections page page",
              "fullTitle": "Admin feature Test When user click on Sections,should navigate to Course/term/sections page page",
              "timedOut": null,
              "duration": 0,
              "state": "skipped",
              "speed": null,
              "pass": false,
              "fail": false,
              "pending": false,
              "context": null,
              "code": "cy.visit('/admin');\ncy.get('a[href=\"/ctng4/admin/course/manage\"]').click();\ncy.contains('tr', Cypress.env('course')).within(function () { cy.contains('a', 'Terms').click(); });\ncy.contains('tr', Cypress.env('TermName')).contains('Sections').click();\ncy.url().should('include', '/manageSections');\ncy.get('a:contains(Add New Section)').should('be.visible');",
              "err": {},
              "uuid": "c7f13417-425d-4b1a-88ad-f080548e0ef9",
              "parentUUID": "56700147-a83f-4bb5-8da3-354eabda13b6",
              "isHook": false,
              "skipped": true
            },
            {
              "title": "When user click on Add New Section ,should navigate to section add page page",
              "fullTitle": "Admin feature Test When user click on Add New Section ,should navigate to section add page page",
              "timedOut": null,
              "duration": 0,
              "state": "skipped",
              "speed": null,
              "pass": false,
              "fail": false,
              "pending": false,
              "context": null,
              "code": "cy.visit('/admin');\ncy.get('a[href=\"/ctng4/admin/course/manage\"]').click();\ncy.contains('tr', Cypress.env('course')).within(function () { cy.contains('a', 'Terms').click(); });\ncy.contains('tr', Cypress.env('TermName')).contains('Sections').click();\ncy.get('a:contains(Add New Section)').click();\ncy.url().should('include', '/addSection');\ncy.get('div:contains(Section details )').should('be.visible');\ncy.get('button:contains(Save)').should('exist').should('be.disabled');\ncy.get('label:contains(Name)').should('be.visible').next().children('input[name=\"secName\"]').should('exist');",
              "err": {},
              "uuid": "c7fe8af6-7244-477f-89c7-05b08fa91d26",
              "parentUUID": "56700147-a83f-4bb5-8da3-354eabda13b6",
              "isHook": false,
              "skipped": true
            },
            {
              "title": "When user click on Delete,User selected term should be deleted",
              "fullTitle": "Admin feature Test When user click on Delete,User selected term should be deleted",
              "timedOut": null,
              "duration": 0,
              "state": "skipped",
              "speed": null,
              "pass": false,
              "fail": false,
              "pending": false,
              "context": null,
              "code": "cy.visit('/admin');\ncy.get('a[href=\"/ctng4/admin/course/manage\"]').click();\ncy.contains('tr', Cypress.env('course')).within(function () { cy.contains('a', 'Terms').click(); });\ncy.contains('tr', Cypress.env('TermName')).contains('Delete').click();\ncy.get('a:contains(Add New Term)').click({ force: true });\ncy.get('input[name=\"termName\"]').type(Cypress.env('TermName'));\ncy.get('input[name=\"from\"]').type(Cypress.env('DateFrom'));\ncy.get('input[name=\"to\"]').type(Cypress.env('DateTo'));\ncy.get('button:contains(Save)').click({ force: true });\n// cy.get('button[ng-reflect-router-link=\"/admin/course/manageTerms\"]').click()",
              "err": {},
              "uuid": "1186508d-9c08-41c6-89a7-d345c3ebd508",
              "parentUUID": "56700147-a83f-4bb5-8da3-354eabda13b6",
              "isHook": false,
              "skipped": true
            },
            {
              "title": "When user click on term name, User  should navigate to term edit page",
              "fullTitle": "Admin feature Test When user click on term name, User  should navigate to term edit page",
              "timedOut": null,
              "duration": 0,
              "state": "skipped",
              "speed": null,
              "pass": false,
              "fail": false,
              "pending": false,
              "context": null,
              "code": "cy.visit('/admin');\ncy.get('a[href=\"/ctng4/admin/course/manage\"]').click();\ncy.contains('tr', Cypress.env('course')).within(function () { cy.contains('a', 'Terms').click(); });\ncy.get('a:contains(Add New Term)').click({ force: true });\ncy.get('input[name=\"termName\"]').type(Cypress.env('TermName'));\ncy.get('input[name=\"from\"]').type(Cypress.env('DateFrom'));\ncy.get('input[name=\"to\"]').type(Cypress.env('DateTo'));\ncy.get('button:contains(Save)').click({ force: true });\ncy.get('a:contains(Course)').click({ force: true });\ncy.contains('tr', Cypress.env('course')).within(function () { cy.contains('a', 'Terms').click(); });\ncy.wait(4000);\ncy.contains('a', Cypress.env('TermName')).click();\ncy.url().should('include', '/course/editTerm');\ncy.get('.form-group').contains('label', 'Name').next('div').find('input[ng-reflect-model=\"First term\"]').should('exist');\ncy.get('button:contains(Rename Term)').should('be.enabled');\ncy.get('.form-group').contains('label', 'From').next('div').children('span').find('i[class=\"glyphicon glyphicon-calendar\"]').next('input[name=\"from\"]').should('exist');\ncy.get('.form-group').contains('label', 'To').next('div').children('span').find('i[class=\"glyphicon glyphicon-calendar\"]').next('input[name=\"to\"]').should('exist');\ncy.get('button:contains(Update Term)').should('be.enabled');",
              "err": {},
              "uuid": "7dfa297d-fb82-4ea2-897b-a506bf6365a6",
              "parentUUID": "56700147-a83f-4bb5-8da3-354eabda13b6",
              "isHook": false,
              "skipped": true
            },
            {
              "title": "When user edit/change the terms detail and click on Update Term button term details should be updated",
              "fullTitle": "Admin feature Test When user edit/change the terms detail and click on Update Term button term details should be updated",
              "timedOut": null,
              "duration": 0,
              "state": "skipped",
              "speed": null,
              "pass": false,
              "fail": false,
              "pending": false,
              "context": null,
              "code": "var now = new Date();\ncy.clock(now);\ncy.visit('/admin');\ncy.get('a[href=\"/ctng4/admin/course/manage\"]').click();\ncy.contains('tr', Cypress.env('course')).within(function () { cy.contains('a', 'Terms').click(); });\ncy.contains('a', Cypress.env('TermName')).click();\ncy.url().should('include', '/course/editTerm');\ncy.get('input[name=\"from\"]').clear().type(Cypress.env('DateFrom'));\ncy.get('input[name=\"to\"]').clear().type(new Date().toLocaleDateString());\ncy.get('button:contains(Update Term)').click();",
              "err": {},
              "uuid": "adf199c8-0f6a-4d7e-aa12-d74e74fc9df2",
              "parentUUID": "56700147-a83f-4bb5-8da3-354eabda13b6",
              "isHook": false,
              "skipped": true
            },
            {
              "title": "When user click copy AS link navigte to course/manage/copy and enter valid input in name text field then save copied course on clicking save",
              "fullTitle": "Admin feature Test When user click copy AS link navigte to course/manage/copy and enter valid input in name text field then save copied course on clicking save",
              "timedOut": null,
              "duration": 0,
              "state": "skipped",
              "speed": null,
              "pass": false,
              "fail": false,
              "pending": false,
              "context": null,
              "code": "cy.visit('/admin');\ncy.get('a[href=\"/ctng4/admin/course/manage\"]').click();\ncy.contains('tr', Cypress.env('course_Name')).within(function () { cy.contains('a', 'Copy As').click(); });\ncy.url().should('include', '/course/manage/copy');\ncy.get('input[name=\"courseName\"]').type(Cypress.env('course_Name'));\ncy.get('button:contains(Save)').click();",
              "err": {},
              "uuid": "6fbad3f5-d2d3-4844-8def-e5e28a4fb864",
              "parentUUID": "56700147-a83f-4bb5-8da3-354eabda13b6",
              "isHook": false,
              "skipped": true
            },
            {
              "title": "When user click on course mange link, should navigate to course manage page ",
              "fullTitle": "Admin feature Test When user click on course mange link, should navigate to course manage page ",
              "timedOut": null,
              "duration": 0,
              "state": "skipped",
              "speed": null,
              "pass": false,
              "fail": false,
              "pending": false,
              "context": null,
              "code": "cy.visit('/admin');\ncy.get('a[href=\"/ctng4/admin/course/manage\"]').click();\ncy.url().should('include', '/course/manage');\ncy.get('input[placeholder=\"Search\"]').should('exist');\ncy.get('a:contains(Add New Course)').should('exist');\ncy.get('thead').within(function () {\n    cy.get('th').eq(0).should('contain', 'Name');\n    cy.get('th').eq(1).should('contain', 'Level');\n    cy.get('th').eq(2).should('contain', 'Affiliation');\n    cy.get('th').eq(3).should('contain', 'Actions');\n});",
              "err": {},
              "uuid": "c7ef54fe-fd81-43b7-9cb7-4a5771663fa4",
              "parentUUID": "56700147-a83f-4bb5-8da3-354eabda13b6",
              "isHook": false,
              "skipped": true
            },
            {
              "title": "When user click on Institutes Add link, should navigate to Institutes Add  page",
              "fullTitle": "Admin feature Test When user click on Institutes Add link, should navigate to Institutes Add  page",
              "timedOut": null,
              "duration": 0,
              "state": "skipped",
              "speed": null,
              "pass": false,
              "fail": false,
              "pending": false,
              "context": null,
              "code": "cy.visit('/admin');\ncy.get('a[href=\"/ctng4/admin/inst/add\"]').click();\ncy.url().should('include', '/inst/add');\ncy.get('input[name=\"instName\"]').should('exist');\ncy.get('input[name=\"instShortName\"]').should('exist');\ncy.get('input[name=\"acadFrom\"]').should('exist');\ncy.get('i[class=\"glyphicon glyphicon-calendar\"]').should('exist');\ncy.get('input[name=\"acadTo\"]').should('exist');\ncy.get('i[class=\"glyphicon glyphicon-calendar\"]').should('exist');\ncy.get('button[class=\"btn btn-xs btn-success\"]').should('contain', 'Save');\ncy.get('button[class=\"btn btn-xs btn-success\"]').should('be.disabled');",
              "err": {},
              "uuid": "ae793d52-83e7-4bbb-9ddc-225f2dee9519",
              "parentUUID": "56700147-a83f-4bb5-8da3-354eabda13b6",
              "isHook": false,
              "skipped": true
            },
            {
              "title": "When user enter all valid details in text field of institute add page , save button should get enabled",
              "fullTitle": "Admin feature Test When user enter all valid details in text field of institute add page , save button should get enabled",
              "timedOut": null,
              "duration": 0,
              "state": "skipped",
              "speed": null,
              "pass": false,
              "fail": false,
              "pending": false,
              "context": null,
              "code": "cy.visit('/admin');\ncy.get('a[href=\"/ctng4/admin/inst/add\"]').click();\ncy.get('input[name=\"instName\"]').type(Cypress.env('instName'));\ncy.get('input[name=\"instShortName\"]').type(Cypress.env('instShortName'));\ncy.get('input[name=\"acadFrom\"]').type(Cypress.env('DateFrom'));\ncy.get('input[name=\"acadTo\"]').type(Cypress.env('DateTo'));\ncy.get('input[name=\"acadTo\"]').click();\ncy.get('button[class=\"btn btn-xs btn-success\"]').should('contain', 'Save').click({ force: true });",
              "err": {},
              "uuid": "70b6f016-dc54-479a-b51c-7f9c381ee1f6",
              "parentUUID": "56700147-a83f-4bb5-8da3-354eabda13b6",
              "isHook": false,
              "skipped": true
            },
            {
              "title": "When user click on admin/inst link, should navigate to admin/inst  page",
              "fullTitle": "Admin feature Test When user click on admin/inst link, should navigate to admin/inst  page",
              "timedOut": null,
              "duration": 0,
              "state": "skipped",
              "speed": null,
              "pass": false,
              "fail": false,
              "pending": false,
              "context": null,
              "code": "cy.visit('/admin');\ncy.get('[title=\"Search/Edit Insts\"]').click();\ncy.wait(5000);\ncy.url().should('include', '/admin/inst');\ncy.contains('h3 > small > a', 'Admin').siblings('strong').should('have.length', 2).each(function ($strong, index) {\n    var expectedTexts = ['Institute', 'Manage'];\n    cy.wrap($strong).should('have.text', expectedTexts[index]);\n});\ncy.get('ul.list-group').within(function () {\n    cy.contains('Security').should('exist');\n    cy.get('a:contains(Manage Personas & Permissions)').should('exist');\n    cy.get('a:contains(Manage Users (People who can log into institute))').should('exist');\n});\ncy.get('ul.list-group').first().within(function () {\n    cy.contains('Finance').should('be.visible');\n    cy.get('a:contains(Manage Finance)').should('exist');\n});",
              "err": {},
              "uuid": "704465b5-1613-4972-ab19-a4f01121a6ec",
              "parentUUID": "56700147-a83f-4bb5-8da3-354eabda13b6",
              "isHook": false,
              "skipped": true
            },
            {
              "title": "When user click on Manage Personas & Permissions  link, should navigate to persona manage page",
              "fullTitle": "Admin feature Test When user click on Manage Personas & Permissions  link, should navigate to persona manage page",
              "timedOut": null,
              "duration": 0,
              "state": "skipped",
              "speed": null,
              "pass": false,
              "fail": false,
              "pending": false,
              "context": null,
              "code": "cy.visit('/admin');\ncy.get('[title=\"Search/Edit Insts\"]').click();\ncy.wait(5000);\ncy.get('a[href=\"/ctng4/admin/inst/persona\"]').click();\ncy.wait(5000);\ncy.url().should('include', '/inst/persona');\ncy.contains('h3 > small > a', 'Admin').siblings('strong').should('have.length', 2).each(function ($strong, index) {\n    var expectedTexts = ['Personas', 'Manage'];\n    cy.wrap($strong).should('have.text', expectedTexts[index]);\n});\ncy.get('input[type=\"search\"]').should('exist');\ncy.get('a:contains(Add New Persona)').should('exist');\ncy.get('thead tr th').should('have.length', 4).each(function (th, index) { return cy.wrap(th).should('have.text', ['Title', 'Type', 'Manage', 'Actions'][index]); });",
              "err": {},
              "uuid": "8be24375-5bcc-415e-a4ba-76ea2d291b91",
              "parentUUID": "56700147-a83f-4bb5-8da3-354eabda13b6",
              "isHook": false,
              "skipped": true
            },
            {
              "title": "When user click on Add New Persona link, should navigate to persona add page",
              "fullTitle": "Admin feature Test When user click on Add New Persona link, should navigate to persona add page",
              "timedOut": null,
              "duration": 0,
              "state": "skipped",
              "speed": null,
              "pass": false,
              "fail": false,
              "pending": false,
              "context": null,
              "code": "cy.visit('/admin');\ncy.get('[title=\"Search/Edit Insts\"]').click();\ncy.wait(2000);\ncy.get('a[href=\"/ctng4/admin/inst/persona\"]').click();\ncy.wait(3000);\ncy.get('a:contains(Add New Persona)').click();\ncy.url().should('include', '/persona/add');\ncy.contains('h3 > small > a', 'Admin').siblings('strong').should('have.length', 1).each(function ($strong, index) {\n    var expectedTexts = ['Add'];\n    cy.wrap($strong).should('have.text', expectedTexts[index]);\n});\ncy.contains('.panel-heading', 'Persona Details').should('be.visible').children('span.pull-right').find('button').should('have.text', 'Save').and('be.disabled').and('be.visible');\ncy.get('label:contains(Title)').should('be.visible').next().find('input[name=\"personaName\"]').should('exist');\ncy.get('label:contains(Type)').should('be.visible').next().find('select[name=\"persona\"]').should('exist').find('option').should('have.length', 7).then(function (options) {\n    var optiontexts = ['Anon', 'Management', 'Parent', 'Staff', 'Student', 'External', 'Dev'];\n    options.each(function (i, option) {\n        expect(option.text).to.equal(optiontexts[i]);\n    });\n});",
              "err": {},
              "uuid": "9dfc894a-8e15-4d2d-a8c4-576be3376526",
              "parentUUID": "56700147-a83f-4bb5-8da3-354eabda13b6",
              "isHook": false,
              "skipped": true
            },
            {
              "title": "When user click on Manage User link, should navigate to Users Manage page",
              "fullTitle": "Admin feature Test When user click on Manage User link, should navigate to Users Manage page",
              "timedOut": null,
              "duration": 0,
              "state": "skipped",
              "speed": null,
              "pass": false,
              "fail": false,
              "pending": false,
              "context": null,
              "code": "cy.visit('/admin');\ncy.get('[title=\"Search/Edit Insts\"]').click();\ncy.wait(2000);\ncy.get('a[href=\"/ctng4/admin/inst/user\"]').click();\ncy.wait(3000);\ncy.url().should('include', '/inst/user');\ncy.contains('h3 > small > a', 'Admin').siblings('strong').should('have.length', 2).each(function ($strong, index) {\n    var expectedTexts = ['Users', 'Manage'];\n    cy.wrap($strong).should('have.text', expectedTexts[index]);\n});\ncy.get('input[placeholder=\"Search\"]').should('exist');\ncy.get('a:contains(Add New User)').should('exist');\ncy.get('thead tr th').should('have.length', 5).each(function (th, index) { return cy.wrap(th).should('have.text', ['NameHandle', 'Email', 'Recovery Details', 'Manage', 'Actions'][index]); });",
              "err": {},
              "uuid": "965a2751-34c2-45c2-8cc7-89c5c215d940",
              "parentUUID": "56700147-a83f-4bb5-8da3-354eabda13b6",
              "isHook": false,
              "skipped": true
            },
            {
              "title": "When user click on Add New User link, should navigate to add Users page",
              "fullTitle": "Admin feature Test When user click on Add New User link, should navigate to add Users page",
              "timedOut": null,
              "duration": 0,
              "state": "skipped",
              "speed": null,
              "pass": false,
              "fail": false,
              "pending": false,
              "context": null,
              "code": "cy.visit('/admin');\ncy.get('[title=\"Search/Edit Insts\"]').click();\ncy.wait(2000);\ncy.get('a[href=\"/ctng4/admin/inst/user\"]').click();\ncy.wait(3000);\ncy.get('a:contains(Add New User)').click();\ncy.url().should('include', '/user/add');\ncy.contains('h3 > small > a', 'Admin').siblings('strong').should('have.length', 1).each(function ($strong, index) {\n    var expectedTexts = ['Add'];\n    cy.wrap($strong).should('have.text', expectedTexts[index]);\n});\ncy.contains('.panel-heading', 'User Details ').should('be.visible').children('span.pull-right').find('button').should('have.text', 'Save').and('be.disabled').and('be.visible');\ncy.get('label:contains(Name)').should('be.visible').next().find('input[placeholder=\"first  middle  last\"]').should('exist');\ncy.get('label:contains(Email)').should('be.visible').next().find('input[name=\"email\"]').should('exist');\ncy.get('label:contains(Persona)').should('be.visible').next().find('select[name=\"persona\"]').should('exist').find('option').should('have.length', 2).then(function (options) {\n    var optiontexts = ['Admin', 'Support'];\n    options.each(function (i, option) {\n        expect(option.text).to.equal(optiontexts[i]);\n    });\n});",
              "err": {},
              "uuid": "89471209-4d64-4292-b840-574b43e509f9",
              "parentUUID": "56700147-a83f-4bb5-8da3-354eabda13b6",
              "isHook": false,
              "skipped": true
            },
            {
              "title": "When user click on Manage Finance link, should navigate to Finance page",
              "fullTitle": "Admin feature Test When user click on Manage Finance link, should navigate to Finance page",
              "timedOut": null,
              "duration": 0,
              "state": "skipped",
              "speed": null,
              "pass": false,
              "fail": false,
              "pending": false,
              "context": null,
              "code": "cy.visit('/admin');\ncy.get('[title=\"Search/Edit Insts\"]').click();\ncy.wait(3000);\ncy.get('a[href=\"/ctng4/admin/inst/finance\"]').click();\ncy.wait(1500);\ncy.url().should('include', '/inst/finance');\ncy.get('strong:contains(Services)').parent().next().find('thead tr th').should('have.length', 2).each(function (th, index) { return cy.wrap(th).should('have.text', ['Service', 'Price'][index]); });\ncy.get('strong:contains(Payment History)').parent().next().find('thead tr th').should('have.length', 4).each(function (th, index) { return cy.wrap(th).should('have.text', ['Service', 'Amount', 'Date', 'Actions'][index]); });",
              "err": {},
              "uuid": "c4441330-bd5c-40e1-b1d6-2060c93447d7",
              "parentUUID": "56700147-a83f-4bb5-8da3-354eabda13b6",
              "isHook": false,
              "skipped": true
            },
            {
              "title": "When user click on student Add link, should navigate to student Add  page",
              "fullTitle": "Admin feature Test When user click on student Add link, should navigate to student Add  page",
              "timedOut": null,
              "duration": 0,
              "state": "skipped",
              "speed": null,
              "pass": false,
              "fail": false,
              "pending": false,
              "context": null,
              "code": "cy.visit('/admin');\ncy.get('a[href=\"/ctng4/admin/student/add\"]').click();\ncy.url().should('include', '/student/add');\ncy.get('.form-group').contains('label', 'Name').next('div').find('input[placeholder=\"first  middle  last\"]').should('exist');\ncy.get('.form-group').contains('label', 'Date Of Birth').next('div').find('input[placeholder=\"Datepicker\"]').should('exist');\ncy.get('.form-group').contains('label', 'Gender').next('div').find('select[name=\"gender\"]').should('exist').should('be.enabled');\ncy.get('.form-group').contains('label', 'Course').next('div').find('select[name=\"course\"]').should('exist').should('be.enabled');\ncy.get('.form-group').contains('label', 'Aadhar Number').next('div').find('input[name=\"aadharNo\"]').should('exist').should('be.enabled');\ncy.get('.form-group').contains('label', 'Student ID').next('div').find('input[name=\"stuId\"]').should('exist').should('be.enabled');\ncy.get('.form-group').contains('label', 'Date Of Admission').next('div').find('input[placeholder=\"Datepicker\"]').should('exist').should('be.enabled');\ncy.get('.form-group').contains('label', 'Admission No').next('div').find('input[name=\"admnNo\"]').should('exist').should('be.enabled');\ncy.get('.form-group').contains('label', 'Application No').next('div').find('input[name=\"appNo\"]').should('exist').should('be.enabled');\ncy.get('.form-group').contains('label', 'Email').next('div').find('input[name=\"email\"]').should('exist').should('be.enabled');\ncy.get('.form-group').contains('label', 'Mobile').next('div').find('input[name=\"mobile\"]').should('exist').should('be.enabled');",
              "err": {},
              "uuid": "4d2110af-7495-4742-97fd-a19088589683",
              "parentUUID": "56700147-a83f-4bb5-8da3-354eabda13b6",
              "isHook": false,
              "skipped": true
            },
            {
              "title": "When user click on Student search link, should navigate to Student manage page  page",
              "fullTitle": "Admin feature Test When user click on Student search link, should navigate to Student manage page  page",
              "timedOut": null,
              "duration": 0,
              "state": "skipped",
              "speed": null,
              "pass": false,
              "fail": false,
              "pending": false,
              "context": null,
              "code": "cy.visit('/admin');\ncy.get('a[href=\"/ctng4/admin/student/manage\"]').click();\ncy.url().should('include', '/student/manage');\ncy.get('input[placeholder=\"Search\"]').should('exist');\ncy.get('a:contains(Enrol New Student)').should('be.visible');\ncy.get('input[type=\"checkbox\"]').next().contains('label', 'Todays Absentees').should('be.visible');",
              "err": {},
              "uuid": "67a40e3b-3ea9-4902-9046-f5ee101bbf54",
              "parentUUID": "56700147-a83f-4bb5-8da3-354eabda13b6",
              "isHook": false,
              "skipped": true
            },
            {
              "title": "When user click on Enroll new student link, should navigate to student/add page",
              "fullTitle": "Admin feature Test When user click on Enroll new student link, should navigate to student/add page",
              "timedOut": null,
              "duration": 0,
              "state": "skipped",
              "speed": null,
              "pass": false,
              "fail": false,
              "pending": false,
              "context": null,
              "code": "cy.visit('/admin');\ncy.get('a[href=\"/ctng4/admin/student/manage\"]').click();\ncy.get('a:contains(Enrol New Student)').click();\ncy.url().should('include', 'student/add');\ncy.get('.form-group').contains('label', 'Name').next('div').find('input[placeholder=\"first  middle  last\"]').should('exist');\ncy.get('.form-group').contains('label', 'Date Of Birth').next('div').find('input[placeholder=\"Datepicker\"]').should('exist');\ncy.get('.form-group').contains('label', 'Gender').next('div').find('select[name=\"gender\"]').should('exist').should('be.enabled');\ncy.get('.form-group').contains('label', 'Course').next('div').find('select[name=\"course\"]').should('exist').should('be.enabled');\ncy.get('.form-group').contains('label', 'Aadhar Number').next('div').find('input[name=\"aadharNo\"]').should('exist').should('be.enabled');\ncy.get('.form-group').contains('label', 'Student ID').next('div').find('input[name=\"stuId\"]').should('exist').should('be.enabled');\ncy.get('.form-group').contains('label', 'Date Of Admission').next('div').find('input[placeholder=\"Datepicker\"]').should('exist').should('be.enabled');\ncy.get('.form-group').contains('label', 'Admission No').next('div').find('input[name=\"admnNo\"]').should('exist').should('be.enabled');\ncy.get('.form-group').contains('label', 'Application No').next('div').find('input[name=\"appNo\"]').should('exist').should('be.enabled');\ncy.get('.form-group').contains('label', 'Email').next('div').find('input[name=\"email\"]').should('exist').should('be.enabled');\ncy.get('.form-group').contains('label', 'Mobile').next('div').find('input[name=\"mobile\"]').should('exist').should('be.enabled');",
              "err": {},
              "uuid": "beb1f27c-59b4-41b0-ab50-a198dd18433b",
              "parentUUID": "56700147-a83f-4bb5-8da3-354eabda13b6",
              "isHook": false,
              "skipped": true
            },
            {
              "title": "When user clcik on orgnisation add link, should navigate to org/add page",
              "fullTitle": "Admin feature Test When user clcik on orgnisation add link, should navigate to org/add page",
              "timedOut": null,
              "duration": 0,
              "state": "skipped",
              "speed": null,
              "pass": false,
              "fail": false,
              "pending": false,
              "context": null,
              "code": "cy.visit('/admin');\ncy.get('a[href=\"/ctng4/admin/org/add\"]').click();\ncy.url().should('include', '/org/add');\ncy.get('.panel-heading').should('contain.text', 'Org Details').get('.btn-success').should('be.disabled').should('exist');\ncy.get('.form-group').contains('label', 'Name').next('div').find('input[name=\"orgName\"]').should('exist');\ncy.get('.form-group').contains('label', 'Short Name').next('div').find('input[name=\"orgShortName\"]').next().find('em:contains(6 characters left)').should('exist');\ncy.get('.form-group').contains('label', 'Parent').next('div').find('select[name=\"parent\"]').should('exist');\ncy.get('select[name=\"owner\"]').should('exist');",
              "err": {},
              "uuid": "c2851f7c-da6b-4f5a-8216-892557760d4c",
              "parentUUID": "56700147-a83f-4bb5-8da3-354eabda13b6",
              "isHook": false,
              "skipped": true
            },
            {
              "title": "When user clcik on orgnisation search link, should navigate to Organization manage page",
              "fullTitle": "Admin feature Test When user clcik on orgnisation search link, should navigate to Organization manage page",
              "timedOut": null,
              "duration": 0,
              "state": "skipped",
              "speed": null,
              "pass": false,
              "fail": false,
              "pending": false,
              "context": null,
              "code": "cy.visit('/admin');\ncy.get('a[href=\"/ctng4/admin/org\"]').click();\ncy.url().should('include', '/org');\ncy.get('a:contains(Add New Organization)').should('exist');\ncy.get('input[placeholder=\"Search\"]').should('exist');",
              "err": {},
              "uuid": "6380a6f0-d0cc-44ef-becb-bf78f5592132",
              "parentUUID": "56700147-a83f-4bb5-8da3-354eabda13b6",
              "isHook": false,
              "skipped": true
            },
            {
              "title": "When user clcik on Add New Organization link, should navigate to org/add page",
              "fullTitle": "Admin feature Test When user clcik on Add New Organization link, should navigate to org/add page",
              "timedOut": null,
              "duration": 0,
              "state": "skipped",
              "speed": null,
              "pass": false,
              "fail": false,
              "pending": false,
              "context": null,
              "code": "cy.visit('/admin');\ncy.get('a[href=\"/ctng4/admin/org\"]').click();\ncy.get('a:contains(Add New Organization)').click();\ncy.get('.panel-heading').should('contain.text', 'Org Details').get('.btn-success').should('be.disabled').should('exist');\ncy.get('.form-group').contains('label', 'Name').next('div').find('input[name=\"orgName\"]').should('exist');\ncy.get('.form-group').contains('label', 'Short Name').next('div').find('input[name=\"orgShortName\"]').next().find('em:contains(6 characters left)').should('exist');\ncy.get('.form-group').contains('label', 'Parent').next('div').find('select[name=\"parent\"]').should('exist');\ncy.get('select[name=\"owner\"]').should('exist');",
              "err": {},
              "uuid": "128335f9-95cc-4b21-aeb9-315fe5aec4b3",
              "parentUUID": "56700147-a83f-4bb5-8da3-354eabda13b6",
              "isHook": false,
              "skipped": true
            },
            {
              "title": "When user clcik on report manager link, should navigate to report/manage page",
              "fullTitle": "Admin feature Test When user clcik on report manager link, should navigate to report/manage page",
              "timedOut": null,
              "duration": 0,
              "state": "skipped",
              "speed": null,
              "pass": false,
              "fail": false,
              "pending": false,
              "context": null,
              "code": "cy.visit('/admin');\ncy.get('a[href=\"/ctng4/admin/report/manage\"]').click();\ncy.url().should('include', '/admin/report/manage');\ncy.get('a:contains(Upload New report)').should('exist');\ncy.get('thead').within(function () {\n    cy.get('th').eq(0).should('contain', 'Name');\n    cy.get('th').eq(1).should('contain', 'Created On');\n    cy.get('th').eq(2).should('contain', 'Meta');\n    cy.get('th').eq(3).should('contain', 'Size');\n    cy.get('th').eq(4).should('contain', 'Modified On');\n    cy.get('th').eq(5).should('contain', 'Actions');\n});",
              "err": {},
              "uuid": "7f3286fe-01e7-44d7-bc0f-dd78aa2d9ed3",
              "parentUUID": "56700147-a83f-4bb5-8da3-354eabda13b6",
              "isHook": false,
              "skipped": true
            },
            {
              "title": "When user clcik on Upload New reportlink, should navigate to Upload New report page",
              "fullTitle": "Admin feature Test When user clcik on Upload New reportlink, should navigate to Upload New report page",
              "timedOut": null,
              "duration": 0,
              "state": "skipped",
              "speed": null,
              "pass": false,
              "fail": false,
              "pending": false,
              "context": null,
              "code": "cy.visit('/admin');\ncy.get('a[href=\"/ctng4/admin/report/manage\"]').click();\ncy.get('a:contains(Upload New report)').click();\ncy.url().should('include', '/admin/report/add');\ncy.get('input[name=\"title\"]').should('exist');\ncy.get('input[name=\"description\"]').should('exist');\ncy.get('[placeholder=\"No file extension\"]').should('exist');\ncy.get('input[placeholder=\"key\"]').should('exist');\ncy.get('input[placeholder=\"value\"]').should('exist');",
              "err": {},
              "uuid": "dc675495-e1c9-4a6c-80df-55bf266dcfe5",
              "parentUUID": "56700147-a83f-4bb5-8da3-354eabda13b6",
              "isHook": false,
              "skipped": true
            },
            {
              "title": "When user enter all valid detais in textfield of upload new report page and click on save modal, report should get saved",
              "fullTitle": "Admin feature Test When user enter all valid detais in textfield of upload new report page and click on save modal, report should get saved",
              "timedOut": null,
              "duration": 0,
              "state": "skipped",
              "speed": null,
              "pass": false,
              "fail": false,
              "pending": false,
              "context": null,
              "code": "cy.visit('/admin');\ncy.get('a[href=\"/ctng4/admin/report/manage\"]').click();\ncy.get('a:contains(Upload New report)').click();\ncy.get('input[name=\"title\"]').type(Cypress.env('reportname'));\ncy.get('input[name=\"description\"]').type(Cypress.env('description'));\ncy.get('[placeholder=\"No file extension\"]').type(Cypress.env('file extension'));\ncy.get('button:contains(Save Model)').click();",
              "err": {},
              "uuid": "5fe03646-c4fd-46b9-a207-f44bc0fa4ef2",
              "parentUUID": "56700147-a83f-4bb5-8da3-354eabda13b6",
              "isHook": false,
              "skipped": true
            },
            {
              "title": "When user clcik on Download link, selected template should get download",
              "fullTitle": "Admin feature Test When user clcik on Download link, selected template should get download",
              "timedOut": null,
              "duration": 0,
              "state": "skipped",
              "speed": null,
              "pass": false,
              "fail": false,
              "pending": false,
              "context": null,
              "code": "cy.visit('/admin');\ncy.get('a[href=\"/ctng4/admin/report/manage\"]').click();\n// cy.get('a:contains(sectionwise_report.st)').click()\ncy.contains('tr', Cypress.env('REPORT_NAME')).within(function () {\n    cy.get('button').click();\n    cy.get('ul').within(function () { cy.get('a:contains(Download)').click(); });\n});",
              "err": {},
              "uuid": "a363e601-26d1-4a01-b28e-4006ad9c8e82",
              "parentUUID": "56700147-a83f-4bb5-8da3-354eabda13b6",
              "isHook": false,
              "skipped": true
            },
            {
              "title": "When user clcik on disable link, selected template should disabled",
              "fullTitle": "Admin feature Test When user clcik on disable link, selected template should disabled",
              "timedOut": null,
              "duration": 0,
              "state": "skipped",
              "speed": null,
              "pass": false,
              "fail": false,
              "pending": false,
              "context": null,
              "code": "cy.visit('/admin');\ncy.get('a[href=\"/ctng4/admin/report/manage\"]').click();\n// cy.get('a:contains(sectionwise_report.st)').click()\ncy.contains('tr', Cypress.env('REPORT_NAME')).within(function () {\n    cy.get('button').click();\n    cy.get('ul').within(function () { cy.get('a:contains(Disable)').click(); });\n});\ncy.contains('tr', Cypress.env('REPORT_NAME')).within(function () {\n    cy.get('button').click();\n    cy.get('ul').within(function () { cy.get('a:contains(Enable)').click(); });\n});",
              "err": {},
              "uuid": "e434028b-57f4-4722-a842-ed521d74c799",
              "parentUUID": "56700147-a83f-4bb5-8da3-354eabda13b6",
              "isHook": false,
              "skipped": true
            },
            {
              "title": "When user clcik on name of report link, should navigate to report details page",
              "fullTitle": "Admin feature Test When user clcik on name of report link, should navigate to report details page",
              "timedOut": null,
              "duration": 0,
              "state": "skipped",
              "speed": null,
              "pass": false,
              "fail": false,
              "pending": false,
              "context": null,
              "code": "cy.visit('/admin');\ncy.get('a[href=\"/ctng4/admin/report/manage\"]').click();\ncy.contains('tr', 'Test Report.st').within(function () { cy.contains('a', 'Test Report.st').click(); });\ncy.url().should('include', '/admin/report/manage/edit');\ncy.get('div:contains(Report Details )').first().within(function () { cy.get('button:contains(Update)').should('exist'); });\ncy.get('[name=\"title\"]').should('exist');\ncy.get('[name=\"description\"]').should('exist');\ncy.get('[name=\"fileName\"]').should('exist');\ncy.get('[placeholder=\"key\"]').clear();",
              "err": {},
              "uuid": "13d3a46c-6a98-4334-930e-711c4c44b32c",
              "parentUUID": "56700147-a83f-4bb5-8da3-354eabda13b6",
              "isHook": false,
              "skipped": true
            },
            {
              "title": "When user changes rport details and click on update button , report should get updated",
              "fullTitle": "Admin feature Test When user changes rport details and click on update button , report should get updated",
              "timedOut": null,
              "duration": 0,
              "state": "skipped",
              "speed": null,
              "pass": false,
              "fail": false,
              "pending": false,
              "context": null,
              "code": "cy.visit('/admin');\ncy.get('a[href=\"/ctng4/admin/report/manage\"]').click();\ncy.contains('tr', 'Test Report.st').within(function () { cy.contains('a', 'Test Report.st').click(); });\ncy.get('[placeholder=\"key\"]').type('B');\ncy.get('div:contains(Report Details )').first().within(function () { cy.get('button:contains(Update)').click(); });",
              "err": {},
              "uuid": "b1fefdd8-cf6b-456e-bd50-c4c23fe2d6b1",
              "parentUUID": "56700147-a83f-4bb5-8da3-354eabda13b6",
              "isHook": false,
              "skipped": true
            },
            {
              "title": "When user clcik on add reportlink, should navigate to addreport page",
              "fullTitle": "Admin feature Test When user clcik on add reportlink, should navigate to addreport page",
              "timedOut": null,
              "duration": 0,
              "state": "skipped",
              "speed": null,
              "pass": false,
              "fail": false,
              "pending": false,
              "context": null,
              "code": "cy.visit('/admin');\ncy.get('a[href=\"/ctng4/admin/report/add\"]').click();\ncy.url().should('include', '/admin/report/add');\ncy.get('input[name=\"title\"]').should('exist');\ncy.get('input[name=\"description\"]').should('exist');\ncy.get('[placeholder=\"No file extension\"]').should('exist');\ncy.get('input[placeholder=\"key\"]').should('exist');\ncy.get('input[placeholder=\"value\"]').should('exist');",
              "err": {},
              "uuid": "9b7dc68d-1efe-4451-b071-95b8282e1514",
              "parentUUID": "56700147-a83f-4bb5-8da3-354eabda13b6",
              "isHook": false,
              "skipped": true
            },
            {
              "title": "When user click on course offered link in admin page , user navigate to courseListReport page",
              "fullTitle": "Admin feature Test When user click on course offered link in admin page , user navigate to courseListReport page",
              "timedOut": null,
              "duration": 0,
              "state": "skipped",
              "speed": null,
              "pass": false,
              "fail": false,
              "pending": false,
              "context": null,
              "code": "cy.visit('/admin');\ncy.get('a[href=\"/ctng4/admin/courseListReport\"]').click();\ncy.url().should('include', 'admin/courseListReport');\ncy.get('button[title=\"Download As PDF\"]').should('be.enabled');\ncy.get('button[title=\"Print\"]').should('be.enabled');\ncy.contains('Report Header').should('be.visible');\ncy.contains('Page Header').should('be.visible');\ncy.contains('Page Header On Each Page').should('be.visible');\ncy.click_Back_Button();\ncy.url().should('eq', Cypress.config().baseUrl + '/admin');",
              "err": {},
              "uuid": "10e17192-e725-4acc-bbee-7d6daa234475",
              "parentUUID": "56700147-a83f-4bb5-8da3-354eabda13b6",
              "isHook": false,
              "skipped": true
            },
            {
              "title": "When user click on calender link in admin page , user navigate to Calendar Report page",
              "fullTitle": "Admin feature Test When user click on calender link in admin page , user navigate to Calendar Report page",
              "timedOut": null,
              "duration": 0,
              "state": "skipped",
              "speed": null,
              "pass": false,
              "fail": false,
              "pending": false,
              "context": null,
              "code": "cy.visit('/admin');\ncy.get('a[href=\"/ctng4/admin/calendarReport\"]').click();\ncy.url().should('include', '/admin/calendarReport');\ncy.get(\"h4 small a\").should(\"have.text\", \"Admin\");\ncy.get(\"h4 strong\").should(\"have.text\", \" Calendar Report\");\ncy.get('button[title=\"Download As PDF\"]').should('be.enabled');\ncy.get('button[title=\"Print\"]').should('be.enabled');\ncy.contains('Report Header').should('be.visible');\ncy.contains('Page Header').should('be.visible');\ncy.contains('Page Header On Each Page').should('be.visible');\ncy.click_Back_Button();\ncy.url().should('eq', Cypress.config().baseUrl + '/admin');",
              "err": {},
              "uuid": "76c4e715-c75d-4903-a4b6-e3bcfea10db1",
              "parentUUID": "56700147-a83f-4bb5-8da3-354eabda13b6",
              "isHook": false,
              "skipped": true
            },
            {
              "title": "When user click on Summary report  link in admin page , user navigate to summaryReport page",
              "fullTitle": "Admin feature Test When user click on Summary report  link in admin page , user navigate to summaryReport page",
              "timedOut": null,
              "duration": 0,
              "state": "skipped",
              "speed": null,
              "pass": false,
              "fail": false,
              "pending": false,
              "context": null,
              "code": "cy.visit('/admin');\ncy.get('a[href=\"/ctng4/admin/summaryReport\"]').click();\ncy.url().should('include', '/admin/summaryReport');\ncy.get(\"h4 small a\").should(\"have.text\", \"Admin\");\ncy.get(\"h4 strong\").should(\"have.text\", \" Institutes Summary \");\ncy.get('button[title=\"Download As PDF\"]').should('be.enabled');\ncy.get('button[title=\"Print\"]').should('be.enabled');\ncy.contains('Report Header').should('be.visible');\ncy.contains('Page Header').should('be.visible');\ncy.contains('Page Header On Each Page').should('be.visible');\ncy.click_Back_Button();\ncy.url().should('eq', Cypress.config().baseUrl + '/admin');",
              "err": {},
              "uuid": "b43c97e2-79e2-4dae-a749-dc8831ed65e6",
              "parentUUID": "56700147-a83f-4bb5-8da3-354eabda13b6",
              "isHook": false,
              "skipped": true
            },
            {
              "title": "When user click on Upcoming events link in admin page , user navigate to upcomingEventsAdminReport page",
              "fullTitle": "Admin feature Test When user click on Upcoming events link in admin page , user navigate to upcomingEventsAdminReport page",
              "timedOut": null,
              "duration": 0,
              "state": "skipped",
              "speed": null,
              "pass": false,
              "fail": false,
              "pending": false,
              "context": null,
              "code": "cy.visit('/admin');\ncy.get('a:contains(Upcoming events )').click();\ncy.url().should('include', '/admin/upcomingEventsAdminReport');\ncy.get(\"h4 small a\").should(\"have.text\", \"Admin\");\ncy.get(\"h4 strong\").should(\"have.text\", \" Upcoming Events\");\ncy.get('button[title=\"Download As PDF\"]').should('be.enabled');\ncy.get('button[title=\"Print\"]').should('be.enabled');\ncy.contains('Report Header').should('be.visible');\ncy.contains('Page Header').should('be.visible');\ncy.contains('Page Header On Each Page').should('be.visible');\ncy.click_Back_Button();\ncy.url().should('eq', Cypress.config().baseUrl + '/admin');",
              "err": {},
              "uuid": "9cfa76eb-9faf-4ed1-bb9d-16737db8014f",
              "parentUUID": "56700147-a83f-4bb5-8da3-354eabda13b6",
              "isHook": false,
              "skipped": true
            },
            {
              "title": "When user go to report upload page, Model section should be exist",
              "fullTitle": "Admin feature Test When user go to report upload page, Model section should be exist",
              "timedOut": null,
              "duration": 0,
              "state": "skipped",
              "speed": null,
              "pass": false,
              "fail": false,
              "pending": false,
              "context": null,
              "code": "cy.visit('/admin');\ncy.get('a[href=\"/ctng4/admin/report/add\"]').click();\ncy.get('div:contains(Model )').should('be.visible').parent('section').should('exist');",
              "err": {},
              "uuid": "2b4c30ac-e131-45bc-a7a2-1b1d9ae9dce6",
              "parentUUID": "56700147-a83f-4bb5-8da3-354eabda13b6",
              "isHook": false,
              "skipped": true
            },
            {
              "title": "When user go to report upload page, Template section should be exist and it should be clickable",
              "fullTitle": "Admin feature Test When user go to report upload page, Template section should be exist and it should be clickable",
              "timedOut": null,
              "duration": 0,
              "state": "skipped",
              "speed": null,
              "pass": false,
              "fail": false,
              "pending": false,
              "context": null,
              "code": "cy.visit('/admin');\ncy.get('a[href=\"/ctng4/admin/report/add\"]').click();\ncy.get('div:contains(Model )').parent('section').parent().next().children('div:contains(Template)').click();\ncy.get('div:contains(Template )').should('be.visible').parent('section').should('exist');",
              "err": {},
              "uuid": "09db633e-933a-477f-a7e8-0c4d84c90e9a",
              "parentUUID": "56700147-a83f-4bb5-8da3-354eabda13b6",
              "isHook": false,
              "skipped": true
            },
            {
              "title": "When user go to report upload page, View section should be exist and it should be clickable",
              "fullTitle": "Admin feature Test When user go to report upload page, View section should be exist and it should be clickable",
              "timedOut": null,
              "duration": 0,
              "state": "skipped",
              "speed": null,
              "pass": false,
              "fail": false,
              "pending": false,
              "context": null,
              "code": "cy.visit('/admin');\ncy.get('a[href=\"/ctng4/admin/report/add\"]').click();\ncy.get('div:contains(Model )').parent('section').parent().next().next().children('div:contains(View)').click();\ncy.get('div:contains(View )').should('be.visible').parent('section').should('exist').children().find('i[class=\"fa fa-refresh\"]').should('exist');",
              "err": {},
              "uuid": "f563d34b-38a9-4313-8d20-f351c416464b",
              "parentUUID": "56700147-a83f-4bb5-8da3-354eabda13b6",
              "isHook": false,
              "skipped": true
            },
            {
              "title": "When user enter valid inputs/details in report upload page, and click on save report should save",
              "fullTitle": "Admin feature Test When user enter valid inputs/details in report upload page, and click on save report should save",
              "timedOut": null,
              "duration": 0,
              "state": "skipped",
              "speed": null,
              "pass": false,
              "fail": false,
              "pending": false,
              "context": null,
              "code": "cy.visit('/admin');\ncy.get('a[href=\"/ctng4/admin/report/add\"]').click();\ncy.get('input[name=\"title\"]').type('report_college');\ncy.get('input[name=\"description\"]').type('exam');\ncy.get('input[name=\"fileName\"]').type('college_exam');\ncy.get('button:contains(Save Model)').click();\ncy.get('button:contains(Save Template)').click();",
              "err": {},
              "uuid": "63747f0d-66e8-4421-8ebb-af983d45a2e2",
              "parentUUID": "56700147-a83f-4bb5-8da3-354eabda13b6",
              "isHook": false,
              "skipped": true
            },
            {
              "title": "When user click on Courses Offered link, should navigate to courseList Report page and should able to download report",
              "fullTitle": "Admin feature Test When user click on Courses Offered link, should navigate to courseList Report page and should able to download report",
              "timedOut": null,
              "duration": 0,
              "state": "skipped",
              "speed": null,
              "pass": false,
              "fail": false,
              "pending": false,
              "context": null,
              "code": "cy.visit('/admin');\ncy.get('a[href=\"/ctng4/admin/courseListReport\"]').click();\ncy.url().should('include', '/admin/courseListReport');\ncy.get('h4').should('contain.text', 'Admin Course List');\ncy.get('i[class=\"fa fa-file-pdf-o\"]').should('exist');\ncy.get('i[class=\"fa fa-print\"]').should('exist');\ncy.click_Back_Button();\ncy.url().should('eq', Cypress.config().baseUrl + '/admin');",
              "err": {},
              "uuid": "c66ebf1f-3bb5-4863-910a-4d43f0fe3220",
              "parentUUID": "56700147-a83f-4bb5-8da3-354eabda13b6",
              "isHook": false,
              "skipped": true
            },
            {
              "title": "When user click on Consolidated Report link, should navigate to the Receipts Consolidated Report page and should able to download the report",
              "fullTitle": "Admin feature Test When user click on Consolidated Report link, should navigate to the Receipts Consolidated Report page and should able to download the report",
              "timedOut": null,
              "duration": 0,
              "state": "skipped",
              "speed": null,
              "pass": false,
              "fail": false,
              "pending": false,
              "context": null,
              "code": "cy.visit('/admin');\ncy.get('a[href=\"/ctng4/admin/receiptConsolidatedReport\"]').click();\ncy.url().should('include', '/admin/receiptConsolidatedReport');\ncy.get('h4').should('contain.text', 'Admin Receipts Consolidated Report');\ncy.get('label:contains(Range : )').should('be.visible').next().children('select').find('option').should('have.length', 3).then(function (options) {\n    var optionValues = ['monthly', 'quarterly', 'annual'];\n    options.each(function (i, option) {\n        expect(option.value).to.equal(optionValues[i]);\n    });\n});\ncy.get('label:contains(Range : )').should('be.visible').next().children('select').select('Monthly').parent().next().children('select').find('option').should('have.length', 12).then(function (options) {\n    var optionValues = ['January', 'February', 'March', 'April', 'May', 'June', 'July', 'August', 'September', 'October', 'November', 'December'];\n    options.each(function (i, option) {\n        expect(option.text).to.equal(optionValues[i]);\n    });\n});\ncy.get('label:contains(Range : )').should('be.visible').next().children('select').select('Quarterly').parent().next().children('select').find('option').should('have.length', 4).then(function (options) {\n    var optionValues = ['January - March', 'April - June', 'July - September', 'October - December'];\n    options.each(function (i, option) {\n        expect(option.text).to.equal(optionValues[i]);\n    });\n});\ncy.get('label:contains(Range : )').should('be.visible').next().children('select').select('Annual').parent().next().children('select').find('option').should('have.length', 4).then(function (options) {\n    var optionValues = ['2022-2023', '2021-2022', '2020-2021', '2019-2020'];\n    options.each(function (i, option) {\n        expect(option.text).to.equal(optionValues[i]);\n    });\n});\ncy.get('i[class=\"fa fa-file-pdf-o\"]').should('exist');\ncy.get('i[class=\"fa fa-print\"]').should('exist');\ncy.click_Back_Button();\ncy.url().should('eq', Cypress.config().baseUrl + '/admin');",
              "err": {},
              "uuid": "2e730f8e-d664-4a2c-936f-3b77974cf84e",
              "parentUUID": "56700147-a83f-4bb5-8da3-354eabda13b6",
              "isHook": false,
              "skipped": true
            },
            {
              "title": "When user click on Students Coursewise Breakup link, should navigate to coursewise Breakup Report page and should able to download report",
              "fullTitle": "Admin feature Test When user click on Students Coursewise Breakup link, should navigate to coursewise Breakup Report page and should able to download report",
              "timedOut": null,
              "duration": 0,
              "state": "skipped",
              "speed": null,
              "pass": false,
              "fail": false,
              "pending": false,
              "context": null,
              "code": "cy.visit('/admin');\ncy.get('a[href=\"/ctng4/admin/coursewiseBreakupReport\"]').click();\ncy.url().should('include', '/admin/coursewiseBreakupReport');\ncy.get('h4').should('contain.text', 'Admin Coursewise Students Breakup');\ncy.get('span:contains(Course : )').should('be.visible').next('select').select('PUC I PCMB');\ncy.get('i[class=\"fa fa-file-pdf-o\"]').should('exist');\ncy.get('i[class=\"fa fa-print\"]').should('exist');\ncy.click_Back_Button();\ncy.url().should('eq', Cypress.config().baseUrl + '/admin');",
              "err": {},
              "uuid": "cad33a7e-bac2-483d-8b15-d503daf0d81e",
              "parentUUID": "56700147-a83f-4bb5-8da3-354eabda13b6",
              "isHook": false,
              "skipped": true
            },
            {
              "title": "When user click on Student Details link, should navigate to student Details Report page and should able to download report",
              "fullTitle": "Admin feature Test When user click on Student Details link, should navigate to student Details Report page and should able to download report",
              "timedOut": null,
              "duration": 0,
              "state": "skipped",
              "speed": null,
              "pass": false,
              "fail": false,
              "pending": false,
              "context": null,
              "code": "cy.visit('/admin');\ncy.get('a[href=\"/ctng4/admin/studentDetailsReport\"]').click();\ncy.url().should('include', '/admin/studentDetailsReport');\ncy.get('h4').should('contain.text', 'Admin Student Details');\ncy.get('span:contains(Course : )').should('be.visible').next('select').select('PUC I PCMB');\ncy.get('i[class=\"fa fa-file-pdf-o\"]').should('exist');\ncy.get('i[class=\"fa fa-print\"]').should('exist');\ncy.click_Back_Button();\ncy.url().should('eq', Cypress.config().baseUrl + '/admin');",
              "err": {},
              "uuid": "8a3e3e7c-566b-4592-93ad-cbe1c17439e3",
              "parentUUID": "56700147-a83f-4bb5-8da3-354eabda13b6",
              "isHook": false,
              "skipped": true
            },
            {
              "title": "When user click on Students Basic Sectionwise Breakup link, should navigate to basic Sectionwise Breakup Report page and should able to download report",
              "fullTitle": "Admin feature Test When user click on Students Basic Sectionwise Breakup link, should navigate to basic Sectionwise Breakup Report page and should able to download report",
              "timedOut": null,
              "duration": 0,
              "state": "skipped",
              "speed": null,
              "pass": false,
              "fail": false,
              "pending": false,
              "context": null,
              "code": "cy.visit('/admin');\ncy.get('a[href=\"/ctng4/admin/basicSectionwiseBreakupReport\"]').click();\ncy.url().should('include', '/admin/basicSectionwiseBreakupReport');\ncy.get('h4').should('contain.text', 'Admin Sectionwise Students Breakup');\ncy.get('span:contains(Course : )').should('be.visible').next('select').should('exist');\ncy.get('i[class=\"fa fa-file-pdf-o\"]').should('exist');\ncy.get('i[class=\"fa fa-print\"]').should('exist');\ncy.get('span:contains(New Admissions Only)').prev('input[type=\"checkbox\"]').check();\ncy.get('i[class=\"fa fa-file-pdf-o\"]').should('exist');\ncy.click_Back_Button();\ncy.url().should('eq', Cypress.config().baseUrl + '/admin');",
              "err": {},
              "uuid": "13b90425-424b-48c7-a7db-fbd538289617",
              "parentUUID": "56700147-a83f-4bb5-8da3-354eabda13b6",
              "isHook": false,
              "skipped": true
            },
            {
              "title": "When user click on Students Parent Details link, should navigate to sectionwise Parent Details Report page and should able to download report",
              "fullTitle": "Admin feature Test When user click on Students Parent Details link, should navigate to sectionwise Parent Details Report page and should able to download report",
              "timedOut": null,
              "duration": 0,
              "state": "skipped",
              "speed": null,
              "pass": false,
              "fail": false,
              "pending": false,
              "context": null,
              "code": "cy.visit('/admin');\ncy.get('a[href=\"/ctng4/admin/sectionwiseParentDetailsReport\"]').click();\ncy.url().should('include', '/admin/sectionwiseParentDetailsReport');\ncy.get('h4').should('contain.text', 'Admin Students Parent Details');\ncy.get('span:contains(Course : )').should('be.visible').next('select').should('exist');\ncy.get('i[class=\"fa fa-file-pdf-o\"]').should('exist');\ncy.get('i[class=\"fa fa-print\"]').should('exist');\ncy.click_Back_Button();\ncy.url().should('eq', Cypress.config().baseUrl + '/admin');",
              "err": {},
              "uuid": "f936264e-9eec-4454-9422-355df1514ae2",
              "parentUUID": "56700147-a83f-4bb5-8da3-354eabda13b6",
              "isHook": false,
              "skipped": true
            },
            {
              "title": "When user click on New Admissions Report link, should navigate to new Admissions Report page and should able to download report",
              "fullTitle": "Admin feature Test When user click on New Admissions Report link, should navigate to new Admissions Report page and should able to download report",
              "timedOut": null,
              "duration": 0,
              "state": "skipped",
              "speed": null,
              "pass": false,
              "fail": false,
              "pending": false,
              "context": null,
              "code": "cy.visit('/admin');\ncy.get('a[href=\"/ctng4/admin/newAdmissionsReport\"]').click();\ncy.url().should('include', '/admin/newAdmissionsReport');\ncy.get('h4').should('contain.text', 'Admin New Admissions');\ncy.get('i[class=\"fa fa-file-pdf-o\"]').should('exist');\ncy.get('i[class=\"fa fa-print\"]').should('exist');\ncy.click_Back_Button();\ncy.url().should('eq', Cypress.config().baseUrl + '/admin');",
              "err": {},
              "uuid": "26a8486b-84be-46d4-85aa-965600cc5689",
              "parentUUID": "56700147-a83f-4bb5-8da3-354eabda13b6",
              "isHook": false,
              "skipped": true
            },
            {
              "title": "When user click on TC Students List link, should navigate to TC Students List page and should able to download report",
              "fullTitle": "Admin feature Test When user click on TC Students List link, should navigate to TC Students List page and should able to download report",
              "timedOut": null,
              "duration": 0,
              "state": "skipped",
              "speed": null,
              "pass": false,
              "fail": false,
              "pending": false,
              "context": null,
              "code": "cy.visit('/admin');\ncy.get('a[href=\"/ctng4/admin/tcStudentsList\"]').click();\ncy.wait(2000);\ncy.url().should('include', '/admin/tcStudentsList');\ncy.get('h4').should('contain.text', 'Admin TC Students List');\ncy.get('span:contains(Course : )').should('be.visible').next('select').should('exist').select('PUC I PCMB');\ncy.get('i[class=\"fa fa-file-pdf-o\"]').should('exist');\ncy.get('i[class=\"fa fa-print\"]').should('exist');\ncy.click_Back_Button();\ncy.url().should('eq', Cypress.config().baseUrl + '/admin');",
              "err": {},
              "uuid": "bf48c355-ca17-486d-b7b8-49d1a747a861",
              "parentUUID": "56700147-a83f-4bb5-8da3-354eabda13b6",
              "isHook": false,
              "skipped": true
            },
            {
              "title": "When user click on data manage link,should navigate to data mange page ",
              "fullTitle": "Admin feature Test When user click on data manage link,should navigate to data mange page ",
              "timedOut": null,
              "duration": 0,
              "state": "skipped",
              "speed": null,
              "pass": false,
              "fail": false,
              "pending": false,
              "context": null,
              "code": "cy.visit('/admin');\ncy.get('a[href=\"/ctng4/admin/data/manage\"]').click();\ncy.url().should('include', '/data/manage');\ncy.get('h3').should('contain.text', 'AdminData');\ncy.get('input[placeholder=\"Search\"]').should('exist').parent().next().children('i[class=\"fa fa-search\"]').should('exist');\ncy.get('thead').within(function () {\n    cy.get('th').eq(0).should('contain', 'Title');\n    cy.get('th').eq(1).should('contain', 'Description');\n    cy.get('th').eq(2).should('contain', 'Download');\n});",
              "err": {},
              "uuid": "323948cb-7438-497b-b992-adcb27c2fcba",
              "parentUUID": "56700147-a83f-4bb5-8da3-354eabda13b6",
              "isHook": false,
              "skipped": true
            },
            {
              "title": "Verify back button in course feature",
              "fullTitle": "Admin feature Test Verify back button in course feature",
              "timedOut": null,
              "duration": 0,
              "state": "skipped",
              "speed": null,
              "pass": false,
              "fail": false,
              "pending": false,
              "context": null,
              "code": "cy.visit('/admin');\ncy.get('a[href=\"/ctng4/admin/course/add\"]').click();\ncy.url().should('include', 'course/add');\ncy.contains('Back').should('exist').click();\ncy.url().should('eq', Cypress.config().baseUrl + '/admin');\ncy.get('a[href=\"/ctng4/admin/course/manage\"]').click();\ncy.get('a:contains(Add New Course)').click();\ncy.contains('Back').should('exist').click();\ncy.url().should('eq', Cypress.config().baseUrl + '/admin/course/manage');\ncy.get('a:contains(Name)').parents('thead').next('tbody').children('tr').first().find('a:contains(PUC I PCMB)').click();\ncy.url().should('eq', Cypress.config().baseUrl + '/admin/course/manage/edit');\ncy.contains('Back').should('exist').click();\ncy.url().should('eq', Cypress.config().baseUrl + '/admin/course/manage');\ncy.get('a:contains(Name)').parents('thead').next('tbody').children('tr').first().find('a:contains(Terms)').click();\ncy.url().should('eq', Cypress.config().baseUrl + '/admin/course/manageTerms');\ncy.get('a:contains(Add New Term)').click();\ncy.url().should('eq', Cypress.config().baseUrl + '/admin/course/addTerm');\ncy.contains('Back').should('exist').click();\ncy.url().should('eq', Cypress.config().baseUrl + '/admin/course/manageTerms');\ncy.contains('Back').should('exist').click();\ncy.url().should('eq', Cypress.config().baseUrl + '/admin/course/manage');\ncy.get('a:contains(Name)').parents('thead').next('tbody').children('tr').first().find('a:contains(Copy As)').click();\ncy.url().should('eq', Cypress.config().baseUrl + '/admin/course/manage/copy');\ncy.contains('Back').should('exist').click();\ncy.url().should('eq', Cypress.config().baseUrl + '/admin/course/manage');\ncy.contains('Back').should('exist').click();\ncy.url().should('eq', Cypress.config().baseUrl + '/admin');",
              "err": {},
              "uuid": "d7cf3f4e-6295-4fa3-8466-9aab75f98526",
              "parentUUID": "56700147-a83f-4bb5-8da3-354eabda13b6",
              "isHook": false,
              "skipped": true
            },
            {
              "title": "Verify back button in Data feature",
              "fullTitle": "Admin feature Test Verify back button in Data feature",
              "timedOut": null,
              "duration": 0,
              "state": "skipped",
              "speed": null,
              "pass": false,
              "fail": false,
              "pending": false,
              "context": null,
              "code": "cy.visit('/admin');\ncy.get('a[href=\"/ctng4/admin/data/manage\"]').click();\ncy.url().should('eq', Cypress.config().baseUrl + '/admin/data/manage');\ncy.contains('Back').should('exist').click();\ncy.url().should('eq', Cypress.config().baseUrl + '/admin');",
              "err": {},
              "uuid": "d3c091cd-8324-4053-be48-f96203665941",
              "parentUUID": "56700147-a83f-4bb5-8da3-354eabda13b6",
              "isHook": false,
              "skipped": true
            },
            {
              "title": "Verify back button in Institute feature",
              "fullTitle": "Admin feature Test Verify back button in Institute feature",
              "timedOut": null,
              "duration": 0,
              "state": "skipped",
              "speed": null,
              "pass": false,
              "fail": false,
              "pending": false,
              "context": null,
              "code": "cy.visit('/admin');\ncy.get('a[href=\"/ctng4/admin/inst/add\"]').click();\ncy.wait(3000);\ncy.url().should('eq', Cypress.config().baseUrl + '/admin/inst/add');\ncy.contains('Back').should('exist').click();\ncy.url().should('eq', Cypress.config().baseUrl + '/admin');\ncy.get('a[href=\"/ctng4/admin/inst\"]').click();\ncy.wait(3000);\ncy.url().should('eq', Cypress.config().baseUrl + '/admin/inst');\ncy.wait(2000);\ncy.get('a:contains(Manage Personas & Permissions )').click();\ncy.url().should('eq', Cypress.config().baseUrl + '/admin/inst/persona');\ncy.get('a:contains(Add New Persona)').click();\ncy.url().should('eq', Cypress.config().baseUrl + '/admin/inst/persona/add');\ncy.contains('Back').should('exist').click();\ncy.url().should('eq', Cypress.config().baseUrl + '/admin/inst/persona');\ncy.get('a:contains(Title)').parents('thead').next('tbody').children('tr').first().next().find('a:contains(Support )').click();\ncy.url().should('eq', Cypress.config().baseUrl + '/admin/inst/persona/edit');\ncy.contains('Back').should('exist').click();\ncy.url().should('eq', Cypress.config().baseUrl + '/admin/inst/persona');\ncy.get('a:contains(Title)').parents('thead').next('tbody').children('tr').first().find('a:contains(Permissions)').click();\ncy.url().should('eq', Cypress.config().baseUrl + '/admin/inst/persona/permissions');\ncy.contains('Back').should('exist').click({ force: true });\ncy.url().should('eq', Cypress.config().baseUrl + '/admin/inst/persona');\ncy.contains('Back').should('exist').click({ force: true });\ncy.url().should('eq', Cypress.config().baseUrl + '/admin/inst');\ncy.get('a:contains(Manage Users (People who can log into institute) )').click({ force: true });\ncy.url().should('eq', Cypress.config().baseUrl + '/admin/inst/user');\ncy.get('a:contains(Add New User)').click({ force: true });\ncy.url().should('eq', Cypress.config().baseUrl + '/admin/inst/user/add');\ncy.contains('Back').should('exist').click({ force: true });\ncy.url().should('eq', Cypress.config().baseUrl + '/admin/inst/user');\ncy.contains('Back').should('exist').click({ force: true });\ncy.url().should('eq', Cypress.config().baseUrl + '/admin/inst');\ncy.get('a:contains(Manage Finance )').click({ force: true });\ncy.url().should('eq', Cypress.config().baseUrl + '/admin/inst/finance');\ncy.contains('Back').should('exist').click({ force: true });\ncy.url().should('eq', Cypress.config().baseUrl + '/admin/inst');\ncy.contains('Back').should('exist').click({ force: true });\ncy.url().should('eq', Cypress.config().baseUrl + '/admin');",
              "err": {},
              "uuid": "a70dd51b-eaf1-4192-8943-c2d18da7264e",
              "parentUUID": "56700147-a83f-4bb5-8da3-354eabda13b6",
              "isHook": false,
              "skipped": true
            },
            {
              "title": "Verify back button in Student feature",
              "fullTitle": "Admin feature Test Verify back button in Student feature",
              "timedOut": null,
              "duration": 0,
              "state": "skipped",
              "speed": null,
              "pass": false,
              "fail": false,
              "pending": false,
              "context": null,
              "code": "cy.visit('/admin');\ncy.get('a[href=\"/ctng4/admin/student/add\"]').click();\ncy.url().should('eq', Cypress.config().baseUrl + '/admin/student/add');\ncy.click_Back_Button();\ncy.url().should('eq', Cypress.config().baseUrl + '/admin');\ncy.get('a[href=\"/ctng4/admin/student/manage\"]').click();\ncy.url().should('eq', Cypress.config().baseUrl + '/admin/student/manage');\ncy.get('a:contains(Enrol New Student)').click();\ncy.url().should('eq', Cypress.config().baseUrl + '/admin/student/add');\ncy.click_Back_Button();\ncy.url().should('eq', Cypress.config().baseUrl + '/admin/student/manage');\ncy.click_Back_Button();\ncy.url().should('eq', Cypress.config().baseUrl + '/admin');",
              "err": {},
              "uuid": "97df7a51-ca0a-4d95-abbf-c1f1b391fcd7",
              "parentUUID": "56700147-a83f-4bb5-8da3-354eabda13b6",
              "isHook": false,
              "skipped": true
            },
            {
              "title": "Verify back button in Report feature",
              "fullTitle": "Admin feature Test Verify back button in Report feature",
              "timedOut": null,
              "duration": 0,
              "state": "skipped",
              "speed": null,
              "pass": false,
              "fail": false,
              "pending": false,
              "context": null,
              "code": "cy.visit('/admin');\ncy.get('a[href=\"/ctng4/admin/report/add\"]').click({ force: true });\ncy.url().should('eq', Cypress.config().baseUrl + '/admin/report/add');\ncy.click_Back_Button();\ncy.url().should('eq', Cypress.config().baseUrl + '/admin');\ncy.get('a[href=\"/ctng4/admin/report/manage\"]').click({ force: true });\ncy.url().should('eq', Cypress.config().baseUrl + '/admin/report/manage');\ncy.get('a:contains(Upload New report)').click({ force: true });\ncy.url().should('eq', Cypress.config().baseUrl + '/admin/report/add');\ncy.click_Back_Button();\ncy.contains(Cypress.env('Report')).click({ force: true });\ncy.url().should('eq', Cypress.config().baseUrl + '/admin/report/manage/edit');\ncy.click_Back_Button();\ncy.url().should('eq', Cypress.config().baseUrl + '/admin/report/manage');\ncy.click_Back_Button();\ncy.url().should('eq', Cypress.config().baseUrl + '/admin');",
              "err": {},
              "uuid": "33384dce-f709-4a9a-ac2c-25582a7622d9",
              "parentUUID": "56700147-a83f-4bb5-8da3-354eabda13b6",
              "isHook": false,
              "skipped": true
            },
            {
              "title": "Verify back button in organisation feature",
              "fullTitle": "Admin feature Test Verify back button in organisation feature",
              "timedOut": null,
              "duration": 0,
              "state": "skipped",
              "speed": null,
              "pass": false,
              "fail": false,
              "pending": false,
              "context": null,
              "code": "cy.visit('/admin');\ncy.get('a[href=\"/ctng4/admin/org/add\"]').click();\ncy.url().should('eq', Cypress.config().baseUrl + '/admin/org/add');\ncy.click_Back_Button();\ncy.url().should('eq', Cypress.config().baseUrl + '/admin');\ncy.get('a[href=\"/ctng4/admin/org\"]').click();\ncy.url().should('eq', Cypress.config().baseUrl + '/admin/org');\ncy.get('a:contains(Add New Organization)').click();\ncy.url().should('eq', Cypress.config().baseUrl + '/admin/org/add');\ncy.click_Back_Button();\ncy.url().should('eq', Cypress.config().baseUrl + '/admin');",
              "err": {},
              "uuid": "2ba9d920-0526-4acd-8315-7b8577f6c162",
              "parentUUID": "56700147-a83f-4bb5-8da3-354eabda13b6",
              "isHook": false,
              "skipped": true
            }
          ],
          "suites": [],
          "passes": [],
          "failures": [
            "9aa7fdf8-860d-44e5-9001-08a653a4c917"
          ],
          "pending": [],
          "skipped": [
            "b4954730-cac0-40f6-a92e-ef3d19e4f968",
            "57780290-1c7d-4731-a5b1-0d4d9ae7b80e",
            "159ec326-fdf5-44d4-a94a-7d0184d4a4e2",
            "5c60ef85-6dac-465a-a7ad-c6751793b9d1",
            "7d4e9ec7-41cd-4043-bc29-e87ec8acf286",
            "511559bd-b80a-4415-9cfd-412457439e77",
            "05c04ad7-3708-4ba9-ab01-f9abfab1521c",
            "c7c9c918-be65-4351-bb12-07caee401aa3",
            "defab0dc-d511-4fd8-9c34-1f41bc3577ac",
            "c094b86f-79f9-49d6-8c79-570b777dced0",
            "c7f13417-425d-4b1a-88ad-f080548e0ef9",
            "c7fe8af6-7244-477f-89c7-05b08fa91d26",
            "1186508d-9c08-41c6-89a7-d345c3ebd508",
            "7dfa297d-fb82-4ea2-897b-a506bf6365a6",
            "adf199c8-0f6a-4d7e-aa12-d74e74fc9df2",
            "6fbad3f5-d2d3-4844-8def-e5e28a4fb864",
            "c7ef54fe-fd81-43b7-9cb7-4a5771663fa4",
            "ae793d52-83e7-4bbb-9ddc-225f2dee9519",
            "70b6f016-dc54-479a-b51c-7f9c381ee1f6",
            "704465b5-1613-4972-ab19-a4f01121a6ec",
            "8be24375-5bcc-415e-a4ba-76ea2d291b91",
            "9dfc894a-8e15-4d2d-a8c4-576be3376526",
            "965a2751-34c2-45c2-8cc7-89c5c215d940",
            "89471209-4d64-4292-b840-574b43e509f9",
            "c4441330-bd5c-40e1-b1d6-2060c93447d7",
            "4d2110af-7495-4742-97fd-a19088589683",
            "67a40e3b-3ea9-4902-9046-f5ee101bbf54",
            "beb1f27c-59b4-41b0-ab50-a198dd18433b",
            "c2851f7c-da6b-4f5a-8216-892557760d4c",
            "6380a6f0-d0cc-44ef-becb-bf78f5592132",
            "128335f9-95cc-4b21-aeb9-315fe5aec4b3",
            "7f3286fe-01e7-44d7-bc0f-dd78aa2d9ed3",
            "dc675495-e1c9-4a6c-80df-55bf266dcfe5",
            "5fe03646-c4fd-46b9-a207-f44bc0fa4ef2",
            "a363e601-26d1-4a01-b28e-4006ad9c8e82",
            "e434028b-57f4-4722-a842-ed521d74c799",
            "13d3a46c-6a98-4334-930e-711c4c44b32c",
            "b1fefdd8-cf6b-456e-bd50-c4c23fe2d6b1",
            "9b7dc68d-1efe-4451-b071-95b8282e1514",
            "10e17192-e725-4acc-bbee-7d6daa234475",
            "76c4e715-c75d-4903-a4b6-e3bcfea10db1",
            "b43c97e2-79e2-4dae-a749-dc8831ed65e6",
            "9cfa76eb-9faf-4ed1-bb9d-16737db8014f",
            "2b4c30ac-e131-45bc-a7a2-1b1d9ae9dce6",
            "09db633e-933a-477f-a7e8-0c4d84c90e9a",
            "f563d34b-38a9-4313-8d20-f351c416464b",
            "63747f0d-66e8-4421-8ebb-af983d45a2e2",
            "c66ebf1f-3bb5-4863-910a-4d43f0fe3220",
            "2e730f8e-d664-4a2c-936f-3b77974cf84e",
            "cad33a7e-bac2-483d-8b15-d503daf0d81e",
            "8a3e3e7c-566b-4592-93ad-cbe1c17439e3",
            "13b90425-424b-48c7-a7db-fbd538289617",
            "f936264e-9eec-4454-9422-355df1514ae2",
            "26a8486b-84be-46d4-85aa-965600cc5689",
            "bf48c355-ca17-486d-b7b8-49d1a747a861",
            "323948cb-7438-497b-b992-adcb27c2fcba",
            "d7cf3f4e-6295-4fa3-8466-9aab75f98526",
            "d3c091cd-8324-4053-be48-f96203665941",
            "a70dd51b-eaf1-4192-8943-c2d18da7264e",
            "97df7a51-ca0a-4d95-abbf-c1f1b391fcd7",
            "33384dce-f709-4a9a-ac2c-25582a7622d9",
            "2ba9d920-0526-4acd-8315-7b8577f6c162"
          ],
          "duration": 61332,
          "root": false,
          "rootEmpty": false,
          "_timeout": 2000
        }
      ],
      "passes": [],
      "failures": [],
      "pending": [],
      "skipped": [],
      "duration": 0,
      "root": true,
      "rootEmpty": true,
      "_timeout": 2000
    }
  ],
  "meta": {
    "mocha": {
      "version": "7.0.1"
    },
    "mochawesome": {
      "options": {
        "quiet": false,
        "reportFilename": "mochawesome",
        "saveHtml": false,
        "saveJson": true,
        "consoleReporter": "spec",
        "useInlineDiffs": false,
        "code": true
      },
      "version": "7.1.3"
    },
    "marge": {
      "options": {
        "id": "default",
        "reportDir": "cypress/reports/mocha",
        "charts": true,
        "reportPageTitle": "Campus Track Test Reporter-svc",
        "inlineAssets": true,
        "quite": true,
        "overwrite": false,
        "html": false,
        "json": true
      },
      "version": "6.2.0"
    }
  }
}