{
  "stats": {
    "suites": 1,
    "tests": 1,
    "passes": 0,
    "pending": 0,
    "failures": 1,
    "start": "2023-08-08T09:54:06.848Z",
    "end": "2023-08-08T09:55:14.893Z",
    "duration": 68045,
    "testsRegistered": 21,
    "passPercent": 0,
    "pendingPercent": 0,
    "other": 0,
    "hasOther": false,
    "skipped": 20,
    "hasSkipped": true
  },
  "results": [
    {
      "uuid": "071dc07e-ecc5-4329-8580-9e2e31461d97",
      "title": "",
      "fullFile": "cypress\\e2e\\accounting.spec.cy.ts",
      "file": "cypress\\e2e\\accounting.spec.cy.ts",
      "beforeHooks": [],
      "afterHooks": [],
      "tests": [],
      "suites": [
        {
          "uuid": "0a879cd3-1d40-4c73-a2f2-2ed64508fb1e",
          "title": "accounting feature Test",
          "fullFile": "",
          "file": "",
          "beforeHooks": [],
          "afterHooks": [],
          "tests": [
            {
              "title": "When user click on accounting tab,should navigate to accounting page successfully ",
              "fullTitle": "accounting feature Test When user click on accounting tab,should navigate to accounting page successfully ",
              "timedOut": null,
              "duration": 66527,
              "state": "failed",
              "speed": null,
              "pass": false,
              "fail": true,
              "pending": false,
              "context": null,
              "code": "cy.visit('/accounting');\ncy.url().should('include', '/accounting');\ncy.get('li:contains(Action Links)').should('be.visible');\ncy.get('span:contains(Chart of Accounts)').should('be.visible').siblings().children().children('a[href=\"/ctng4/accounting/coa\"]').should('exist');\ncy.get('span:contains(Voucher)').should('be.visible').siblings().children().children('a[href=\"/ctng4/accounting/manageVoucher\"]').should('exist');\ncy.get('span:contains(Voucher)').should('be.visible').siblings().children().next().children('a[href=\"/ctng4/accounting/addVoucher\"]').should('exist');\ncy.get('li:contains(Accounting Report)').should('be.visible').next().children('a:contains(Expense Report )').should('exist');\ncy.get('span:contains(Recent Reports)').should('be.visible');\ncy.get('span:contains(Notifications)').should('be.visible').parent().next().children().children().children().children().children('thead').children().find('th:contains(Date)').should('be.visible').next('th:contains(Description)').should('be.visible').next('th:contains(Action)').should('be.visible');\ncy.get('span:contains( Monthwise Expenses)').should('be.visible');\ncy.get('span:contains( Scheduled Jobs)').should('be.visible').parent().siblings().find('thead').within(function () {\n    cy.get('th').eq(0).should('contain', '');\n    cy.get('th').eq(1).should('contain', 'Date');\n    cy.get('th').eq(2).should('contain', 'Job');\n    cy.get('th').eq(3).should('contain', 'Action');\n    cy.get('th').eq(4).should('contain', 'Status');\n});\ncy.get('span:contains(Monthwise Expenses Summary Chart across Institutes)').should('be.visible');\ncy.get('span:contains( Yearwise Expenses across Institutes)').should('be.visible');\ncy.get('span:contains(Monthwise  Departmental Expenses of an Institute)').should('be.visible');\ncy.get('span:contains( Status of Submitted and Pending Reports across Institutes )').should('be.visible');\ncy.get('span:contains( Assets and Liabilities of an Institute)').should('be.visible');\ncy.get('span:contains( Assets and Liabilities across Institutes)').should('be.visible');\ncy.get('span:contains( Outstanding Reimbursements across Institutes)').should('be.visible');",
              "err": {
                "message": "CypressError: Timed out after waiting `60000ms` for your remote page to load.\n\nYour page did not fire its `load` event within `60000ms`.\n\nYou can try increasing the `pageLoadTimeout` value in `cypress.config.ts` to wait longer.\n\nBrowsers will not fire the `load` event until all stylesheets and scripts are done downloading.\n\nWhen this `load` event occurs, Cypress will continue running commands.\n\nThis error occurred while creating the session. Because the session setup failed, we failed the test.\n\nBecause this error occurred during a `before each` hook we are skipping the remaining tests in the current suite: `accounting feature Test`",
                "estack": "CypressError: Timed out after waiting `60000ms` for your remote page to load.\n\nYour page did not fire its `load` event within `60000ms`.\n\nYou can try increasing the `pageLoadTimeout` value in `cypress.config.ts` to wait longer.\n\nBrowsers will not fire the `load` event until all stylesheets and scripts are done downloading.\n\nWhen this `load` event occurs, Cypress will continue running commands.\n\nThis error occurred while creating the session. Because the session setup failed, we failed the test.\n\nBecause this error occurred during a `before each` hook we are skipping the remaining tests in the current suite: `accounting feature Test`\n    at timedOutWaitingForPageLoad (https://svc.campustrack.net/__cypress/runner/cypress_runner.js:146720:72)\n    at <unknown> (https://svc.campustrack.net/__cypress/runner/cypress_runner.js:147694:16)\n    at tryCatcher (https://svc.campustrack.net/__cypress/runner/cypress_runner.js:18744:23)\n    at <unknown> (https://svc.campustrack.net/__cypress/runner/cypress_runner.js:13866:41)\n    at tryCatcher (https://svc.campustrack.net/__cypress/runner/cypress_runner.js:18744:23)\n    at Promise._settlePromiseFromHandler (https://svc.campustrack.net/__cypress/runner/cypress_runner.js:16679:31)\n    at Promise._settlePromise (https://svc.campustrack.net/__cypress/runner/cypress_runner.js:16736:18)\n    at Promise._settlePromise0 (https://svc.campustrack.net/__cypress/runner/cypress_runner.js:16781:10)\n    at Promise._settlePromises (https://svc.campustrack.net/__cypress/runner/cypress_runner.js:16857:18)\n    at _drainQueueStep (https://svc.campustrack.net/__cypress/runner/cypress_runner.js:13451:12)\n    at _drainQueue (https://svc.campustrack.net/__cypress/runner/cypress_runner.js:13444:9)\n    at ../../node_modules/bluebird/js/release/async.js.Async._drainQueues (https://svc.campustrack.net/__cypress/runner/cypress_runner.js:13460:5)\n    at Async.drainQueues (https://svc.campustrack.net/__cypress/runner/cypress_runner.js:13330:14)\nFrom Your Spec Code:\n    at Object.eval [as setup] (webpack:///./cypress/support/commands.ts:158:0)",
                "diff": null
              },
              "uuid": "44895587-4069-4727-9346-fe81ee131829",
              "parentUUID": "0a879cd3-1d40-4c73-a2f2-2ed64508fb1e",
              "isHook": false,
              "skipped": false
            },
            {
              "title": "when user click on COA manage link should navigate to coa page",
              "fullTitle": "accounting feature Test when user click on COA manage link should navigate to coa page",
              "timedOut": null,
              "duration": 0,
              "state": "skipped",
              "speed": null,
              "pass": false,
              "fail": false,
              "pending": false,
              "context": null,
              "code": "cy.visit('/accounting');\ncy.get('a[href=\"/ctng4/accounting/coa\"]').click();\ncy.url().should('include', '/accounting/coa');\ncy.get('i[class=\"fa fa-angle-double-left\"]').should('exist');\ncy.get('i[class=\"fa fa-close\"]').should('exist');\ncy.get('span:contains(Add Title)').should('be.visible').next().children('button[title=\"Collapse All\"]').should('exist').next('button[title=\"Expand All\"]').should('exist');",
              "err": {},
              "uuid": "0cd4e25c-7f41-4064-826a-f4bec008cdf0",
              "parentUUID": "0a879cd3-1d40-4c73-a2f2-2ed64508fb1e",
              "isHook": false,
              "skipped": true
            },
            {
              "title": "when user click on Capital should navigate to capital details ",
              "fullTitle": "accounting feature Test when user click on Capital should navigate to capital details ",
              "timedOut": null,
              "duration": 0,
              "state": "skipped",
              "speed": null,
              "pass": false,
              "fail": false,
              "pending": false,
              "context": null,
              "code": "cy.visit('/accounting');\ncy.get('a[href=\"/ctng4/accounting/coa\"]').click();\ncy.get('span:contains(Capital)').prev().children('i[class=\"fa fa-chevron-right fs-4 btn btn-xs py-7\"]').click();\ncy.get('tabset').children('ul').find('span:contains(Capital)').should('exist').parents('ul').siblings().find('i[class=\"fa fa-print\"]').should('exist');\ncy.get('span:contains(Capital)').should('be.visible').prev().children('i[class=\"fa fa-chevron-down fs-4 btn btn-xs\"]').should('exist');",
              "err": {},
              "uuid": "6b3fc5c6-1443-4ed6-b416-24443b936f25",
              "parentUUID": "0a879cd3-1d40-4c73-a2f2-2ed64508fb1e",
              "isHook": false,
              "skipped": true
            },
            {
              "title": "when user click on liabilities should navigate to liabilities details ",
              "fullTitle": "accounting feature Test when user click on liabilities should navigate to liabilities details ",
              "timedOut": null,
              "duration": 0,
              "state": "skipped",
              "speed": null,
              "pass": false,
              "fail": false,
              "pending": false,
              "context": null,
              "code": "cy.visit('/accounting');\ncy.get('a[href=\"/ctng4/accounting/coa\"]').click();\ncy.get('span:contains(Liabilities)').prev().children('i[class=\"fa fa-chevron-right fs-4 btn btn-xs py-7\"]').click();\ncy.get('tabset').children('ul').find('span:contains(Liabilities)').should('exist').parents('ul').siblings().find('i[class=\"fa fa-print\"]').should('exist');\ncy.get('span:contains(Liabilities)').should('be.visible').prev().children('i[class=\"fa fa-chevron-down fs-4 btn btn-xs\"]').should('exist');",
              "err": {},
              "uuid": "be8772b5-afeb-428a-98bb-eccd379e31b9",
              "parentUUID": "0a879cd3-1d40-4c73-a2f2-2ed64508fb1e",
              "isHook": false,
              "skipped": true
            },
            {
              "title": "when user click on Expenses should navigate to Expenses details ",
              "fullTitle": "accounting feature Test when user click on Expenses should navigate to Expenses details ",
              "timedOut": null,
              "duration": 0,
              "state": "skipped",
              "speed": null,
              "pass": false,
              "fail": false,
              "pending": false,
              "context": null,
              "code": "cy.visit('/accounting');\ncy.get('a[href=\"/ctng4/accounting/coa\"]').click();\ncy.get('span:contains(Expenses)').prev().children('i[class=\"fa fa-chevron-right fs-4 btn btn-xs py-7\"]').click();\ncy.get('tabset').children('ul').find('span:contains(Expenses)').should('exist').parents('ul').siblings().find('i[class=\"fa fa-print\"]').should('exist');\ncy.get('span:contains(Expenses)').should('be.visible').prev().children('i[class=\"fa fa-chevron-down fs-4 btn btn-xs\"]').should('exist');",
              "err": {},
              "uuid": "84e49ab6-757f-4e92-8f7c-a8ee302bc5fd",
              "parentUUID": "0a879cd3-1d40-4c73-a2f2-2ed64508fb1e",
              "isHook": false,
              "skipped": true
            },
            {
              "title": "when user click on Assets should navigate to Assetss details ",
              "fullTitle": "accounting feature Test when user click on Assets should navigate to Assetss details ",
              "timedOut": null,
              "duration": 0,
              "state": "skipped",
              "speed": null,
              "pass": false,
              "fail": false,
              "pending": false,
              "context": null,
              "code": "cy.visit('/accounting');\ncy.get('a[href=\"/ctng4/accounting/coa\"]').click();\ncy.get('span:contains(Assets)').prev().children('i[class=\"fa fa-chevron-right fs-4 btn btn-xs py-7\"]').click();\ncy.get('tabset').children('ul').find('span:contains(Assets)').should('exist').parents('ul').siblings().find('i[class=\"fa fa-print\"]').should('exist');\ncy.get('span:contains(Assets)').should('be.visible').prev().children('i[class=\"fa fa-chevron-down fs-4 btn btn-xs\"]').should('exist');",
              "err": {},
              "uuid": "660f3aa4-dea2-49c3-8fd2-21b6a347be32",
              "parentUUID": "0a879cd3-1d40-4c73-a2f2-2ed64508fb1e",
              "isHook": false,
              "skipped": true
            },
            {
              "title": "when user click on Revenue should navigate to Revenue details ",
              "fullTitle": "accounting feature Test when user click on Revenue should navigate to Revenue details ",
              "timedOut": null,
              "duration": 0,
              "state": "skipped",
              "speed": null,
              "pass": false,
              "fail": false,
              "pending": false,
              "context": null,
              "code": "cy.visit('/accounting');\ncy.get('a[href=\"/ctng4/accounting/coa\"]').click();\ncy.get('span:contains(Revenue)').prev().children('i[class=\"fa fa-chevron-right fs-4 btn btn-xs py-7\"]').click();\ncy.get('tabset').children('ul').find('span:contains(Revenue)').should('exist').parents('ul').siblings().find('i[class=\"fa fa-print\"]').should('exist');\ncy.get('span:contains(Revenue)').should('be.visible').prev().children('i[class=\"fa fa-chevron-down fs-4 btn btn-xs\"]').should('exist');",
              "err": {},
              "uuid": "09f8ed9c-f86d-49fa-a0fa-896974e1d3a8",
              "parentUUID": "0a879cd3-1d40-4c73-a2f2-2ed64508fb1e",
              "isHook": false,
              "skipped": true
            },
            {
              "title": "when user click on Add folder icon in Chart Of Accounts, new folder should get added ",
              "fullTitle": "accounting feature Test when user click on Add folder icon in Chart Of Accounts, new folder should get added ",
              "timedOut": null,
              "duration": 0,
              "state": "skipped",
              "speed": null,
              "pass": false,
              "fail": false,
              "pending": false,
              "context": null,
              "code": "cy.visit('/accounting');\ncy.get('a[href=\"/ctng4/accounting/coa\"]').click();\ncy.get('span:contains(Revenue)').next().find('button[title=\"Add Folder\"]').click({ force: true });\ncy.get('span:contains(Revenue)').prev().children('i[class=\"fa fa-chevron-right fs-4 btn btn-xs py-7\"]').click();\ncy.get('span:contains(New Node)').should('exist').prev().children('i[class=\"fa fa-chevron-right fs-4 btn btn-xs py-7\"]').should('exist');\ncy.get('span:contains(New Node)').next().find('i[class=\"fa fa-trash-o\"]').click({ force: true });",
              "err": {},
              "uuid": "f12cda2c-4b5d-4c83-ad8b-4c25192699d1",
              "parentUUID": "0a879cd3-1d40-4c73-a2f2-2ed64508fb1e",
              "isHook": false,
              "skipped": true
            },
            {
              "title": "when user click on manage Voucher link should navigate to manage Voucher page",
              "fullTitle": "accounting feature Test when user click on manage Voucher link should navigate to manage Voucher page",
              "timedOut": null,
              "duration": 0,
              "state": "skipped",
              "speed": null,
              "pass": false,
              "fail": false,
              "pending": false,
              "context": null,
              "code": "cy.visit('/accounting');\ncy.get('a[href=\"/ctng4/accounting/manageVoucher\"]').click();\ncy.url().should('include', '/accounting/manageVoucher');\ncy.get('h3').should('have.length', 1).should('contain.text', 'Accounting').should('contain.text', 'Voucher').should('contain.text', 'Manage');\ncy.get('thead tr th').should('have.length', 8).each(function (th, index) { return cy.wrap(th).should('have.text', ['', 'Date', 'Voucher No', 'Ref No', 'Type', 'Amount', 'Description', 'Actions'][index]); });\ncy.get('input[placeholder=\"Search\"]').should('exist').parent().next().children('i[class=\"fa fa-search\"]').should('exist');",
              "err": {},
              "uuid": "42da7cf4-be1e-44a1-8b3b-2460591db3fe",
              "parentUUID": "0a879cd3-1d40-4c73-a2f2-2ed64508fb1e",
              "isHook": false,
              "skipped": true
            },
            {
              "title": "when user click on add Voucher link should navigate to voucher add page",
              "fullTitle": "accounting feature Test when user click on add Voucher link should navigate to voucher add page",
              "timedOut": null,
              "duration": 0,
              "state": "skipped",
              "speed": null,
              "pass": false,
              "fail": false,
              "pending": false,
              "context": null,
              "code": "cy.visit('/accounting');\ncy.get('a[href=\"/ctng4/accounting/addVoucher\"]').click();\ncy.url().should('include', '/accounting/addVoucher');\ncy.get('h3').should('have.length', 1).should('contain.text', 'Accounting').should('contain.text', 'Voucher').should('contain.text', 'Add');\ncy.get('span:contains(Voucher)').should('be.visible');\ncy.get('select[name=\"voucherType\"]').should('exist').find('option').should('have.length', 2).then(function (options) {\n    var optionValues = ['--Select--', 'Expense'];\n    options.each(function (i, option) {\n        expect(option.text).to.equal(optionValues[i]);\n    });\n});\ncy.get('input[placeholder=\"Ref No(optional)\"]').should('exist');\ncy.get('button:contains(Generate)').should('exist');\ncy.get('i[class=\"glyphicon glyphicon-minus\"]').should('exist').parents('span').next('input[name=\"receiptDate\"]').should('exist').next().find('i[class=\"glyphicon glyphicon-plus\"]').should('exist');\n// cy.get('input[placeholder=\"Amount\"]').should('exist')\ncy.get('input[placeholder=\"Description\"]').should('exist');\ncy.get('td:contains(To)').should('be.visible').next('td:contains(By)').should('be.visible');\ncy.get('table[class=\"table table-bordered\"]').children('tbody').find('tr').eq(1).last().find('input[placeholder=\"ledger\"]').should('exist').parent().prev().find('i[class=\"fa fa-minus-circle pull-left\"]').should('exist').parents('td').next().next().children('input[placeholder=\"amount\"]').should('exist').parent().next().find('i[class=\"fa fa-plus-circle\"]').should('exist');\ncy.get('table[class=\"table table-bordered\"]').children('tbody').find('tr').eq(1).first().find('input[placeholder=\"ledger\"]').should('exist').parent().prev().find('i[class=\"fa fa-minus-circle pull-left\"]').should('exist').parents('td').next().next().children('input[placeholder=\"amount\"]').should('exist').parent().next().find('i[class=\"fa fa-plus-circle\"]').should('exist');\n//cy.get('input[ng-reflect-typeahead=\"cash,cheque\"]').should('exist').parent().prev().find('i[class=\"fa fa-minus-circle pull-left\"]').should('exist').parents('td').next().next().children('input[placeholder=\"amount\"]').should('exist').parent().next().find('i[class=\"fa fa-plus-circle\"]').should('exist')\n//cy.get('input[ng-reflect-typeahead=\"bsnl,water,electricity,station\"]').should('exist').parent().prev().find('i[class=\"fa fa-minus-circle pull-left\"]').should('exist').parents('td').next().next().children('input[placeholder=\"amount\"]').should('exist').parent().next().find('i[class=\"fa fa-plus-circle\"]').should('exist')\n//cy.get('input[ng-reflect-typeahead=\"bsnl,water,electricity,station\"]').should('exist').parents('td').next().children('input[placeholder=\"value\"]').should('exist').next().children('i[class=\"fa fa-plus-circle\"]').should('exist')\ncy.get('textarea[class=\"ace_text-input\"]').should('exist');\ncy.get('textarea[class=\"ace_text-input\"]').parent().parents('div').children('div[class=\"btn-group\"]').should('exist');\ncy.get('button:contains(Clear)').should('be.enabled').should('exist');",
              "err": {},
              "uuid": "079621dd-3d7c-4b04-8ec6-6c4485608379",
              "parentUUID": "0a879cd3-1d40-4c73-a2f2-2ed64508fb1e",
              "isHook": false,
              "skipped": true
            },
            {
              "title": "verify the plus and minus circle icon in the To section",
              "fullTitle": "accounting feature Test verify the plus and minus circle icon in the To section",
              "timedOut": null,
              "duration": 0,
              "state": "skipped",
              "speed": null,
              "pass": false,
              "fail": false,
              "pending": false,
              "context": null,
              "code": "cy.visit('/accounting');\ncy.get('a[href=\"/ctng4/accounting/addVoucher\"]').click();\ncy.get('table[class=\"table table-bordered\"]').children('tbody').children('tr').eq(1).children('td').eq(0).find('input[placeholder=\"ledger\"]').parent().next().next().find('i[class=\"fa fa-plus-circle\"]').click().screenshot().parent().parent().parent().first().find('i[class=\"fa fa-minus-circle pull-left\"]').click();\ncy.screenshot();",
              "err": {},
              "uuid": "d79caa4a-9b9a-4771-87a4-a7c60681ae26",
              "parentUUID": "0a879cd3-1d40-4c73-a2f2-2ed64508fb1e",
              "isHook": false,
              "skipped": true
            },
            {
              "title": "verify the plus and minus circle icon in the By section",
              "fullTitle": "accounting feature Test verify the plus and minus circle icon in the By section",
              "timedOut": null,
              "duration": 0,
              "state": "skipped",
              "speed": null,
              "pass": false,
              "fail": false,
              "pending": false,
              "context": null,
              "code": "cy.visit('/accounting');\ncy.get('a[href=\"/ctng4/accounting/addVoucher\"]').click();\ncy.get('table[class=\"table table-bordered\"]').children('tbody').children('tr').eq(1).children('td').eq(1).find('input[placeholder=\"ledger\"]').parent().next().next().find('i[class=\"fa fa-plus-circle\"]').click({ multiple: true }).screenshot().parent().parent().parent().first().find('i[class=\"fa fa-minus-circle pull-left\"]').click({ multiple: true });\ncy.screenshot();",
              "err": {},
              "uuid": "5d672f04-5a9f-48f0-9837-c9ae8c08b21f",
              "parentUUID": "0a879cd3-1d40-4c73-a2f2-2ed64508fb1e",
              "isHook": false,
              "skipped": true
            },
            {
              "title": "When the user click on the insert image button ,insert media popup should open",
              "fullTitle": "accounting feature Test When the user click on the insert image button ,insert media popup should open",
              "timedOut": null,
              "duration": 0,
              "state": "skipped",
              "speed": null,
              "pass": false,
              "fail": false,
              "pending": false,
              "context": null,
              "code": "cy.visit('/accounting');\ncy.get('a[href=\"/ctng4/accounting/addVoucher\"]').click();\ncy.get('button[title=\"Insert Image\"]').click();\ncy.window().then(function (win) { cy.stub(win, 'alert').as('popup'); });\ncy.get('h4:contains(Insert Media)').should('be.visible');\ncy.get('ul').find('span:contains(Upload)').click();\ncy.get('p:contains(File size should not exceed 500KB)').should('be.visible').next('input[id=\"file\"]').should('exist').next().children('button:contains(Upload To Vault)').should('be.enabled').should('exist');\ncy.get('input[placeholder=\"Search\"]').should('exist').parent().next().children('i[class=\"fa fa-search\"]').should('exist');\ncy.get('ul').find('span:contains(Draw)').click();\ncy.get('span:contains(Size : )').should('be.visible').prev().children('select').should('exist').find('option').should('have.length', 3).then(function (options) {\n    var optionValues = ['Small', 'Default', 'Large'];\n    options.each(function (i, option) {\n        expect(option.text).to.equal(optionValues[i]); // Verify that the option values match the expected values\n    });\n});\ncy.get('button:contains(Save To Vault)').should('be.enabled').should('exist');",
              "err": {},
              "uuid": "ac5f0f7c-41f6-4033-aeef-afa3fc876207",
              "parentUUID": "0a879cd3-1d40-4c73-a2f2-2ed64508fb1e",
              "isHook": false,
              "skipped": true
            },
            {
              "title": "When the user click on the insert image button ,insert media popup should open",
              "fullTitle": "accounting feature Test When the user click on the insert image button ,insert media popup should open",
              "timedOut": null,
              "duration": 0,
              "state": "skipped",
              "speed": null,
              "pass": false,
              "fail": false,
              "pending": false,
              "context": null,
              "code": "cy.visit('/accounting');\ncy.get('a[href=\"/ctng4/accounting/addVoucher\"]').click();\ncy.get('button[title=\"Insert Formula\"]').click();\ncy.window().then(function (win) { cy.stub(win, 'alert').as('popup'); });\ncy.get('h4:contains(Insert Formula)').should('be.visible');\ncy.get('button:contains(Insert)').should('be.enabled').should('exist');\ncy.get('span:contains(×)').should('exist');",
              "err": {},
              "uuid": "906d24a0-71f6-4266-bc2b-f2c1ea236204",
              "parentUUID": "0a879cd3-1d40-4c73-a2f2-2ed64508fb1e",
              "isHook": false,
              "skipped": true
            },
            {
              "title": "When user click on category wise Expense Report ,should navigate to category wise Expense Report page and should able to download report",
              "fullTitle": "accounting feature Test When user click on category wise Expense Report ,should navigate to category wise Expense Report page and should able to download report",
              "timedOut": null,
              "duration": 0,
              "state": "skipped",
              "speed": null,
              "pass": false,
              "fail": false,
              "pending": false,
              "context": null,
              "code": "cy.visit('/accounting');\ncy.get('a[href=\"/ctng4/accounting/categorywiseExpenseReport\"]').click();\ncy.url().should('include', '/categorywiseExpenseReport');\ncy.get('h4').should('contain.text', 'AccountingCategorywise Expense Report');\ncy.get('i[class=\"fa fa-print\"]').click();\n//cy.get('i[class=\"fa fa-file-pdf-o\"]').click()\n// cy.verifyDownload('Students Coursewise Breakup.pdf', { contains: true })",
              "err": {},
              "uuid": "d86bf86f-4a98-47bf-a71f-7197a9f9d032",
              "parentUUID": "0a879cd3-1d40-4c73-a2f2-2ed64508fb1e",
              "isHook": false,
              "skipped": true
            },
            {
              "title": "When user click on Datewise Expense Report  ,should navigate to Datewise Expense Report  page and should able to download report",
              "fullTitle": "accounting feature Test When user click on Datewise Expense Report  ,should navigate to Datewise Expense Report  page and should able to download report",
              "timedOut": null,
              "duration": 0,
              "state": "skipped",
              "speed": null,
              "pass": false,
              "fail": false,
              "pending": false,
              "context": null,
              "code": "cy.visit('/accounting');\ncy.url().should('include', '/accounting');\ncy.get('a[href=\"/ctng4/accounting/datewiseExpenseReport\"]').click();\ncy.url().should('include', '/datewiseExpenseReport');\ncy.get('h4').should('contain.text', 'Accounting Datewise Expense Report');\ncy.get('span[class=\"dropdown-down\"]').click();\ncy.get('ul[class=\"item2\"]').within(function () {\n    cy.get('div:contains(Monthly)').prev('input[type=\"checkbox\"]').check({ force: true });\n});\ncy.get('span:contains(--- Select Month ---)').next().children('span[class=\"dropdown-down\"]').click({ force: true });\ncy.get('div:contains(May 2023)').prev('input[type=\"checkbox\"]').check({ force: true });\ncy.get('i[class=\"fa fa-print\"]').click();\ncy.get('i[class=\"fa fa-file-pdf-o\"]').click();\n//cy.verifyDownload('Datewise expense report.pdf', { contains: true })",
              "err": {},
              "uuid": "ded1b273-95d7-4817-9962-b274f0df0970",
              "parentUUID": "0a879cd3-1d40-4c73-a2f2-2ed64508fb1e",
              "isHook": false,
              "skipped": true
            },
            {
              "title": "When user click on Yearwise Expense Report ,should navigate to Yearwise Expense Report page and should able to download report",
              "fullTitle": "accounting feature Test When user click on Yearwise Expense Report ,should navigate to Yearwise Expense Report page and should able to download report",
              "timedOut": null,
              "duration": 0,
              "state": "skipped",
              "speed": null,
              "pass": false,
              "fail": false,
              "pending": false,
              "context": null,
              "code": "cy.visit('/accounting');\ncy.get('a[href=\"/ctng4/accounting/yearwiseExpenseReport\"]').click();\ncy.url().should('include', '/yearwiseExpenseReport');\ncy.get('h4').should('contain.text', 'AccountingYearwise Expense Report');\ncy.get('i[class=\"fa fa-print\"]').click();\n//cy.get('i[class=\"fa fa-file-pdf-o\"]').click()\n// cy.verifyDownload('Students Coursewise Breakup.pdf', { contains: true })\ncy.click_Back_Button();\ncy.url().should('eq', Cypress.config().baseUrl + '/accounting');",
              "err": {},
              "uuid": "326d8989-5ec8-4857-8064-27d6fadc1ea9",
              "parentUUID": "0a879cd3-1d40-4c73-a2f2-2ed64508fb1e",
              "isHook": false,
              "skipped": true
            },
            {
              "title": "When user click on Tally / XML , voucher should download in xml format",
              "fullTitle": "accounting feature Test When user click on Tally / XML , voucher should download in xml format",
              "timedOut": null,
              "duration": 0,
              "state": "skipped",
              "speed": null,
              "pass": false,
              "fail": false,
              "pending": false,
              "context": null,
              "code": "cy.visit('/accounting');\ncy.get('a[href=\"/ctng4/accounting/manageVoucher\"]').click();\ncy.get('td:contains(21/PPEC)').parent().last().find('button[type=\"button\"]').click().next().find('li').contains('Tally / XML').click();\ncy.verifyDownload('Voucher', { contains: true });\ncy.click_Back_Button();\ncy.url().should('eq', Cypress.config().baseUrl + '/accounting');",
              "err": {},
              "uuid": "0162b509-ea8e-478a-80c3-c5c514cf2d23",
              "parentUUID": "0a879cd3-1d40-4c73-a2f2-2ed64508fb1e",
              "isHook": false,
              "skipped": true
            },
            {
              "title": "When user click on Prime Tally / XML , voucher should download in Tally format",
              "fullTitle": "accounting feature Test When user click on Prime Tally / XML , voucher should download in Tally format",
              "timedOut": null,
              "duration": 0,
              "state": "skipped",
              "speed": null,
              "pass": false,
              "fail": false,
              "pending": false,
              "context": null,
              "code": "cy.visit('/accounting');\ncy.get('a[href=\"/ctng4/accounting/manageVoucher\"]').click();\ncy.get('td:contains(21/PPEC)').parent().last().find('button[type=\"button\"]').click().next().find('li:contains(Prime Tally / XML)').click();\ncy.verifyDownload('Voucher-TallyPrime', { contains: true });\ncy.click_Back_Button();\ncy.url().should('eq', Cypress.config().baseUrl + '/accounting');",
              "err": {},
              "uuid": "9b2a0356-9efc-464a-bd14-cece2a4dc604",
              "parentUUID": "0a879cd3-1d40-4c73-a2f2-2ed64508fb1e",
              "isHook": false,
              "skipped": true
            },
            {
              "title": "when user click on schedule reminder icon, schedule reminder pop should open",
              "fullTitle": "accounting feature Test when user click on schedule reminder icon, schedule reminder pop should open",
              "timedOut": null,
              "duration": 0,
              "state": "skipped",
              "speed": null,
              "pass": false,
              "fail": false,
              "pending": false,
              "context": null,
              "code": "cy.visit('/accounting');\ncy.get('a[href=\"/ctng4/accounting/coa\"]').click();\ncy.get('span:contains(Expenses)').prev().children('i[class=\"fa fa-chevron-right fs-4 btn btn-xs py-7\"]').click();\ncy.get('span:contains(Utils)').click().parent().next().children().children().children('ul').first().find('span:contains(Tel and Internet - BSNL)').click();\ncy.get('i[class=\"fa fa-clock-o\"]').click();\ncy.window().then(function (win) { cy.stub(win, 'alert').as('popup'); });\ncy.get('strong:contains(Schedule Reminder)').should('be.visible');\ncy.get('label:contains(Title / Description)').should('be.visible').next('input[placeholder=\"Pay Reminder\"]').should('exist');\ncy.get('label:contains(Schedule)').should('be.visible');\ncy.contains('label', 'Now').find('input[type=\"radio\"]').should('exist');\ncy.contains('label', ' Later ').find('input[type=\"radio\"]').should('exist');\ncy.get('label:contains(Publish to)').should('be.visible').next('input[placeholder=\"Topic Name: North-East\"]').should('exist');\ncy.get('button:contains(Cancel)').should('exist').next('button:contains(Submit)').should('exist');",
              "err": {},
              "uuid": "eaca280d-e859-4902-be38-af5bb52f2229",
              "parentUUID": "0a879cd3-1d40-4c73-a2f2-2ed64508fb1e",
              "isHook": false,
              "skipped": true
            },
            {
              "title": "Verify back button in Voucher feature",
              "fullTitle": "accounting feature Test Verify back button in Voucher feature",
              "timedOut": null,
              "duration": 0,
              "state": "skipped",
              "speed": null,
              "pass": false,
              "fail": false,
              "pending": false,
              "context": null,
              "code": "cy.visit('/accounting');\ncy.get('a[href=\"/ctng4/accounting/addVoucher\"]').click();\ncy.url().should('eq', Cypress.config().baseUrl + '/accounting/addVoucher');\ncy.click_Back_Button();\ncy.url().should('eq', Cypress.config().baseUrl + '/accounting');\ncy.get('a[href=\"/ctng4/accounting/manageVoucher\"]').click();\ncy.url().should('eq', Cypress.config().baseUrl + '/accounting/manageVoucher');\ncy.click_Back_Button();\ncy.url().should('eq', Cypress.config().baseUrl + '/accounting');",
              "err": {},
              "uuid": "5206f529-8156-4cdf-81cc-3d0d8fac3e86",
              "parentUUID": "0a879cd3-1d40-4c73-a2f2-2ed64508fb1e",
              "isHook": false,
              "skipped": true
            }
          ],
          "suites": [],
          "passes": [],
          "failures": [
            "44895587-4069-4727-9346-fe81ee131829"
          ],
          "pending": [],
          "skipped": [
            "0cd4e25c-7f41-4064-826a-f4bec008cdf0",
            "6b3fc5c6-1443-4ed6-b416-24443b936f25",
            "be8772b5-afeb-428a-98bb-eccd379e31b9",
            "84e49ab6-757f-4e92-8f7c-a8ee302bc5fd",
            "660f3aa4-dea2-49c3-8fd2-21b6a347be32",
            "09f8ed9c-f86d-49fa-a0fa-896974e1d3a8",
            "f12cda2c-4b5d-4c83-ad8b-4c25192699d1",
            "42da7cf4-be1e-44a1-8b3b-2460591db3fe",
            "079621dd-3d7c-4b04-8ec6-6c4485608379",
            "d79caa4a-9b9a-4771-87a4-a7c60681ae26",
            "5d672f04-5a9f-48f0-9837-c9ae8c08b21f",
            "ac5f0f7c-41f6-4033-aeef-afa3fc876207",
            "906d24a0-71f6-4266-bc2b-f2c1ea236204",
            "d86bf86f-4a98-47bf-a71f-7197a9f9d032",
            "ded1b273-95d7-4817-9962-b274f0df0970",
            "326d8989-5ec8-4857-8064-27d6fadc1ea9",
            "0162b509-ea8e-478a-80c3-c5c514cf2d23",
            "9b2a0356-9efc-464a-bd14-cece2a4dc604",
            "eaca280d-e859-4902-be38-af5bb52f2229",
            "5206f529-8156-4cdf-81cc-3d0d8fac3e86"
          ],
          "duration": 66527,
          "root": false,
          "rootEmpty": false,
          "_timeout": 2000
        }
      ],
      "passes": [],
      "failures": [],
      "pending": [],
      "skipped": [],
      "duration": 0,
      "root": true,
      "rootEmpty": true,
      "_timeout": 2000
    }
  ],
  "meta": {
    "mocha": {
      "version": "7.0.1"
    },
    "mochawesome": {
      "options": {
        "quiet": false,
        "reportFilename": "mochawesome",
        "saveHtml": false,
        "saveJson": true,
        "consoleReporter": "spec",
        "useInlineDiffs": false,
        "code": true
      },
      "version": "7.1.3"
    },
    "marge": {
      "options": {
        "id": "default",
        "reportDir": "cypress/reports/mocha",
        "charts": true,
        "reportPageTitle": "Campus Track Test Reporter-svc",
        "inlineAssets": true,
        "quite": true,
        "overwrite": false,
        "html": false,
        "json": true
      },
      "version": "6.2.0"
    }
  }
}